Last login: Mon Sep 30 08:23:59 on ttys001
Nathans-MacBook-Pro:~ nrp$ cd desktop
Nathans-MacBook-Pro:desktop nrp$ cd temp
Nathans-MacBook-Pro:temp nrp$ /..
-bash: /..: is a directory
Nathans-MacBook-Pro:temp nrp$ ...
-bash: ...: command not found
Nathans-MacBook-Pro:temp nrp$ //
-bash: //: is a directory
Nathans-MacBook-Pro:temp nrp$ cd -
/Users/nrp/desktop
Nathans-MacBook-Pro:desktop nrp$ cd -
/Users/nrp/desktop/temp
\Nathans-MacBook-Pro:temp nrp$ \cd -
/Users/nrp/desktop
Nathans-MacBook-Pro:desktop nrp$ cd -
/Users/nrp/desktop/temp
Nathans-MacBook-Pro:temp nrp$ cd..
-bash: cd..: command not found
Nathans-MacBook-Pro:temp nrp$ cd...
-bash: cd...: command not found
Nathans-MacBook-Pro:temp nrp$ cd --
Nathans-MacBook-Pro:~ nrp$ ~$ brew -v
-bash: ~$: command not found
Nathans-MacBook-Pro:~ nrp$ /usr/bin/ruby -e "$(curl -fsSL https://raw.githubusercontent.com/Homebrew/install/master/install)"
==> This script will install:
/usr/local/bin/brew
/usr/local/share/doc/homebrew
/usr/local/share/man/man1/brew.1
/usr/local/share/zsh/site-functions/_brew
/usr/local/etc/bash_completion.d/brew
/usr/local/Homebrew
==> The following existing directories will be made group writable:
/usr/local/bin
/usr/local/include
/usr/local/lib
/usr/local/lib/pkgconfig
==> The following existing directories will have their owner set to nrp:
/usr/local/bin
/usr/local/include
/usr/local/lib
/usr/local/lib/pkgconfig
==> The following existing directories will have their group set to admin:
/usr/local/bin
/usr/local/include
/usr/local/lib
/usr/local/lib/pkgconfig
==> The following new directories will be created:
/usr/local/etc
/usr/local/sbin
/usr/local/share
/usr/local/var
/usr/local/opt
/usr/local/share/zsh
/usr/local/share/zsh/site-functions
/usr/local/var/homebrew
/usr/local/var/homebrew/linked
/usr/local/Cellar
/usr/local/Caskroom
/usr/local/Homebrew
/usr/local/Frameworks

Press RETURN to continue or any other key to abort
==> /usr/bin/sudo /bin/chmod u+rwx /usr/local/bin /usr/local/include /usr/local/lib /usr/local/lib/pkgconfig
Password:
==> /usr/bin/sudo /bin/chmod g+rwx /usr/local/bin /usr/local/include /usr/local/lib /usr/local/lib/pkgconfig
==> /usr/bin/sudo /usr/sbin/chown nrp /usr/local/bin /usr/local/include /usr/local/lib /usr/local/lib/pkgconfig
==> /usr/bin/sudo /usr/bin/chgrp admin /usr/local/bin /usr/local/include /usr/local/lib /usr/local/lib/pkgconfig
==> /usr/bin/sudo /bin/mkdir -p /usr/local/etc /usr/local/sbin /usr/local/share /usr/local/var /usr/local/opt /usr/local/share/zsh /usr/local/share/zsh/site-functions /usr/local/var/homebrew /usr/local/var/homebrew/linked /usr/local/Cellar /usr/local/Caskroom /usr/local/Homebrew /usr/local/Frameworks
==> /usr/bin/sudo /bin/chmod g+rwx /usr/local/etc /usr/local/sbin /usr/local/share /usr/local/var /usr/local/opt /usr/local/share/zsh /usr/local/share/zsh/site-functions /usr/local/var/homebrew /usr/local/var/homebrew/linked /usr/local/Cellar /usr/local/Caskroom /usr/local/Homebrew /usr/local/Frameworks
==> /usr/bin/sudo /bin/chmod 755 /usr/local/share/zsh /usr/local/share/zsh/site-functions
==> /usr/bin/sudo /usr/sbin/chown nrp /usr/local/etc /usr/local/sbin /usr/local/share /usr/local/var /usr/local/opt /usr/local/share/zsh /usr/local/share/zsh/site-functions /usr/local/var/homebrew /usr/local/var/homebrew/linked /usr/local/Cellar /usr/local/Caskroom /usr/local/Homebrew /usr/local/Frameworks
==> /usr/bin/sudo /usr/bin/chgrp admin /usr/local/etc /usr/local/sbin /usr/local/share /usr/local/var /usr/local/opt /usr/local/share/zsh /usr/local/share/zsh/site-functions /usr/local/var/homebrew /usr/local/var/homebrew/linked /usr/local/Cellar /usr/local/Caskroom /usr/local/Homebrew /usr/local/Frameworks
==> /usr/bin/sudo /bin/mkdir -p /Users/nrp/Library/Caches/Homebrew
==> /usr/bin/sudo /bin/chmod g+rwx /Users/nrp/Library/Caches/Homebrew
==> /usr/bin/sudo /usr/sbin/chown nrp /Users/nrp/Library/Caches/Homebrew
==> Downloading and installing Homebrew...
remote: Enumerating objects: 42, done.
remote: Counting objects: 100% (42/42), done.
remote: Compressing objects: 100% (41/41), done.
remote: Total 126415 (delta 20), reused 4 (delta 1), pack-reused 126373
Receiving objects: 100% (126415/126415), 30.11 MiB | 4.30 MiB/s, done.
Resolving deltas: 100% (92669/92669), done.
From https://github.com/Homebrew/brew
 * [new branch]      master     -> origin/master
 * [new tag]         0.1        -> 0.1
 * [new tag]         0.2        -> 0.2
 * [new tag]         0.3        -> 0.3
 * [new tag]         0.4        -> 0.4
 * [new tag]         0.5        -> 0.5
 * [new tag]         0.6        -> 0.6
 * [new tag]         0.7        -> 0.7
 * [new tag]         0.7.1      -> 0.7.1
 * [new tag]         0.8        -> 0.8
 * [new tag]         0.8.1      -> 0.8.1
 * [new tag]         0.9        -> 0.9
 * [new tag]         0.9.1      -> 0.9.1
 * [new tag]         0.9.2      -> 0.9.2
 * [new tag]         0.9.3      -> 0.9.3
 * [new tag]         0.9.4      -> 0.9.4
 * [new tag]         0.9.5      -> 0.9.5
 * [new tag]         0.9.8      -> 0.9.8
 * [new tag]         0.9.9      -> 0.9.9
 * [new tag]         1.0.0      -> 1.0.0
 * [new tag]         1.0.1      -> 1.0.1
 * [new tag]         1.0.2      -> 1.0.2
 * [new tag]         1.0.3      -> 1.0.3
 * [new tag]         1.0.4      -> 1.0.4
 * [new tag]         1.0.5      -> 1.0.5
 * [new tag]         1.0.6      -> 1.0.6
 * [new tag]         1.0.7      -> 1.0.7
 * [new tag]         1.0.8      -> 1.0.8
 * [new tag]         1.0.9      -> 1.0.9
 * [new tag]         1.1.0      -> 1.1.0
 * [new tag]         1.1.1      -> 1.1.1
 * [new tag]         1.1.10     -> 1.1.10
 * [new tag]         1.1.11     -> 1.1.11
 * [new tag]         1.1.12     -> 1.1.12
 * [new tag]         1.1.13     -> 1.1.13
 * [new tag]         1.1.2      -> 1.1.2
 * [new tag]         1.1.3      -> 1.1.3
 * [new tag]         1.1.4      -> 1.1.4
 * [new tag]         1.1.5      -> 1.1.5
 * [new tag]         1.1.6      -> 1.1.6
 * [new tag]         1.1.7      -> 1.1.7
 * [new tag]         1.1.8      -> 1.1.8
 * [new tag]         1.1.9      -> 1.1.9
 * [new tag]         1.2.0      -> 1.2.0
 * [new tag]         1.2.1      -> 1.2.1
 * [new tag]         1.2.2      -> 1.2.2
 * [new tag]         1.2.3      -> 1.2.3
 * [new tag]         1.2.4      -> 1.2.4
 * [new tag]         1.2.5      -> 1.2.5
 * [new tag]         1.2.6      -> 1.2.6
 * [new tag]         1.3.0      -> 1.3.0
 * [new tag]         1.3.1      -> 1.3.1
 * [new tag]         1.3.2      -> 1.3.2
 * [new tag]         1.3.3      -> 1.3.3
 * [new tag]         1.3.4      -> 1.3.4
 * [new tag]         1.3.5      -> 1.3.5
 * [new tag]         1.3.6      -> 1.3.6
 * [new tag]         1.3.7      -> 1.3.7
 * [new tag]         1.3.8      -> 1.3.8
 * [new tag]         1.3.9      -> 1.3.9
 * [new tag]         1.4.0      -> 1.4.0
 * [new tag]         1.4.1      -> 1.4.1
 * [new tag]         1.4.2      -> 1.4.2
 * [new tag]         1.4.3      -> 1.4.3
 * [new tag]         1.5.0      -> 1.5.0
 * [new tag]         1.5.1      -> 1.5.1
 * [new tag]         1.5.10     -> 1.5.10
 * [new tag]         1.5.11     -> 1.5.11
 * [new tag]         1.5.12     -> 1.5.12
 * [new tag]         1.5.13     -> 1.5.13
 * [new tag]         1.5.14     -> 1.5.14
 * [new tag]         1.5.2      -> 1.5.2
 * [new tag]         1.5.3      -> 1.5.3
 * [new tag]         1.5.4      -> 1.5.4
 * [new tag]         1.5.5      -> 1.5.5
 * [new tag]         1.5.6      -> 1.5.6
 * [new tag]         1.5.7      -> 1.5.7
 * [new tag]         1.5.8      -> 1.5.8
 * [new tag]         1.5.9      -> 1.5.9
 * [new tag]         1.6.0      -> 1.6.0
 * [new tag]         1.6.1      -> 1.6.1
 * [new tag]         1.6.10     -> 1.6.10
 * [new tag]         1.6.11     -> 1.6.11
 * [new tag]         1.6.12     -> 1.6.12
 * [new tag]         1.6.13     -> 1.6.13
 * [new tag]         1.6.14     -> 1.6.14
 * [new tag]         1.6.15     -> 1.6.15
 * [new tag]         1.6.16     -> 1.6.16
 * [new tag]         1.6.17     -> 1.6.17
 * [new tag]         1.6.2      -> 1.6.2
 * [new tag]         1.6.3      -> 1.6.3
 * [new tag]         1.6.4      -> 1.6.4
 * [new tag]         1.6.5      -> 1.6.5
 * [new tag]         1.6.6      -> 1.6.6
 * [new tag]         1.6.7      -> 1.6.7
 * [new tag]         1.6.8      -> 1.6.8
 * [new tag]         1.6.9      -> 1.6.9
 * [new tag]         1.7.0      -> 1.7.0
 * [new tag]         1.7.1      -> 1.7.1
 * [new tag]         1.7.2      -> 1.7.2
 * [new tag]         1.7.3      -> 1.7.3
 * [new tag]         1.7.4      -> 1.7.4
 * [new tag]         1.7.5      -> 1.7.5
 * [new tag]         1.7.6      -> 1.7.6
 * [new tag]         1.7.7      -> 1.7.7
 * [new tag]         1.8.0      -> 1.8.0
 * [new tag]         1.8.1      -> 1.8.1
 * [new tag]         1.8.2      -> 1.8.2
 * [new tag]         1.8.3      -> 1.8.3
 * [new tag]         1.8.4      -> 1.8.4
 * [new tag]         1.8.5      -> 1.8.5
 * [new tag]         1.8.6      -> 1.8.6
 * [new tag]         1.9.0      -> 1.9.0
 * [new tag]         1.9.1      -> 1.9.1
 * [new tag]         1.9.2      -> 1.9.2
 * [new tag]         1.9.3      -> 1.9.3
 * [new tag]         2.0.0      -> 2.0.0
 * [new tag]         2.0.1      -> 2.0.1
 * [new tag]         2.0.2      -> 2.0.2
 * [new tag]         2.0.3      -> 2.0.3
 * [new tag]         2.0.4      -> 2.0.4
 * [new tag]         2.0.5      -> 2.0.5
 * [new tag]         2.0.6      -> 2.0.6
 * [new tag]         2.1.0      -> 2.1.0
 * [new tag]         2.1.1      -> 2.1.1
 * [new tag]         2.1.10     -> 2.1.10
 * [new tag]         2.1.11     -> 2.1.11
 * [new tag]         2.1.2      -> 2.1.2
 * [new tag]         2.1.3      -> 2.1.3
 * [new tag]         2.1.4      -> 2.1.4
 * [new tag]         2.1.5      -> 2.1.5
 * [new tag]         2.1.6      -> 2.1.6
 * [new tag]         2.1.7      -> 2.1.7
 * [new tag]         2.1.8      -> 2.1.8
 * [new tag]         2.1.9      -> 2.1.9
HEAD is now at 5354ba84e Merge pull request #6508 from dawidd6/default-prefixes
==> Homebrew is run entirely by unpaid volunteers. Please consider donating:
  https://github.com/Homebrew/brew#donations
==> Tapping homebrew/core
Cloning into '/usr/local/Homebrew/Library/Taps/homebrew/homebrew-core'...
remote: Enumerating objects: 5039, done.
remote: Counting objects: 100% (5039/5039), done.
remote: Compressing objects: 100% (4838/4838), done.
remote: Total 5039 (delta 46), reused 565 (delta 10), pack-reused 0
Receiving objects: 100% (5039/5039), 4.03 MiB | 4.43 MiB/s, done.
Resolving deltas: 100% (46/46), done.
Tapped 2 commands and 4827 formulae (5,080 files, 12.5MB).
Already up-to-date.
==> Installation successful!

==> Homebrew has enabled anonymous aggregate formulae and cask analytics.
Read the analytics documentation (and how to opt-out) here:
  https://docs.brew.sh/Analytics

==> Homebrew is run entirely by unpaid volunteers. Please consider donating:
  https://github.com/Homebrew/brew#donations
==> Next steps:
- Run `brew help` to get started
- Further documentation: 
    https://docs.brew.sh
Nathans-MacBook-Pro:~ nrp$ ~$ brew -v
-bash: ~$: command not found
Nathans-MacBook-Pro:~ nrp$ $ brew install wget
-bash: $: command not found
Nathans-MacBook-Pro:~ nrp$ brew -v
Homebrew 2.1.11
Homebrew/homebrew-core (git revision 851c; last commit 2019-09-30)
Nathans-MacBook-Pro:~ nrp$ brew install wget
==> Installing dependencies for wget: gettext, libunistring, libidn2 and openssl@1.1
==> Installing wget dependency: gettext
==> Downloading https://homebrew.bintray.com/bottles/gettext-0.20.1.mojave.bottl
==> Downloading from https://akamai.bintray.com/fa/fa2096f80238b8f4d9f3724d52662
######################################################################## 100.0%
==> Pouring gettext-0.20.1.mojave.bottle.tar.gz
==> Caveats
gettext is keg-only, which means it was not symlinked into /usr/local,
because macOS provides the BSD gettext library & some software gets confused if both are in the library path.

If you need to have gettext first in your PATH run:
  echo 'export PATH="/usr/local/opt/gettext/bin:$PATH"' >> ~/.bash_profile

For compilers to find gettext you may need to set:
  export LDFLAGS="-L/usr/local/opt/gettext/lib"
  export CPPFLAGS="-I/usr/local/opt/gettext/include"

==> Summary
ðŸº  /usr/local/Cellar/gettext/0.20.1: 1,899 files, 18.5MB
==> Installing wget dependency: libunistring
==> Downloading https://homebrew.bintray.com/bottles/libunistring-0.9.10.mojave.
==> Downloading from https://akamai.bintray.com/1d/1d0c8e266acddcebeef3d9f6162d6
######################################################################## 100.0%
==> Pouring libunistring-0.9.10.mojave.bottle.tar.gz
ðŸº  /usr/local/Cellar/libunistring/0.9.10: 54 files, 4.4MB
==> Installing wget dependency: libidn2
==> Downloading https://homebrew.bintray.com/bottles/libidn2-2.2.0_1.mojave.bott
==> Downloading from https://akamai.bintray.com/96/96e9b127a4123a1a4ec67f849467b
######################################################################## 100.0%
==> Pouring libidn2-2.2.0_1.mojave.bottle.tar.gz
ðŸº  /usr/local/Cellar/libidn2/2.2.0_1: 70 files, 700.9KB
==> Installing wget dependency: openssl@1.1
==> Downloading https://homebrew.bintray.com/bottles/openssl@1.1-1.1.1d.mojave.b
==> Downloading from https://akamai.bintray.com/10/104ef018b7bb8fcc49f57e5a60359
######################################################################## 100.0%
==> Pouring openssl@1.1-1.1.1d.mojave.bottle.tar.gz
==> Caveats
A CA file has been bootstrapped using certificates from the system
keychain. To add additional certificates, place .pem files in
  /usr/local/etc/openssl@1.1/certs

and run
  /usr/local/opt/openssl@1.1/bin/c_rehash

openssl@1.1 is keg-only, which means it was not symlinked into /usr/local,
because openssl/libressl is provided by macOS so don't link an incompatible version.

If you need to have openssl@1.1 first in your PATH run:
  echo 'export PATH="/usr/local/opt/openssl@1.1/bin:$PATH"' >> ~/.bash_profile

For compilers to find openssl@1.1 you may need to set:
  export LDFLAGS="-L/usr/local/opt/openssl@1.1/lib"
  export CPPFLAGS="-I/usr/local/opt/openssl@1.1/include"

==> Summary
ðŸº  /usr/local/Cellar/openssl@1.1/1.1.1d: 7,983 files, 17.9MB
==> Installing wget
==> Downloading https://homebrew.bintray.com/bottles/wget-1.20.3_1.mojave.bottle
==> Downloading from https://akamai.bintray.com/9f/9ff925f814c5ef6f742d4a5680da5
######################################################################## 100.0%
==> Pouring wget-1.20.3_1.mojave.bottle.1.tar.gz
ðŸº  /usr/local/Cellar/wget/1.20.3_1: 50 files, 4.0MB
==> Caveats
==> gettext
gettext is keg-only, which means it was not symlinked into /usr/local,
because macOS provides the BSD gettext library & some software gets confused if both are in the library path.

If you need to have gettext first in your PATH run:
  echo 'export PATH="/usr/local/opt/gettext/bin:$PATH"' >> ~/.bash_profile

For compilers to find gettext you may need to set:
  export LDFLAGS="-L/usr/local/opt/gettext/lib"
  export CPPFLAGS="-I/usr/local/opt/gettext/include"

==> openssl@1.1
A CA file has been bootstrapped using certificates from the system
keychain. To add additional certificates, place .pem files in
  /usr/local/etc/openssl@1.1/certs

and run
  /usr/local/opt/openssl@1.1/bin/c_rehash

openssl@1.1 is keg-only, which means it was not symlinked into /usr/local,
because openssl/libressl is provided by macOS so don't link an incompatible version.

If you need to have openssl@1.1 first in your PATH run:
  echo 'export PATH="/usr/local/opt/openssl@1.1/bin:$PATH"' >> ~/.bash_profile

For compilers to find openssl@1.1 you may need to set:
  export LDFLAGS="-L/usr/local/opt/openssl@1.1/lib"
  export CPPFLAGS="-I/usr/local/opt/openssl@1.1/include"

Nathans-MacBook-Pro:~ nrp$ python3 -V
Python 3.7.4
Nathans-MacBook-Pro:~ nrp$ # type this command
Nathans-MacBook-Pro:~ nrp$ cd dojo_asignments
-bash: cd: dojo_asignments: No such file or directory
Nathans-MacBook-Pro:~ nrp$ cd dojo_assignments
-bash: cd: dojo_assignments: No such file or directory
Nathans-MacBook-Pro:~ nrp$ cd DoJo_Assignments
-bash: cd: DoJo_Assignments: No such file or directory
Nathans-MacBook-Pro:~ nrp$ cd desktop
Nathans-MacBook-Pro:desktop nrp$ cd -
/Users/nrp
Nathans-MacBook-Pro:~ nrp$ cd desktop dojo_assignments
Nathans-MacBook-Pro:desktop nrp$ cd -
/Users/nrp
Nathans-MacBook-Pro:~ nrp$ cd desktop/dojo_assignments
Nathans-MacBook-Pro:dojo_assignments nrp$ cd github
Nathans-MacBook-Pro:github nrp$ mkdir Python_Stack
Nathans-MacBook-Pro:github nrp$ mkdir my_environments python flask django
Nathans-MacBook-Pro:github nrp$ cd python_stack
Nathans-MacBook-Pro:python_stack nrp$ mkdir my_environments python flask django
Nathans-MacBook-Pro:python_stack nrp$ cd python
Nathans-MacBook-Pro:python nrp$ mkdir fundimentals OOP
Nathans-MacBook-Pro:python nrp$ cd -
/Users/nrp/desktop/dojo_assignments/github/python_stack
Nathans-MacBook-Pro:python_stack nrp$ cd flask
Nathans-MacBook-Pro:flask nrp$ mkdir flask_fundimentals flask_mysql
Nathans-MacBook-Pro:flask nrp$ cd -
/Users/nrp/desktop/dojo_assignments/github/python_stack
Nathans-MacBook-Pro:python_stack nrp$ cd django
Nathans-MacBook-Pro:django nrp$ mkdir django_intro django_orm django_full_stack
Nathans-MacBook-Pro:django nrp$ cd ---
-bash: cd: --: invalid option
cd: usage: cd [-L|-P] [dir]
Nathans-MacBook-Pro:django nrp$ cd --
Nathans-MacBook-Pro:~ nrp$ cd applications
Nathans-MacBook-Pro:applications nrp$ pip3 install django
Collecting django
  Downloading https://files.pythonhosted.org/packages/94/9f/a56f7893b1280e5019482260e246ab944d54a9a633a01ed04683d9ce5078/Django-2.2.5-py3-none-any.whl (7.5MB)
    100% |â–ˆâ–ˆâ–ˆâ–ˆâ–ˆâ–ˆâ–ˆâ–ˆâ–ˆâ–ˆâ–ˆâ–ˆâ–ˆâ–ˆâ–ˆâ–ˆâ–ˆâ–ˆâ–ˆâ–ˆâ–ˆâ–ˆâ–ˆâ–ˆâ–ˆâ–ˆâ–ˆâ–ˆâ–ˆâ–ˆâ–ˆâ–ˆ| 7.5MB 3.5MB/s 
Collecting sqlparse (from django)
  Downloading https://files.pythonhosted.org/packages/ef/53/900f7d2a54557c6a37886585a91336520e5539e3ae2423ff1102daf4f3a7/sqlparse-0.3.0-py2.py3-none-any.whl
Collecting pytz (from django)
  Downloading https://files.pythonhosted.org/packages/87/76/46d697698a143e05f77bec5a526bf4e56a0be61d63425b68f4ba553b51f2/pytz-2019.2-py2.py3-none-any.whl (508kB)
    100% |â–ˆâ–ˆâ–ˆâ–ˆâ–ˆâ–ˆâ–ˆâ–ˆâ–ˆâ–ˆâ–ˆâ–ˆâ–ˆâ–ˆâ–ˆâ–ˆâ–ˆâ–ˆâ–ˆâ–ˆâ–ˆâ–ˆâ–ˆâ–ˆâ–ˆâ–ˆâ–ˆâ–ˆâ–ˆâ–ˆâ–ˆâ–ˆ| 512kB 7.0MB/s 
Installing collected packages: sqlparse, pytz, django
Successfully installed django-2.2.5 pytz-2019.2 sqlparse-0.3.0
You are using pip version 19.0.3, however version 19.2.3 is available.
You should consider upgrading via the 'pip install --upgrade pip' command.
Nathans-MacBook-Pro:applications nrp$ pip install --upgrade pip
-bash: pip: command not found
Nathans-MacBook-Pro:applications nrp$ pip3 install --upgrade pip
Collecting pip
  Downloading https://files.pythonhosted.org/packages/30/db/9e38760b32e3e7f40cce46dd5fb107b8c73840df38f0046d8e6514e675a1/pip-19.2.3-py2.py3-none-any.whl (1.4MB)
    100% |â–ˆâ–ˆâ–ˆâ–ˆâ–ˆâ–ˆâ–ˆâ–ˆâ–ˆâ–ˆâ–ˆâ–ˆâ–ˆâ–ˆâ–ˆâ–ˆâ–ˆâ–ˆâ–ˆâ–ˆâ–ˆâ–ˆâ–ˆâ–ˆâ–ˆâ–ˆâ–ˆâ–ˆâ–ˆâ–ˆâ–ˆâ–ˆ| 1.4MB 5.7MB/s 
Installing collected packages: pip
  Found existing installation: pip 19.0.3
    Uninstalling pip-19.0.3:
      Successfully uninstalled pip-19.0.3
Successfully installed pip-19.2.3
Nathans-MacBook-Pro:applications nrp$ cd --
Nathans-MacBook-Pro:~ nrp$ cd desktop/dojo_assignments/github/python_stack/my_environments
Nathans-MacBook-Pro:my_environments nrp$ python3 -m venv py3Env
Nathans-MacBook-Pro:my_environments nrp$ source py3Env/bin/activate
(py3Env) Nathans-MacBook-Pro:my_environments nrp$ pip list
Package    Version
---------- -------
Django     2.2.5  
pip        19.2.3 
pytz       2019.2 
setuptools 40.8.0 
sqlparse   0.3.0  
(py3Env) Nathans-MacBook-Pro:my_environments nrp$ pip install flask
Collecting flask
  Downloading https://files.pythonhosted.org/packages/9b/93/628509b8d5dc749656a9641f4caf13540e2cdec85276964ff8f43bbb1d3b/Flask-1.1.1-py2.py3-none-any.whl (94kB)
     |â–ˆâ–ˆâ–ˆâ–ˆâ–ˆâ–ˆâ–ˆâ–ˆâ–ˆâ–ˆâ–ˆâ–ˆâ–ˆâ–ˆâ–ˆâ–ˆâ–ˆâ–ˆâ–ˆâ–ˆâ–ˆâ–ˆâ–ˆâ–ˆâ–ˆâ–ˆâ–ˆâ–ˆâ–ˆâ–ˆâ–ˆâ–ˆ| 102kB 6.6MB/s 
Collecting itsdangerous>=0.24 (from flask)
  Downloading https://files.pythonhosted.org/packages/76/ae/44b03b253d6fade317f32c24d100b3b35c2239807046a4c953c7b89fa49e/itsdangerous-1.1.0-py2.py3-none-any.whl
Collecting Jinja2>=2.10.1 (from flask)
  Downloading https://files.pythonhosted.org/packages/1d/e7/fd8b501e7a6dfe492a433deb7b9d833d39ca74916fa8bc63dd1a4947a671/Jinja2-2.10.1-py2.py3-none-any.whl (124kB)
     |â–ˆâ–ˆâ–ˆâ–ˆâ–ˆâ–ˆâ–ˆâ–ˆâ–ˆâ–ˆâ–ˆâ–ˆâ–ˆâ–ˆâ–ˆâ–ˆâ–ˆâ–ˆâ–ˆâ–ˆâ–ˆâ–ˆâ–ˆâ–ˆâ–ˆâ–ˆâ–ˆâ–ˆâ–ˆâ–ˆâ–ˆâ–ˆ| 133kB 10.1MB/s 
Collecting click>=5.1 (from flask)
  Downloading https://files.pythonhosted.org/packages/fa/37/45185cb5abbc30d7257104c434fe0b07e5a195a6847506c074527aa599ec/Click-7.0-py2.py3-none-any.whl (81kB)
     |â–ˆâ–ˆâ–ˆâ–ˆâ–ˆâ–ˆâ–ˆâ–ˆâ–ˆâ–ˆâ–ˆâ–ˆâ–ˆâ–ˆâ–ˆâ–ˆâ–ˆâ–ˆâ–ˆâ–ˆâ–ˆâ–ˆâ–ˆâ–ˆâ–ˆâ–ˆâ–ˆâ–ˆâ–ˆâ–ˆâ–ˆâ–ˆ| 81kB 18.2MB/s 
Collecting Werkzeug>=0.15 (from flask)
  Downloading https://files.pythonhosted.org/packages/ce/42/3aeda98f96e85fd26180534d36570e4d18108d62ae36f87694b476b83d6f/Werkzeug-0.16.0-py2.py3-none-any.whl (327kB)
     |â–ˆâ–ˆâ–ˆâ–ˆâ–ˆâ–ˆâ–ˆâ–ˆâ–ˆâ–ˆâ–ˆâ–ˆâ–ˆâ–ˆâ–ˆâ–ˆâ–ˆâ–ˆâ–ˆâ–ˆâ–ˆâ–ˆâ–ˆâ–ˆâ–ˆâ–ˆâ–ˆâ–ˆâ–ˆâ–ˆâ–ˆâ–ˆ| 327kB 10.9MB/s 
Collecting MarkupSafe>=0.23 (from Jinja2>=2.10.1->flask)
  Downloading https://files.pythonhosted.org/packages/ce/c6/f000f1af136ef74e4a95e33785921c73595c5390403f102e9b231b065b7a/MarkupSafe-1.1.1-cp37-cp37m-macosx_10_6_intel.whl
Installing collected packages: itsdangerous, MarkupSafe, Jinja2, click, Werkzeug, flask
Successfully installed Jinja2-2.10.1 MarkupSafe-1.1.1 Werkzeug-0.16.0 click-7.0 flask-1.1.1 itsdangerous-1.1.0
(py3Env) Nathans-MacBook-Pro:my_environments nrp$ pip list
Package      Version
------------ -------
Click        7.0    
Django       2.2.5  
Flask        1.1.1  
itsdangerous 1.1.0  
Jinja2       2.10.1 
MarkupSafe   1.1.1  
pip          19.2.3 
pytz         2019.2 
setuptools   40.8.0 
sqlparse     0.3.0  
Werkzeug     0.16.0 
(py3Env) Nathans-MacBook-Pro:my_environments nrp$ deactivate
Nathans-MacBook-Pro:my_environments nrp$ pip3 list
Package      Version
------------ -------
Click        7.0    
Django       2.2.5  
Flask        1.1.1  
itsdangerous 1.1.0  
Jinja2       2.10.1 
MarkupSafe   1.1.1  
pip          19.2.3 
pytz         2019.2 
setuptools   40.8.0 
sqlparse     0.3.0  
Werkzeug     0.16.0 
Nathans-MacBook-Pro:my_environments nrp$ pip3 uninstall django
Uninstalling Django-2.2.5:
  Would remove:
    /Library/Frameworks/Python.framework/Versions/3.7/bin/django-admin
    /Library/Frameworks/Python.framework/Versions/3.7/bin/django-admin.py
    /Library/Frameworks/Python.framework/Versions/3.7/lib/python3.7/site-packages/Django-2.2.5.dist-info/*
    /Library/Frameworks/Python.framework/Versions/3.7/lib/python3.7/site-packages/django/*
Proceed (y/n)? y
  Successfully uninstalled Django-2.2.5
Nathans-MacBook-Pro:my_environments nrp$ source py3Env/bin/activate
(py3Env) Nathans-MacBook-Pro:my_environments nrp$ pip3 install django
Collecting django
  Using cached https://files.pythonhosted.org/packages/94/9f/a56f7893b1280e5019482260e246ab944d54a9a633a01ed04683d9ce5078/Django-2.2.5-py3-none-any.whl
Requirement already satisfied: sqlparse in /Library/Frameworks/Python.framework/Versions/3.7/lib/python3.7/site-packages (from django) (0.3.0)
Requirement already satisfied: pytz in /Library/Frameworks/Python.framework/Versions/3.7/lib/python3.7/site-packages (from django) (2019.2)
Installing collected packages: django
Successfully installed django-2.2.5
(py3Env) Nathans-MacBook-Pro:my_environments nrp$ pip3 list
Package      Version
------------ -------
Click        7.0    
Django       2.2.5  
Flask        1.1.1  
itsdangerous 1.1.0  
Jinja2       2.10.1 
MarkupSafe   1.1.1  
pip          19.2.3 
pytz         2019.2 
setuptools   40.8.0 
sqlparse     0.3.0  
Werkzeug     0.16.0 
(py3Env) Nathans-MacBook-Pro:my_environments nrp$ deactivate
Nathans-MacBook-Pro:my_environments nrp$ cd --
Nathans-MacBook-Pro:~ nrp$ pip3 list
Package      Version
------------ -------
Click        7.0    
Django       2.2.5  
Flask        1.1.1  
itsdangerous 1.1.0  
Jinja2       2.10.1 
MarkupSafe   1.1.1  
pip          19.2.3 
pytz         2019.2 
setuptools   40.8.0 
sqlparse     0.3.0  
Werkzeug     0.16.0 
Nathans-MacBook-Pro:~ nrp$ pip3 uninstall django
Uninstalling Django-2.2.5:
  Would remove:
    /Library/Frameworks/Python.framework/Versions/3.7/bin/django-admin
    /Library/Frameworks/Python.framework/Versions/3.7/bin/django-admin.py
    /Library/Frameworks/Python.framework/Versions/3.7/lib/python3.7/site-packages/Django-2.2.5.dist-info/*
    /Library/Frameworks/Python.framework/Versions/3.7/lib/python3.7/site-packages/django/*
Proceed (y/n)? y
  Successfully uninstalled Django-2.2.5
Nathans-MacBook-Pro:~ nrp$ pip3 uninstall flask
Uninstalling Flask-1.1.1:
  Would remove:
    /Library/Frameworks/Python.framework/Versions/3.7/bin/flask
    /Library/Frameworks/Python.framework/Versions/3.7/lib/python3.7/site-packages/Flask-1.1.1.dist-info/*
    /Library/Frameworks/Python.framework/Versions/3.7/lib/python3.7/site-packages/flask/*
Proceed (y/n)? y
  Successfully uninstalled Flask-1.1.1
Nathans-MacBook-Pro:~ nrp$ pip3 list
Package      Version
------------ -------
Click        7.0    
itsdangerous 1.1.0  
Jinja2       2.10.1 
MarkupSafe   1.1.1  
pip          19.2.3 
pytz         2019.2 
setuptools   40.8.0 
sqlparse     0.3.0  
Werkzeug     0.16.0 
Nathans-MacBook-Pro:~ nrp$ source py3Env/bin/activate
-bash: py3Env/bin/activate: No such file or directory
Nathans-MacBook-Pro:~ nrp$ cd desktop/dojo_assignments/github/python_stack/my_environments
-bash: cd: desktop/dojo_assignments/github/python_stack/my_environments: No such file or directory
Nathans-MacBook-Pro:~ nrp$ cd dokuments/github/python_stack/my_environments
-bash: cd: dokuments/github/python_stack/my_environments: No such file or directory
Nathans-MacBook-Pro:~ nrp$ cd documents/github/python_stack/my_environments
-bash: cd: documents/github/python_stack/my_environments: No such file or directory
Nathans-MacBook-Pro:~ nrp$ cd dojo/github/python_stack/my_environments
Nathans-MacBook-Pro:my_environments nrp$ source py3Env/bin/activate
(py3Env) Nathans-MacBook-Pro:my_environments nrp$ pip list
Package      Version
------------ -------
Click        7.0    
itsdangerous 1.1.0  
Jinja2       2.10.1 
MarkupSafe   1.1.1  
pip          19.2.3 
pytz         2019.2 
setuptools   40.8.0 
sqlparse     0.3.0  
Werkzeug     0.16.0 
(py3Env) Nathans-MacBook-Pro:my_environments nrp$ pip3 list
Package      Version
------------ -------
Click        7.0    
itsdangerous 1.1.0  
Jinja2       2.10.1 
MarkupSafe   1.1.1  
pip          19.2.3 
pytz         2019.2 
setuptools   40.8.0 
sqlparse     0.3.0  
Werkzeug     0.16.0 
(py3Env) Nathans-MacBook-Pro:my_environments nrp$ pip3 install django
Collecting django
  Using cached https://files.pythonhosted.org/packages/94/9f/a56f7893b1280e5019482260e246ab944d54a9a633a01ed04683d9ce5078/Django-2.2.5-py3-none-any.whl
Requirement already satisfied: sqlparse in /Library/Frameworks/Python.framework/Versions/3.7/lib/python3.7/site-packages (from django) (0.3.0)
Requirement already satisfied: pytz in /Library/Frameworks/Python.framework/Versions/3.7/lib/python3.7/site-packages (from django) (2019.2)
Installing collected packages: django
Successfully installed django-2.2.5
(py3Env) Nathans-MacBook-Pro:my_environments nrp$ pip3 install flask
Collecting flask
  Using cached https://files.pythonhosted.org/packages/9b/93/628509b8d5dc749656a9641f4caf13540e2cdec85276964ff8f43bbb1d3b/Flask-1.1.1-py2.py3-none-any.whl
Requirement already satisfied: itsdangerous>=0.24 in /Library/Frameworks/Python.framework/Versions/3.7/lib/python3.7/site-packages (from flask) (1.1.0)
Requirement already satisfied: Jinja2>=2.10.1 in /Library/Frameworks/Python.framework/Versions/3.7/lib/python3.7/site-packages (from flask) (2.10.1)
Requirement already satisfied: Werkzeug>=0.15 in /Library/Frameworks/Python.framework/Versions/3.7/lib/python3.7/site-packages (from flask) (0.16.0)
Requirement already satisfied: click>=5.1 in /Library/Frameworks/Python.framework/Versions/3.7/lib/python3.7/site-packages (from flask) (7.0)
Requirement already satisfied: MarkupSafe>=0.23 in /Library/Frameworks/Python.framework/Versions/3.7/lib/python3.7/site-packages (from Jinja2>=2.10.1->flask) (1.1.1)
Installing collected packages: flask
Successfully installed flask-1.1.1
(py3Env) Nathans-MacBook-Pro:my_environments nrp$ pip list
Package      Version
------------ -------
Click        7.0    
Django       2.2.5  
Flask        1.1.1  
itsdangerous 1.1.0  
Jinja2       2.10.1 
MarkupSafe   1.1.1  
pip          19.2.3 
pytz         2019.2 
setuptools   40.8.0 
sqlparse     0.3.0  
Werkzeug     0.16.0 
(py3Env) Nathans-MacBook-Pro:my_environments nrp$ deactivate
Nathans-MacBook-Pro:my_environments nrp$ pip list
Package      Version
------------ -------
Click        7.0    
Django       2.2.5  
Flask        1.1.1  
itsdangerous 1.1.0  
Jinja2       2.10.1 
MarkupSafe   1.1.1  
pip          19.2.3 
pytz         2019.2 
setuptools   40.8.0 
sqlparse     0.3.0  
Werkzeug     0.16.0 
Nathans-MacBook-Pro:my_environments nrp$ cd --
Nathans-MacBook-Pro:~ nrp$ pip list
Package      Version
------------ -------
Click        7.0    
Django       2.2.5  
Flask        1.1.1  
itsdangerous 1.1.0  
Jinja2       2.10.1 
MarkupSafe   1.1.1  
pip          19.2.3 
pytz         2019.2 
setuptools   40.8.0 
sqlparse     0.3.0  
Werkzeug     0.16.0 
Nathans-MacBook-Pro:~ nrp$ cd dojo/github/python_stack/my_environments
Nathans-MacBook-Pro:my_environments nrp$ source py3Env/bin/activate
(py3Env) Nathans-MacBook-Pro:my_environments nrp$ clear

(py3Env) Nathans-MacBook-Pro:my_environments nrp$ pip list
Package      Version
------------ -------
Click        7.0    
Django       2.2.5  
Flask        1.1.1  
itsdangerous 1.1.0  
Jinja2       2.10.1 
MarkupSafe   1.1.1  
pip          19.2.3 
pytz         2019.2 
setuptools   40.8.0 
sqlparse     0.3.0  
Werkzeug     0.16.0 
(py3Env) Nathans-MacBook-Pro:my_environments nrp$ deactivate
Nathans-MacBook-Pro:my_environments nrp$ pip3 list
Package      Version
------------ -------
Click        7.0    
Django       2.2.5  
Flask        1.1.1  
itsdangerous 1.1.0  
Jinja2       2.10.1 
MarkupSafe   1.1.1  
pip          19.2.3 
pytz         2019.2 
setuptools   40.8.0 
sqlparse     0.3.0  
Werkzeug     0.16.0 
Nathans-MacBook-Pro:my_environments nrp$ python3 rm -r venv py3Env
/Library/Frameworks/Python.framework/Versions/3.7/Resources/Python.app/Contents/MacOS/Python: can't open file 'rm': [Errno 2] No such file or directory
Nathans-MacBook-Pro:my_environments nrp$ python3 -r venv py3Env
Unknown option: -r
usage: /Library/Frameworks/Python.framework/Versions/3.7/Resources/Python.app/Contents/MacOS/Python [option] ... [-c cmd | -m mod | file | -] [arg] ...
Try `python -h' for more information.
Nathans-MacBook-Pro:my_environments nrp$ python3 rm venv py3Env
/Library/Frameworks/Python.framework/Versions/3.7/Resources/Python.app/Contents/MacOS/Python: can't open file 'rm': [Errno 2] No such file or directory
Nathans-MacBook-Pro:my_environments nrp$ rm -r venv py3Env
rm: venv: No such file or directory
Nathans-MacBook-Pro:my_environments nrp$ python3 -m venv py3Env
Nathans-MacBook-Pro:my_environments nrp$ python3 -r venv py3Env
Unknown option: -r
usage: /Library/Frameworks/Python.framework/Versions/3.7/Resources/Python.app/Contents/MacOS/Python [option] ... [-c cmd | -m mod | file | -] [arg] ...
Try `python -h' for more information.
Nathans-MacBook-Pro:my_environments nrp$ python3 - venv py3Env
Python 3.7.4 (v3.7.4:e09359112e, Jul  8 2019, 14:54:52) 
[Clang 6.0 (clang-600.0.57)] on darwin
Type "help", "copyright", "credits" or "license" for more information.
>>> -h
Traceback (most recent call last):
  File "<stdin>", line 1, in <module>
NameError: name 'h' is not defined
>>> 
>>> cd --
  File "<stdin>", line 1
    cd --
        ^
SyntaxError: invalid syntax
>>> cd -
  File "<stdin>", line 1
    cd -
       ^
SyntaxError: invalid syntax
>>> exit
Use exit() or Ctrl-D (i.e. EOF) to exit
>>> () exit
  File "<stdin>", line 1
    () exit
          ^
SyntaxError: invalid syntax
>>> exit()
Nathans-MacBook-Pro:my_environments nrp$ python3 -r venv py3Env
Unknown option: -r
usage: /Library/Frameworks/Python.framework/Versions/3.7/Resources/Python.app/Contents/MacOS/Python [option] ... [-c cmd | -m mod | file | -] [arg] ...
Try `python -h' for more information.
Nathans-MacBook-Pro:my_environments nrp$ python -h
usage: python [option] ... [-c cmd | -m mod | file | -] [arg] ...
Options and arguments (and corresponding environment variables):
-B     : don't write .py[co] files on import; also PYTHONDONTWRITEBYTECODE=x
-c cmd : program passed in as string (terminates option list)
-d     : debug output from parser; also PYTHONDEBUG=x
-E     : ignore PYTHON* environment variables (such as PYTHONPATH)
-h     : print this help message and exit (also --help)
-i     : inspect interactively after running script; forces a prompt even
         if stdin does not appear to be a terminal; also PYTHONINSPECT=x
-m mod : run library module as a script (terminates option list)
-O     : optimize generated bytecode slightly; also PYTHONOPTIMIZE=x
-OO    : remove doc-strings in addition to the -O optimizations
-R     : use a pseudo-random salt to make hash() values of various types be
         unpredictable between separate invocations of the interpreter, as
         a defense against denial-of-service attacks
-Q arg : division options: -Qold (default), -Qwarn, -Qwarnall, -Qnew
-s     : don't add user site directory to sys.path; also PYTHONNOUSERSITE
-S     : don't imply 'import site' on initialization
-t     : issue warnings about inconsistent tab usage (-tt: issue errors)
-u     : unbuffered binary stdout and stderr; also PYTHONUNBUFFERED=x
         see man page for details on internal buffering relating to '-u'
-v     : verbose (trace import statements); also PYTHONVERBOSE=x
         can be supplied multiple times to increase verbosity
-V     : print the Python version number and exit (also --version)
-W arg : warning control; arg is action:message:category:module:lineno
         also PYTHONWARNINGS=arg
-x     : skip first line of source, allowing use of non-Unix forms of #!cmd
-3     : warn about Python 3.x incompatibilities that 2to3 cannot trivially fix
file   : program read from script file
-      : program read from stdin (default; interactive mode if a tty)
arg ...: arguments passed to program in sys.argv[1:]

Other environment variables:
PYTHONSTARTUP: file executed on interactive startup (no default)
PYTHONPATH   : ':'-separated list of directories prefixed to the
               default module search path.  The result is sys.path.
PYTHONHOME   : alternate <prefix> directory (or <prefix>:<exec_prefix>).
               The default module search path uses <prefix>/pythonX.X.
PYTHONCASEOK : ignore case in 'import' statements (Windows).
PYTHONIOENCODING: Encoding[:errors] used for stdin/stdout/stderr.
PYTHONHASHSEED: if this variable is set to 'random', the effect is the same
   as specifying the -R option: a random value is used to seed the hashes of
   str, bytes and datetime objects.  It can also be set to an integer
   in the range [0,4294967295] to get hash values with a predictable seed.
Nathans-MacBook-Pro:my_environments nrp$ rm -r venv py3Env
rm: venv: No such file or directory
Nathans-MacBook-Pro:my_environments nrp$ python3 rm venv py3Env
/Library/Frameworks/Python.framework/Versions/3.7/Resources/Python.app/Contents/MacOS/Python: can't open file 'rm': [Errno 2] No such file or directory
Nathans-MacBook-Pro:my_environments nrp$ python3 -m venv py3Env
Nathans-MacBook-Pro:my_environments nrp$ pip list
Package      Version
------------ -------
Click        7.0    
Django       2.2.5  
Flask        1.1.1  
itsdangerous 1.1.0  
Jinja2       2.10.1 
MarkupSafe   1.1.1  
pip          19.2.3 
pytz         2019.2 
setuptools   40.8.0 
sqlparse     0.3.0  
Werkzeug     0.16.0 
Nathans-MacBook-Pro:my_environments nrp$ pip3 uninstall django
Uninstalling Django-2.2.5:
  Would remove:
    /Library/Frameworks/Python.framework/Versions/3.7/bin/django-admin
    /Library/Frameworks/Python.framework/Versions/3.7/bin/django-admin.py
    /Library/Frameworks/Python.framework/Versions/3.7/lib/python3.7/site-packages/Django-2.2.5.dist-info/*
    /Library/Frameworks/Python.framework/Versions/3.7/lib/python3.7/site-packages/django/*
Proceed (y/n)? y
  Successfully uninstalled Django-2.2.5
Nathans-MacBook-Pro:my_environments nrp$ pip3 uninstall flask
Uninstalling Flask-1.1.1:
  Would remove:
    /Library/Frameworks/Python.framework/Versions/3.7/bin/flask
    /Library/Frameworks/Python.framework/Versions/3.7/lib/python3.7/site-packages/Flask-1.1.1.dist-info/*
    /Library/Frameworks/Python.framework/Versions/3.7/lib/python3.7/site-packages/flask/*
Proceed (y/n)? y
  Successfully uninstalled Flask-1.1.1
Nathans-MacBook-Pro:my_environments nrp$ pip list
Package      Version
------------ -------
Click        7.0    
itsdangerous 1.1.0  
Jinja2       2.10.1 
MarkupSafe   1.1.1  
pip          19.2.3 
pytz         2019.2 
setuptools   40.8.0 
sqlparse     0.3.0  
Werkzeug     0.16.0 
Nathans-MacBook-Pro:my_environments nrp$ pip3 list
Package      Version
------------ -------
Click        7.0    
itsdangerous 1.1.0  
Jinja2       2.10.1 
MarkupSafe   1.1.1  
pip          19.2.3 
pytz         2019.2 
setuptools   40.8.0 
sqlparse     0.3.0  
Werkzeug     0.16.0 
Nathans-MacBook-Pro:my_environments nrp$ python3 rm venv py3Env
/Library/Frameworks/Python.framework/Versions/3.7/Resources/Python.app/Contents/MacOS/Python: can't open file 'rm': [Errno 2] No such file or directory
Nathans-MacBook-Pro:my_environments nrp$ python3 rm venv py3Env
/Library/Frameworks/Python.framework/Versions/3.7/Resources/Python.app/Contents/MacOS/Python: can't open file 'rm': [Errno 2] No such file or directory
Nathans-MacBook-Pro:my_environments nrp$ pip list
Package      Version
------------ -------
Click        7.0    
itsdangerous 1.1.0  
Jinja2       2.10.1 
MarkupSafe   1.1.1  
pip          19.2.3 
pytz         2019.2 
setuptools   40.8.0 
sqlparse     0.3.0  
Werkzeug     0.16.0 
Nathans-MacBook-Pro:my_environments nrp$ pip list
Package      Version
------------ -------
Click        7.0    
itsdangerous 1.1.0  
Jinja2       2.10.1 
MarkupSafe   1.1.1  
pip          19.2.3 
pytz         2019.2 
setuptools   40.8.0 
sqlparse     0.3.0  
Werkzeug     0.16.0 
Nathans-MacBook-Pro:my_environments nrp$ pip list
Package      Version
------------ -------
Click        7.0    
itsdangerous 1.1.0  
Jinja2       2.10.1 
MarkupSafe   1.1.1  
pip          19.2.3 
pytz         2019.2 
setuptools   40.8.0 
sqlparse     0.3.0  
Werkzeug     0.16.0 
Nathans-MacBook-Pro:my_environments nrp$ python3 -m venv py3Env
Nathans-MacBook-Pro:my_environments nrp$ pip list
Package      Version
------------ -------
Click        7.0    
itsdangerous 1.1.0  
Jinja2       2.10.1 
MarkupSafe   1.1.1  
pip          19.2.3 
pytz         2019.2 
setuptools   40.8.0 
sqlparse     0.3.0  
Werkzeug     0.16.0 
Nathans-MacBook-Pro:my_environments nrp$ source py3Env/bin/activate
(py3Env) Nathans-MacBook-Pro:my_environments nrp$ pip list
Package    Version
---------- -------
pip        19.0.3 
setuptools 40.8.0 
You are using pip version 19.0.3, however version 19.2.3 is available.
You should consider upgrading via the 'pip install --upgrade pip' command.
(py3Env) Nathans-MacBook-Pro:my_environments nrp$ pip install upgrade pip
Collecting upgrade
  Could not find a version that satisfies the requirement upgrade (from versions: )
No matching distribution found for upgrade
You are using pip version 19.0.3, however version 19.2.3 is available.
You should consider upgrading via the 'pip install --upgrade pip' command.
(py3Env) Nathans-MacBook-Pro:my_environments nrp$ pip3 install upgrade pip
Collecting upgrade
  Could not find a version that satisfies the requirement upgrade (from versions: )
No matching distribution found for upgrade
You are using pip version 19.0.3, however version 19.2.3 is available.
You should consider upgrading via the 'pip install --upgrade pip' command.
(py3Env) Nathans-MacBook-Pro:my_environments nrp$ pip3 install --upgrade pip
Collecting pip
  Using cached https://files.pythonhosted.org/packages/30/db/9e38760b32e3e7f40cce46dd5fb107b8c73840df38f0046d8e6514e675a1/pip-19.2.3-py2.py3-none-any.whl
Installing collected packages: pip
  Found existing installation: pip 19.0.3
    Uninstalling pip-19.0.3:
      Successfully uninstalled pip-19.0.3
Successfully installed pip-19.2.3
(py3Env) Nathans-MacBook-Pro:my_environments nrp$ pip list
Package    Version
---------- -------
pip        19.2.3 
setuptools 40.8.0 
(py3Env) Nathans-MacBook-Pro:my_environments nrp$ deactivate
Nathans-MacBook-Pro:my_environments nrp$ pip list
Package      Version
------------ -------
Click        7.0    
itsdangerous 1.1.0  
Jinja2       2.10.1 
MarkupSafe   1.1.1  
pip          19.2.3 
pytz         2019.2 
setuptools   40.8.0 
sqlparse     0.3.0  
Werkzeug     0.16.0 
Nathans-MacBook-Pro:my_environments nrp$ source py3Env/bin/activate
(py3Env) Nathans-MacBook-Pro:my_environments nrp$ pip list
Package    Version
---------- -------
pip        19.2.3 
setuptools 40.8.0 
(py3Env) Nathans-MacBook-Pro:my_environments nrp$ pip install flask
Collecting flask
  Using cached https://files.pythonhosted.org/packages/9b/93/628509b8d5dc749656a9641f4caf13540e2cdec85276964ff8f43bbb1d3b/Flask-1.1.1-py2.py3-none-any.whl
Collecting Werkzeug>=0.15 (from flask)
  Using cached https://files.pythonhosted.org/packages/ce/42/3aeda98f96e85fd26180534d36570e4d18108d62ae36f87694b476b83d6f/Werkzeug-0.16.0-py2.py3-none-any.whl
Collecting itsdangerous>=0.24 (from flask)
  Using cached https://files.pythonhosted.org/packages/76/ae/44b03b253d6fade317f32c24d100b3b35c2239807046a4c953c7b89fa49e/itsdangerous-1.1.0-py2.py3-none-any.whl
Collecting Jinja2>=2.10.1 (from flask)
  Using cached https://files.pythonhosted.org/packages/1d/e7/fd8b501e7a6dfe492a433deb7b9d833d39ca74916fa8bc63dd1a4947a671/Jinja2-2.10.1-py2.py3-none-any.whl
Collecting click>=5.1 (from flask)
  Using cached https://files.pythonhosted.org/packages/fa/37/45185cb5abbc30d7257104c434fe0b07e5a195a6847506c074527aa599ec/Click-7.0-py2.py3-none-any.whl
Collecting MarkupSafe>=0.23 (from Jinja2>=2.10.1->flask)
  Using cached https://files.pythonhosted.org/packages/ce/c6/f000f1af136ef74e4a95e33785921c73595c5390403f102e9b231b065b7a/MarkupSafe-1.1.1-cp37-cp37m-macosx_10_6_intel.whl
Installing collected packages: Werkzeug, itsdangerous, MarkupSafe, Jinja2, click, flask
Successfully installed Jinja2-2.10.1 MarkupSafe-1.1.1 Werkzeug-0.16.0 click-7.0 flask-1.1.1 itsdangerous-1.1.0
(py3Env) Nathans-MacBook-Pro:my_environments nrp$ pip list
Package      Version
------------ -------
Click        7.0    
Flask        1.1.1  
itsdangerous 1.1.0  
Jinja2       2.10.1 
MarkupSafe   1.1.1  
pip          19.2.3 
setuptools   40.8.0 
Werkzeug     0.16.0 
(py3Env) Nathans-MacBook-Pro:my_environments nrp$ deactivate
Nathans-MacBook-Pro:my_environments nrp$ pip list
Package      Version
------------ -------
Click        7.0    
itsdangerous 1.1.0  
Jinja2       2.10.1 
MarkupSafe   1.1.1  
pip          19.2.3 
pytz         2019.2 
setuptools   40.8.0 
sqlparse     0.3.0  
Werkzeug     0.16.0 
Nathans-MacBook-Pro:my_environments nrp$ source py3Env/bin/activate
(py3Env) Nathans-MacBook-Pro:my_environments nrp$ pip install django
Collecting django
  Using cached https://files.pythonhosted.org/packages/94/9f/a56f7893b1280e5019482260e246ab944d54a9a633a01ed04683d9ce5078/Django-2.2.5-py3-none-any.whl
Collecting sqlparse (from django)
  Using cached https://files.pythonhosted.org/packages/ef/53/900f7d2a54557c6a37886585a91336520e5539e3ae2423ff1102daf4f3a7/sqlparse-0.3.0-py2.py3-none-any.whl
Collecting pytz (from django)
  Using cached https://files.pythonhosted.org/packages/87/76/46d697698a143e05f77bec5a526bf4e56a0be61d63425b68f4ba553b51f2/pytz-2019.2-py2.py3-none-any.whl
Installing collected packages: sqlparse, pytz, django
Successfully installed django-2.2.5 pytz-2019.2 sqlparse-0.3.0
(py3Env) Nathans-MacBook-Pro:my_environments nrp$ pip list
Package      Version
------------ -------
Click        7.0    
Django       2.2.5  
Flask        1.1.1  
itsdangerous 1.1.0  
Jinja2       2.10.1 
MarkupSafe   1.1.1  
pip          19.2.3 
pytz         2019.2 
setuptools   40.8.0 
sqlparse     0.3.0  
Werkzeug     0.16.0 
(py3Env) Nathans-MacBook-Pro:my_environments nrp$ deactivate
Nathans-MacBook-Pro:my_environments nrp$ pip list
Package      Version
------------ -------
Click        7.0    
itsdangerous 1.1.0  
Jinja2       2.10.1 
MarkupSafe   1.1.1  
pip          19.2.3 
pytz         2019.2 
setuptools   40.8.0 
sqlparse     0.3.0  
Werkzeug     0.16.0 
Nathans-MacBook-Pro:my_environments nrp$ clear

Nathans-MacBook-Pro:my_environments nrp$ pip list
Package      Version
------------ -------
Click        7.0    
itsdangerous 1.1.0  
Jinja2       2.10.1 
MarkupSafe   1.1.1  
pip          19.2.3 
pytz         2019.2 
setuptools   40.8.0 
sqlparse     0.3.0  
Werkzeug     0.16.0 
Nathans-MacBook-Pro:my_environments nrp$ clear









Nathans-MacBook-Pro:my_environments nrp$ source py3Env/bin/activate
(py3Env) Nathans-MacBook-Pro:my_environments nrp$ pip list
Package      Version
------------ -------
Click        7.0    
Django       2.2.5  
Flask        1.1.1  
itsdangerous 1.1.0  
Jinja2       2.10.1 
MarkupSafe   1.1.1  
pip          19.2.3 
pytz         2019.2 
setuptools   40.8.0 
sqlparse     0.3.0  
Werkzeug     0.16.0 
(py3Env) Nathans-MacBook-Pro:my_environments nrp$ deactivate
Nathans-MacBook-Pro:my_environments nrp$ pip3 list
Package      Version
------------ -------
Click        7.0    
itsdangerous 1.1.0  
Jinja2       2.10.1 
MarkupSafe   1.1.1  
pip          19.2.3 
pytz         2019.2 
setuptools   40.8.0 
sqlparse     0.3.0  
Werkzeug     0.16.0 
Nathans-MacBook-Pro:my_environments nrp$ source py3Env/bin/activate
(py3Env) Nathans-MacBook-Pro:my_environments nrp$ pip install Django==1.11.9
Collecting Django==1.11.9
  Downloading https://files.pythonhosted.org/packages/c8/a6/291039f0ce4b9818e0399359866337e6dfe9c0e23d8d94f00e657edbfcd8/Django-1.11.9-py2.py3-none-any.whl (6.9MB)
     |â–ˆâ–ˆâ–ˆâ–ˆâ–ˆâ–ˆâ–ˆâ–ˆâ–ˆâ–ˆâ–ˆâ–ˆâ–ˆâ–ˆâ–ˆâ–ˆâ–ˆâ–ˆâ–ˆâ–ˆâ–ˆâ–ˆâ–ˆâ–ˆâ–ˆâ–ˆâ–ˆâ–ˆâ–ˆâ–ˆâ–ˆâ–ˆ| 7.0MB 5.4MB/s 
Requirement already satisfied: pytz in ./py3Env/lib/python3.7/site-packages (from Django==1.11.9) (2019.2)
Installing collected packages: Django
  Found existing installation: Django 2.2.5
    Uninstalling Django-2.2.5:
      Successfully uninstalled Django-2.2.5
Successfully installed Django-1.11.9
(py3Env) Nathans-MacBook-Pro:my_environments nrp$ pip freeze
Click==7.0
Django==1.11.9
Flask==1.1.1
itsdangerous==1.1.0
Jinja2==2.10.1
MarkupSafe==1.1.1
pytz==2019.2
sqlparse==0.3.0
Werkzeug==0.16.0
(py3Env) Nathans-MacBook-Pro:my_environments nrp$ cd ~/documents
(py3Env) Nathans-MacBook-Pro:documents nrp$ pip freeze > requirements.txt
(py3Env) Nathans-MacBook-Pro:documents nrp$ ls
Adobe						NYL
BNI Podcast Recaps - Group 1.docx		Payment Preferences form - Dylan.pdf
Bandit Cam config 9-24-17.backup		Photoshop Creations
Barclay Card - Balance Transfer info.pdf	Pre App Questionnaire - Dewey.pdf
Contacts - 03-25-2017.abbu			Resume-May2016 (Final).docx
IMG_1433.psd					Scanned Items
Infinity Brothers llc				Stock
MISC Crap					Untitled-1.psd
Microsoft User Data				WebEx
Motivate Yourself				com.wd.WDMyCloud
NJ.pdf						requirements.txt
NRP USA.mov
(py3Env) Nathans-MacBook-Pro:documents nrp$ cd ~/nrp
-bash: cd: /Users/nrp/nrp: No such file or directory
(py3Env) Nathans-MacBook-Pro:documents nrp$ clear

(py3Env) Nathans-MacBook-Pro:documents nrp$ pip list
Package      Version
------------ -------
Click        7.0    
Django       1.11.9 
Flask        1.1.1  
itsdangerous 1.1.0  
Jinja2       2.10.1 
MarkupSafe   1.1.1  
pip          19.2.3 
pytz         2019.2 
setuptools   40.8.0 
sqlparse     0.3.0  
Werkzeug     0.16.0 
(py3Env) Nathans-MacBook-Pro:documents nrp$ deactivate
Nathans-MacBook-Pro:documents nrp$ pip3 list
Package      Version
------------ -------
Click        7.0    
itsdangerous 1.1.0  
Jinja2       2.10.1 
MarkupSafe   1.1.1  
pip          19.2.3 
pytz         2019.2 
setuptools   40.8.0 
sqlparse     0.3.0  
Werkzeug     0.16.0 
Nathans-MacBook-Pro:documents nrp$ source py3Env/bin/activate
-bash: py3Env/bin/activate: No such file or directory
Nathans-MacBook-Pro:documents nrp$ source dojo/github/python_stack/my_environments/py3Env/bin/activate
-bash: dojo/github/python_stack/my_environments/py3Env/bin/activate: No such file or directory
Nathans-MacBook-Pro:documents nrp$ clear

Nathans-MacBook-Pro:documents nrp$ cd dojo/github/python_stack/my_environments
-bash: cd: dojo/github/python_stack/my_environments: No such file or directory
Nathans-MacBook-Pro:documents nrp$ cd --
Nathans-MacBook-Pro:~ nrp$ source dojo/github/python_stack/my_environments/py3Env/bin/activate
(py3Env) Nathans-MacBook-Pro:~ nrp$ clear

















(py3Env) Nathans-MacBook-Pro:~ nrp$ pip list
Package      Version
------------ -------
Click        7.0    
Django       1.11.9 
Flask        1.1.1  
itsdangerous 1.1.0  
Jinja2       2.10.1 
MarkupSafe   1.1.1  
pip          19.2.3 
pytz         2019.2 
setuptools   40.8.0 
sqlparse     0.3.0  
Werkzeug     0.16.0 
(py3Env) Nathans-MacBook-Pro:~ nrp$ pip uninstall django
Uninstalling Django-1.11.9:
  Would remove:
    /Users/nrp/DoJo/GitHub/Python_Stack/my_environments/py3Env/bin/django-admin
    /Users/nrp/DoJo/GitHub/Python_Stack/my_environments/py3Env/bin/django-admin.py
    /Users/nrp/DoJo/GitHub/Python_Stack/my_environments/py3Env/lib/python3.7/site-packages/Django-1.11.9.dist-info/*
    /Users/nrp/DoJo/GitHub/Python_Stack/my_environments/py3Env/lib/python3.7/site-packages/django/*
Proceed (y/n)? y
  Successfully uninstalled Django-1.11.9
(py3Env) Nathans-MacBook-Pro:~ nrp$ pip install django
Collecting django
  Using cached https://files.pythonhosted.org/packages/94/9f/a56f7893b1280e5019482260e246ab944d54a9a633a01ed04683d9ce5078/Django-2.2.5-py3-none-any.whl
Requirement already satisfied: sqlparse in ./DoJo/GitHub/Python_Stack/my_environments/py3Env/lib/python3.7/site-packages (from django) (0.3.0)
Requirement already satisfied: pytz in ./DoJo/GitHub/Python_Stack/my_environments/py3Env/lib/python3.7/site-packages (from django) (2019.2)
Installing collected packages: django
Successfully installed django-2.2.5
(py3Env) Nathans-MacBook-Pro:~ nrp$ clear

(py3Env) Nathans-MacBook-Pro:~ nrp$ pip list
Package      Version
------------ -------
Click        7.0    
Django       2.2.5  
Flask        1.1.1  
itsdangerous 1.1.0  
Jinja2       2.10.1 
MarkupSafe   1.1.1  
pip          19.2.3 
pytz         2019.2 
setuptools   40.8.0 
sqlparse     0.3.0  
Werkzeug     0.16.0 
(py3Env) Nathans-MacBook-Pro:~ nrp$ deactivate
Nathans-MacBook-Pro:~ nrp$ pip3 list
Package      Version
------------ -------
Click        7.0    
itsdangerous 1.1.0  
Jinja2       2.10.1 
MarkupSafe   1.1.1  
pip          19.2.3 
pytz         2019.2 
setuptools   40.8.0 
sqlparse     0.3.0  
Werkzeug     0.16.0 
Nathans-MacBook-Pro:~ nrp$ source dojo/github/python_stack/my_environments/py3Env/bin/activate
(py3Env) Nathans-MacBook-Pro:~ nrp$ pip install Django==1.11.9
Collecting Django==1.11.9
  Using cached https://files.pythonhosted.org/packages/c8/a6/291039f0ce4b9818e0399359866337e6dfe9c0e23d8d94f00e657edbfcd8/Django-1.11.9-py2.py3-none-any.whl
Requirement already satisfied: pytz in ./DoJo/GitHub/Python_Stack/my_environments/py3Env/lib/python3.7/site-packages (from Django==1.11.9) (2019.2)
Installing collected packages: Django
  Found existing installation: Django 2.2.5
    Uninstalling Django-2.2.5:
      Successfully uninstalled Django-2.2.5
Successfully installed Django-1.11.9
(py3Env) Nathans-MacBook-Pro:~ nrp$ pip freeze
Click==7.0
Django==1.11.9
Flask==1.1.1
itsdangerous==1.1.0
Jinja2==2.10.1
MarkupSafe==1.1.1
pytz==2019.2
sqlparse==0.3.0
Werkzeug==0.16.0
(py3Env) Nathans-MacBook-Pro:~ nrp$ 
(py3Env) Nathans-MacBook-Pro:~ nrp$ pip freeze > requirements.txt
(py3Env) Nathans-MacBook-Pro:~ nrp$ ls
Applications
Cloud Storage
Creative Cloud Files
Desktop
DoJo
Documents
Downloads
Drive1 (old) - WDC WD40 EFRX-68WT0N0 Dec-13 00_26.ddscan
Google Drive (nathanrpotts@gmail.com)
Library
Movies
Music
Pictures
Public
VirtualBox VMs
iCloud Drive (Archive)
nathanrpotts87@gmail.com Creative Cloud Files
requirements.txt
(py3Env) Nathans-MacBook-Pro:~ nrp$ pip uninstall Django
Uninstalling Django-1.11.9:
  Would remove:
    /Users/nrp/DoJo/GitHub/Python_Stack/my_environments/py3Env/bin/django-admin
    /Users/nrp/DoJo/GitHub/Python_Stack/my_environments/py3Env/bin/django-admin.py
    /Users/nrp/DoJo/GitHub/Python_Stack/my_environments/py3Env/lib/python3.7/site-packages/Django-1.11.9.dist-info/*
    /Users/nrp/DoJo/GitHub/Python_Stack/my_environments/py3Env/lib/python3.7/site-packages/django/*
Proceed (y/n)? y
  Successfully uninstalled Django-1.11.9
(py3Env) Nathans-MacBook-Pro:~ nrp$ pip show Django
(py3Env) Nathans-MacBook-Pro:~ nrp$ pip search Flask
Flask-SimpleMDE (0.3.0)     - Flask-SimpleMDE - a Flask extension for SimpleMDE
Flask-Pure (0.5)            - Flask-Pure - a Flask extension for Pure.css
Flask-OrientDB (0.1)        - A Flask extension for using OrientDB with Flask
Flask-ElasticUtils (0.1.7)  - ElasticUtils for Flask
Flask-Waitress (0.0.1)      - Flask Waitress
Flask-Stripe (0.1.0)        - Flask-Stripe
Flask-PubSub (0.1.0)        - Flask-PubSub
flask-helloworld (1.0.0)    - Flask Helloworld
flask-zs (0.0.19)           - A helpers for Flask.
sockjs-flask (0.3)          - SockJs for Flask
Flask-Quik (0.1.1)          - Quik for Flask
Flask-BDEA (0.1.0)          - Flask-BDEA
Flask-GripControl (0.0.1)   - Flask GripControl
Flask-SRI (0.1.0)           - Flask-SRI
flask-ws (0.0.1.0)          - Websocket for flask.
Flask-Intercom (0.1.0)      - Flask-Intercom
Flask-Turbolinks (0.2.0)    - Turbolinks for Flask.
Flask-Watson (0.1.0)        - Flask-Watson
Flask-Helper (0.19)         - Flask Helper
Flask-SPF (0.0.0)           - Flask-SPF
flask-toolbox (0.0.2)       - A flask toolbox.
Flask-FileRev (0.1.0)       - Flask-FileRev
Flask-Shopify (0.2)         - Shopify Flask
Flask-Ext (0.1)             - Extensions of Flask
Flask-TaskTiger (0.0.1)     - Flask TaskTiger
flask-ypaginate (0.1.3)     - Pagination for Flask
Flask-OAuthlib (0.9.5)      - OAuthlib for Flask
Flask-Mustache (0.4.1)      - Mustache for Flask
Flask-Chargebee (0.0.1)     - Flask-Chargebee
Flask-Keen (0.1.0)          - Flask-Keen
Flask-Weixin (0.5.0)        - Weixin for Flask.
flask-abort (0.0.1)         - flask abort
Fifty-Flask (1.4.0)         - Flask enhancements.
Flask-NextCaller (0.1.0)    - Flask-NextCaller
Flask-Gears (0.2)           - Gears for Flask
Flask-AutoIndex (0.6.4)     - The mod_autoindex for Flask
Flask-Clearbit (0.1.0)      - Flask-Clearbit
Flask-FontAwesome (0.1.2)   - FontAwesome for Flask
Flask-GeoIP (0.1.3)         - Flask-GeoIP -------------  Simple Flask extension for pygeoip.
airbrake-flask (1.0.7)      - airbrake-flask - Airbrake client for Python Flask
Flask-Diced (0.3)           - Flask-Diced - CRUD views generator for Flask
flask-myapi (0.1)           - Flask-MyAPI - RESTful support library for Flask
Flask-LoginManager (1.1.6)  - Flask-Loginmanager supports multiple roles and permissions for Flask,
                              inspired by Flask-Login
Flask-RESTive (0.0.3)       - Flask RESTive is a REST API Flask extension based on Flask-RESTful &
                              Marshmallow.
Flask-FlatPagesCut (0.5.1)  - Flask-FlatPagesCut is fork Flask-FlatPages (Provides flat static pages to
                              a Flask application)
flask-lesscss (0.9.1)       - A small Flask extension that adds LessCSS support to Flask.
flask-filters (0.3)         - The Flask Filter to use with flask-restful and Relational DB
flask-shell (0.1.3)         - Flask extension to improve shell command for the Flask CLI.
flask-stylus2css (0.1)      - A small Flask extension that adds Stylus support to Flask.
Flask-Collect (1.3.2)       - Flask-Collect -- Collect static files in Flask application
flask-coffee2js (0.1.2)     - A small Flask extension that adds CoffeScript support to Flask.
Flask-Edits (0.8)           - Editable Content in Flask
Flask-Slack (0.1.5)         - Slack extension for Flask.
Flask-Triangle3 (0.5.3)     - Integration of AngularJS and Flask.
Flask-Autodoc (0.1.2)       - Documentation generator for flask
Flask-Enterprise (1.0)      - Enterprise capabilities for Flask
Flask-SAML (0.4.3)          - Flask SAML integration
Flask-Shelve (0.1.1)        - Shelve support for Flask
Flask-OpenID (1.2.5)        - OpenID support for Flask
Flask-CKEditor (0.4.3)      - CKEditor integration for Flask.
Flask-Triangle (0.5.4)      - Integration of AngularJS and Flask.
Flask-Zero (0.9.6)          - Qiniu Storage for Flask
Flask-CuttlePool (0.2.0)    - A Flask extension for CuttlePool
Flask-Funnel (0.1.10)       - Asset management for Flask.
Flask-Breve (0.2)           - Breve templating with Flask
Flask-mongobit (0.1.2)      - MongoBit support in Flask
flask-logsocketio (0.1.4)   - Flask LogSocketIo module
Flask-SaeStorage (0.9.0)    - SAE Storage for Flask
Flask-Navigation (0.2.0)    - The navigation of Flask application.
Flask-Passlib (0.1)         - Flask extension for passlib
flask-serial (1.1.0)        - Flask extension for the Serial
flask-discoverer (0.1.4)    - Flask API autodiscovery
flask-iMail (0.1)           - Mailgun integration for Flask.
flask-snow (0.2.8)          - Pysnow extension for Flask
Flask-ZMQ (0.1.2)           - Flask extension for ZMQ
Flask-wechatpy (0.1.3)      - wechatpy for flask extension
Flask-Vises (2.1.4)         - A Flask scaffold library
Flask-PyFCM (0.1.1)         - Flask extension for PyFCM
Flask-sshtunnel (0.1b2)     - sshtunnel extension for flask
Flask-CAS (1.0.1)           - Flask extension for CAS
Flask-Flarf (0.0.5)         - Flask request filtering
flask-tat (0.0.10)          - Flask TAT client
Flask-Failsafe (0.2)        - A failsafe for the Flask reloader
nailpack-flask (0.1.0)      - Flask support for nails
Flask-Latch (0.1.0)         - Latch extension for Flask
Flask-Storm (0.2.0)         - Storm integration for Flask.
Flask-MySQLdb (0.2.0)       - MySQLdb extension for Flask
flask-blitzdb (0.1)         - Flask extension for blitzdb
Flask-RBAC (0.3.0)          - RBAC support for Flask
castle-flask (0.0.1)        - A Flask client for Castle.io
flask-handlers (0.0.1)      - Handlers for Flask applications
Flask-Postmark (0.2.0)      - Postmark Flask extension
flask-keycloak (1.1.0)      - flask integration with keycloak
Flask-Htmldoom (0.1.2)      - htmldoom integration for Flask
Flask-PRBAC (0.1.3)         - RBAC support for Flask
flask-bluelogin (0.2.7)     - Flask BlueLogin module
Flask-CassandraDB (0.0.1)   - connect cassandra to flask
Flask-Sendmail (0.1)        - Flask extension for sendmail
Flask-Fleem (0.0.5)         - Theming for Flask applications
Flask-Reggie (0.0.2)        - Flask Regex Routes.
(py3Env) Nathans-MacBook-Pro:~ nrp$ python
Python 3.7.4 (v3.7.4:e09359112e, Jul  8 2019, 14:54:52) 
[Clang 6.0 (clang-600.0.57)] on darwin
Type "help", "copyright", "credits" or "license" for more information.
>>> 4+5
9
>>> 31/2
15.5
>>> x=9
>>> y="hello"
>>> x*y
'hellohellohellohellohellohellohellohellohello'
>>> exit()
(py3Env) Nathans-MacBook-Pro:~ nrp$ source dojo/github/python_stack/python_fundamentals
-bash: dojo/github/python_stack/python_fundamentals: No such file or directory
(py3Env) Nathans-MacBook-Pro:~ nrp$ source dojo/github/python_stack/python_fundamentals
-bash: dojo/github/python_stack/python_fundamentals: No such file or directory
(py3Env) Nathans-MacBook-Pro:~ nrp$ cd dojo/github/python_stack/python/python_fundamentals
(py3Env) Nathans-MacBook-Pro:python_fundamentals nrp$ touch hello_world.py
(py3Env) Nathans-MacBook-Pro:python_fundamentals nrp$ hello_world.py
-bash: hello_world.py: command not found
(py3Env) Nathans-MacBook-Pro:python_fundamentals nrp$ open hello_world.py
(py3Env) Nathans-MacBook-Pro:python_fundamentals nrp$ python hello_world.py
Hello World!
(py3Env) Nathans-MacBook-Pro:python_fundamentals nrp$ python hello_world.py
Hello World!
Hello python
42
(py3Env) Nathans-MacBook-Pro:python_fundamentals nrp$ python --version
Python 3.7.4
(py3Env) Nathans-MacBook-Pro:python_fundamentals nrp$ deactivate
Nathans-MacBook-Pro:python_fundamentals nrp$ python --version
Python 2.7.10
Nathans-MacBook-Pro:python_fundamentals nrp$ python3 --version
Python 3.7.4
Nathans-MacBook-Pro:python_fundamentals nrp$ source dojo/github/python_stack/my_environments/py3Env/bin/activate
-bash: dojo/github/python_stack/my_environments/py3Env/bin/activate: No such file or directory
Nathans-MacBook-Pro:python_fundamentals nrp$ cd --
Nathans-MacBook-Pro:~ nrp$ source dojo/github/python_stack/my_environments/py3Env/bin/activate
(py3Env) Nathans-MacBook-Pro:~ nrp$ cd dojo/github/python_stack/
(py3Env) Nathans-MacBook-Pro:python_stack nrp$ li
-bash: li: command not found
(py3Env) Nathans-MacBook-Pro:python_stack nrp$ ls
django		flask		my_environments	pip practice	python
(py3Env) Nathans-MacBook-Pro:python_stack nrp$ cd python
(py3Env) Nathans-MacBook-Pro:python nrp$ ls
OOP			python_fundamentals
(py3Env) Nathans-MacBook-Pro:python nrp$ python_fundamentals
-bash: python_fundamentals: command not found
(py3Env) Nathans-MacBook-Pro:python nrp$ cd python_fundamentals
(py3Env) Nathans-MacBook-Pro:python_fundamentals nrp$ touch hello_world.py
(py3Env) Nathans-MacBook-Pro:python_fundamentals nrp$ hello_world.py
-bash: hello_world.py: command not found
(py3Env) Nathans-MacBook-Pro:python_fundamentals nrp$ open hello_world.py
(py3Env) Nathans-MacBook-Pro:python_fundamentals nrp$ python hello_world.py
hello world
Hello Noelle
HelloNoelle
Hello 42
Traceback (most recent call last):
  File "hello_world.py", line 11, in <module>
    print("Hello" + --name)	# with a +	-- this one should give us an error!
TypeError: can only concatenate str (not "int") to str
(py3Env) Nathans-MacBook-Pro:python_fundamentals nrp$ python hello_world.py
hello world
Hello Noelle
HelloNoelle
Hello 42
I love to eat sushi and pizza.
I love to eat sushi and pizza.
(py3Env) Nathans-MacBook-Pro:python_fundamentals nrp$ clear

(py3Env) Nathans-MacBook-Pro:python_fundamentals nrp$ python hello_world.py
hello world
Hello Noelle
HelloNoelle
Hello 42
Traceback (most recent call last):
  File "hello_world.py", line 11, in <module>
    print("Hello" + --name)	# with a +	-- this one should give us an error!
TypeError: can only concatenate str (not "int") to str
(py3Env) Nathans-MacBook-Pro:python_fundamentals nrp$ python hello_world.py
hello world
Hello Noelle
HelloNoelle
Hello 42
I love to eat sushi and pizza.
I love to eat sushi and pizza.
(py3Env) Nathans-MacBook-Pro:python_fundamentals nrp$ clear





(py3Env) Nathans-MacBook-Pro:python_fundamentals nrp$ python hello_world.py
hello world
(py3Env) Nathans-MacBook-Pro:python_fundamentals nrp$ python hello_world.py
hello world
Hello Noelle
(py3Env) Nathans-MacBook-Pro:python_fundamentals nrp$ python hello_world.py
hello world
Hello Noelle
HelloNoelle
(py3Env) Nathans-MacBook-Pro:python_fundamentals nrp$ python hello_world.py
hello world
Hello Noelle
Hello Noelle
(py3Env) Nathans-MacBook-Pro:python_fundamentals nrp$ python hello_world.py
hello world
Hello Noelle
Hello Noelle
Hello 42
(py3Env) Nathans-MacBook-Pro:python_fundamentals nrp$ python hello_world.py
hello world
Hello Noelle
Hello Noelle
Hello 42
Traceback (most recent call last):
  File "hello_world.py", line 11, in <module>
    print("Hello" + name)	# with a +	-- this one should give us an error!
TypeError: can only concatenate str (not "int") to str
(py3Env) Nathans-MacBook-Pro:python_fundamentals nrp$ python hello_world.py
hello world
Hello Noelle
Hello Noelle
Hello 42
Traceback (most recent call last):
  File "hello_world.py", line 11, in <module>
    print("Hello " + name)	# with a +	-- this one should give us an error!
TypeError: can only concatenate str (not "int") to str
(py3Env) Nathans-MacBook-Pro:python_fundamentals nrp$ python hello_world.py
hello world
Hello Noelle
Hello Noelle
Hello 42
I love to eat sushi and pizza.
(py3Env) Nathans-MacBook-Pro:python_fundamentals nrp$ python hello_world.py
hello world
Hello Noelle
Hello Noelle
Hello 42
I love to eat sushi and pizza.
I love to eat sushi and pizza.
(py3Env) Nathans-MacBook-Pro:python_fundamentals nrp$ clear

(py3Env) Nathans-MacBook-Pro:python_fundamentals nrp$ cd -
/Users/nrp/dojo/github/python_stack/python
(py3Env) Nathans-MacBook-Pro:python nrp$ cd -
/Users/nrp/dojo/github/python_stack/python/python_fundamentals
(py3Env) Nathans-MacBook-Pro:python_fundamentals nrp$ cd -
/Users/nrp/dojo/github/python_stack/python
(py3Env) Nathans-MacBook-Pro:python nrp$ ..
-bash: ..: command not found
(py3Env) Nathans-MacBook-Pro:python nrp$ cd..
-bash: cd..: command not found
(py3Env) Nathans-MacBook-Pro:python nrp$ cd../
-bash: cd../: No such file or directory
(py3Env) Nathans-MacBook-Pro:python nrp$ ../
-bash: ../: is a directory
(py3Env) Nathans-MacBook-Pro:python nrp$ clear







(py3Env) Nathans-MacBook-Pro:python nrp$ c --
-bash: c: command not found
(py3Env) Nathans-MacBook-Pro:python nrp$ cd --
(py3Env) Nathans-MacBook-Pro:~ nrp$ clear


















(py3Env) Nathans-MacBook-Pro:~ nrp$ cd dojo/github
(py3Env) Nathans-MacBook-Pro:github nrp$ clear




















(py3Env) Nathans-MacBook-Pro:github nrp$ ls
Python_Stack	WebFun
(py3Env) Nathans-MacBook-Pro:github nrp$ clear



















(py3Env) Nathans-MacBook-Pro:github nrp$ cd python_stack
(py3Env) Nathans-MacBook-Pro:python_stack nrp$ ls
django		flask		my_environments	pip practice	python
(py3Env) Nathans-MacBook-Pro:python_stack nrp$ cd django
(py3Env) Nathans-MacBook-Pro:django nrp$ ls
django_full_stack	django_intro		django_orm
(py3Env) Nathans-MacBook-Pro:django nrp$ cd -
/Users/nrp/dojo/github/python_stack
(py3Env) Nathans-MacBook-Pro:python_stack nrp$ cd flask
(py3Env) Nathans-MacBook-Pro:flask nrp$ ls
flask_fundimentals	flask_mysql
(py3Env) Nathans-MacBook-Pro:flask nrp$ cd -
/Users/nrp/dojo/github/python_stack
(py3Env) Nathans-MacBook-Pro:python_stack nrp$ cd my_environments
(py3Env) Nathans-MacBook-Pro:my_environments nrp$ ls
py3Env
(py3Env) Nathans-MacBook-Pro:my_environments nrp$ cd -
/Users/nrp/dojo/github/python_stack
(py3Env) Nathans-MacBook-Pro:python_stack nrp$ cd python
(py3Env) Nathans-MacBook-Pro:python nrp$ ls
OOP			python_fundamentals
(py3Env) Nathans-MacBook-Pro:python nrp$ cd python_fundamentals
(py3Env) Nathans-MacBook-Pro:python_fundamentals nrp$ ls
hello_world.py	hello_world_py
(py3Env) Nathans-MacBook-Pro:python_fundamentals nrp$ python hello_world.py
hello world
Hello Noelle
Hello Noelle
Hello 42
Hello 42
I love to eat sushi and pizza.
I love to eat sushi and pizza.
(py3Env) Nathans-MacBook-Pro:python_fundamentals nrp$ test.py
-bash: test.py: command not found
(py3Env) Nathans-MacBook-Pro:python_fundamentals nrp$ python test.py
  File "test.py", line 1
    x = 12
    ^
IndentationError: unexpected indent
(py3Env) Nathans-MacBook-Pro:python_fundamentals nrp$ python test.py
  File "test.py", line 1
    x = 12
    ^
IndentationError: unexpected indent
(py3Env) Nathans-MacBook-Pro:python_fundamentals nrp$ python test.py
smaller than 50
bigger than 10
(py3Env) Nathans-MacBook-Pro:python_fundamentals nrp$ touch for_loop_basic1.py
(py3Env) Nathans-MacBook-Pro:python_fundamentals nrp$ open for_loop_basic1.py
(py3Env) Nathans-MacBook-Pro:python_fundamentals nrp$ touch functions.py
(py3Env) Nathans-MacBook-Pro:python_fundamentals nrp$ open functions.py
(py3Env) Nathans-MacBook-Pro:python_fundamentals nrp$ touch functions_basic_1.py
(py3Env) Nathans-MacBook-Pro:python_fundamentals nrp$ open functions_basic_1.py
(py3Env) Nathans-MacBook-Pro:python_fundamentals nrp$ python functions_basic_1.py
5
10
5
5
5
None
25
100
10
7
14
21
8
500
500
300
500
500
500
300
500
500
500
300
300
1
3
2
1
3
5
10
(py3Env) Nathans-MacBook-Pro:python_fundamentals nrp$ python test.py
(py3Env) Nathans-MacBook-Pro:python_fundamentals nrp$ python test.py
(py3Env) Nathans-MacBook-Pro:python_fundamentals nrp$ python test.py
Guido van Rossum
Monty Python
(py3Env) Nathans-MacBook-Pro:python_fundamentals nrp$ python test.py
Guido van Rossum
0
(py3Env) Nathans-MacBook-Pro:python_fundamentals nrp$ python test.py
Guido van Rossum
0
20
(py3Env) Nathans-MacBook-Pro:python_fundamentals nrp$ python test.py
Guido van Rossum
0
20
10
(py3Env) Nathans-MacBook-Pro:python_fundamentals nrp$ python test.py
Guido van Rossum
0
20
15 5
(py3Env) Nathans-MacBook-Pro:python_fundamentals nrp$ python test.py
Guido van Rossum 0
200
Monty Python 0
100
Guido van Rossum 125
Monty Python 175
(py3Env) Nathans-MacBook-Pro:python_fundamentals nrp$ clear

(py3Env) Nathans-MacBook-Pro:python_fundamentals nrp$ python test.py
Guido van Rossum 0
200
Monty Python 0
100
Guido van Rossum 125
Monty Python 175
Guido van Rossum 65
Monty Python 135
(py3Env) Nathans-MacBook-Pro:python_fundamentals nrp$ clear























(py3Env) Nathans-MacBook-Pro:python_fundamentals nrp$ python test.py
Guido van Rossum 0
Guido van Rossum 200
Monty Python 0
Monty Python 90
Guido van Rossum 125
Monty Python 165
(py3Env) Nathans-MacBook-Pro:python_fundamentals nrp$ clear

























(py3Env) Nathans-MacBook-Pro:python_fundamentals nrp$ python test.py
  File "test.py", line 24
    print(jim.name, "account balance"jim.account_balance)
                                       ^
SyntaxError: invalid syntax
(py3Env) Nathans-MacBook-Pro:python_fundamentals nrp$ python test.py
Guido van Rossum 0
Guido van Rossum 200
Jimmathy Halpert 0
Jimmathy Halpert account balance 500
Monty Python 0
Monty Python 90
Guido van Rossum 125
Monty Python 90
Jimmathy Halpert 575
(py3Env) Nathans-MacBook-Pro:python_fundamentals nrp$ clear

















(py3Env) Nathans-MacBook-Pro:python_fundamentals nrp$ python test.py
Guido van Rossum 0
Guido van Rossum *account balance* 200
Jimmathy Halpert *account balance* 0
Jimmathy Halpert *account balance* 500
Monty Python *account balance* 0
Monty Python *account balance* 90
Guido van Rossum *account balance* 125
Monty Python *account balance* 90
Jimmathy Halpert *account balance* 575
(py3Env) Nathans-MacBook-Pro:python_fundamentals nrp$ clear






















(py3Env) Nathans-MacBook-Pro:python_fundamentals nrp$ clear
































(py3Env) Nathans-MacBook-Pro:python_fundamentals nrp$ python test.py
Guido van Rossum *account balance* 0
Guido van Rossum *account balance* 200
Jimmathy Halpert *account balance* 0
Jimmathy Halpert *account balance* 500
Monty Python *account balance* 0
Monty Python *account balance* 90
Guido van Rossum *account balance* 125
Monty Python *account balance* 90
Jimmathy Halpert *account balance* 575
(py3Env) Nathans-MacBook-Pro:python_fundamentals nrp$ clear






















(py3Env) Nathans-MacBook-Pro:python_fundamentals nrp$ python test.py
Guido van Rossum *balance* 0
Guido van Rossum *balance* 200
Jimmathy Halpert *balance* 0
Jimmathy Halpert *balance* 500
Monty Python *balance* 0
Monty Python *balance* 90
Guido van Rossum *balance* 125
Monty Python *balance* 90
Jimmathy Halpert *balance* 575
(py3Env) Nathans-MacBook-Pro:python_fundamentals nrp$ python test.py
Guido van Rossum *balance* 0
Guido van Rossum *balance* 200 

Jimmathy Halpert *balance* 0
Jimmathy Halpert *balance* 500
Monty Python *balance* 0
Monty Python *balance* 90
Guido van Rossum *balance* 125
Monty Python *balance* 90
Jimmathy Halpert *balance* 575
(py3Env) Nathans-MacBook-Pro:python_fundamentals nrp$ clear











(py3Env) Nathans-MacBook-Pro:python_fundamentals nrp$ python test.py
Guido van Rossum *balance* 0
Guido van Rossum *balance* 200 

Jimmathy Halpert *balance* 0
Jimmathy Halpert *balance* 500 

Monty Python *balance* 0
Monty Python *balance* 90 

Guido van Rossum *balance* 125
Monty Python *balance* 90
Jimmathy Halpert *balance* 575
(py3Env) Nathans-MacBook-Pro:python_fundamentals nrp$ clear



















(py3Env) Nathans-MacBook-Pro:python_fundamentals nrp$ python test.py
Guido van Rossum *balance* 0
Guido van Rossum *balance* 200 

Jimmathy Halpert *balance* 0
Jimmathy Halpert *balance* 500 

Monty Python *balance* 0
Monty Python *balance* 90 

Guido van Rossum *balance* 125
Monty Python *balance* 90
Jimmathy Halpert *balance* 575 

(py3Env) Nathans-MacBook-Pro:python_fundamentals nrp$ clear


















(py3Env) Nathans-MacBook-Pro:python_fundamentals nrp$ clear
































(py3Env) Nathans-MacBook-Pro:python_fundamentals nrp$ python test.py

 Guido van Rossum *balance* 0
Guido van Rossum *balance* 200 

Jimmathy Halpert *balance* 0
Jimmathy Halpert *balance* 500 

Monty Python *balance* 0
Monty Python *balance* 90 

Guido van Rossum *balance* 125
Monty Python *balance* 90
Jimmathy Halpert *balance* 575 

(py3Env) Nathans-MacBook-Pro:python_fundamentals nrp$ python test.py

 Guido van Rossum *balance* 0
Guido van Rossum *balance* 200 

Jimmathy Halpert *balance* 0
Jimmathy Halpert *balance* 500 

Monty Python *balance* 0
Monty Python *balance* 90 

Guido van Rossum *balance* 125
Monty Python *balance* 90
Jimmathy Halpert *balance* 575 

(py3Env) Nathans-MacBook-Pro:python_fundamentals nrp$ python test.py


Guido van Rossum *balance* 0
Guido van Rossum *balance* 200 

Jimmathy Halpert *balance* 0
Jimmathy Halpert *balance* 500 

Monty Python *balance* 0
Monty Python *balance* 90 

Guido van Rossum *balance* 125
Monty Python *balance* 90
Jimmathy Halpert *balance* 575 

(py3Env) Nathans-MacBook-Pro:python_fundamentals nrp$ clear

(py3Env) Nathans-MacBook-Pro:python_fundamentals nrp$ python test.py


Guido van Rossum *balance* 0
Guido van Rossum *balance* 200 

Jimmathy Halpert *balance* 0
Jimmathy Halpert *balance* 500 

Monty Python *balance* 0
Monty Python *balance* 90 

Guido van Rossum *balance* 125
Monty Python *balance* 90
Jimmathy Halpert *balance* 575 

(py3Env) Nathans-MacBook-Pro:python_fundamentals nrp$ clear
















(py3Env) Nathans-MacBook-Pro:python_fundamentals nrp$ python test.py


Guido van Rossum *balance* 0
Guido van Rossum *balance* 200 

Monty Python *balance* 0
Monty Python *balance* 90 

Jimmathy Halpert *balance* 0
Jimmathy Halpert *balance* 480 

Guido van Rossum *balance* 125
Monty Python *balance* 90
Jimmathy Halpert *balance* 555 

(py3Env) Nathans-MacBook-Pro:python_fundamentals nrp$ clear
















(py3Env) Nathans-MacBook-Pro:python_fundamentals nrp$ python test.py


Guido van Rossum *balance* 0
Guido van Rossum *balance* 200 

Monty Python *balance* 0
Monty Python *balance* 90 

Jimmathy Halpert *balance* 0
Jimmathy Halpert *balance* 480 

*transfer* Guido van Rossum to Jimmathy Halpert 

Guido van Rossum *balance* 125
Monty Python *balance* 90
Jimmathy Halpert *balance* 555 

(py3Env) Nathans-MacBook-Pro:python_fundamentals nrp$ clear














(py3Env) Nathans-MacBook-Pro:python_fundamentals nrp$ python test.py


Guido van Rossum *balance* 0
Guido van Rossum *balance* 200 

Monty Python *balance* 0
Monty Python *balance* 90 

Jimmathy Halpert *balance* 0
Jimmathy Halpert *balance* 480 

*transfer* Guido van Rossum to Jimmathy Halpert 

Guido van Rossum *balance* 125
Jimmathy Halpert *balance* 555 

Monty Python *balance* 90 

(py3Env) Nathans-MacBook-Pro:python_fundamentals nrp$ clear













(py3Env) Nathans-MacBook-Pro:python_fundamentals nrp$ python test.py


Guido van Rossum *balance* 0
Guido van Rossum *balance* 250
Guido van Rossum *balance* 200 

Monty Python *balance* 0
Monty Python *balance* 140
Monty Python *balance* 90 

Jimmathy Halpert *balance* 0
Jimmathy Halpert *balance* 600
Jimmathy Halpert *balance* 480 

*transfer* Guido van Rossum to Jimmathy Halpert 

Guido van Rossum *balance* 125
Jimmathy Halpert *balance* 555 

Monty Python *balance* 90 

(py3Env) Nathans-MacBook-Pro:python_fundamentals nrp$ clear










(py3Env) Nathans-MacBook-Pro:python_fundamentals nrp$ python test.py


Guido van Rossum *balance* 0
Guido van Rossum *balance* 250
Guido van Rossum *balance* 200 

Monty Python *balance* 0
Monty Python *balance* 140
Monty Python *balance* 90 

Jimmathy Halpert *balance* 0
Jimmathy Halpert *balance* 600
Jimmathy Halpert *balance* 480 

*transfer* Guido van Rossum -to- Jimmathy Halpert 

Guido van Rossum *balance* 125
Jimmathy Halpert *balance* 555 

Monty Python *balance* 90 

(py3Env) Nathans-MacBook-Pro:python_fundamentals nrp$ clear










(py3Env) Nathans-MacBook-Pro:python_fundamentals nrp$ python test.py


Guido van Rossum *balance* 0
Guido van Rossum *balance* 250
Guido van Rossum *balance* 200 

Monty Python *balance* 0
Monty Python *balance* 140
Monty Python *balance* 90 

Jimmathy Halpert *balance* 0
Jimmathy Halpert *balance* 600
Jimmathy Halpert *balance* 480 

*transfer* Guido van Rossum -to- Jimmathy Halpert 

Guido van Rossum *balance* 125
Jimmathy Halpert *balance* 555 

Monty Python *balance* 90 

(py3Env) Nathans-MacBook-Pro:python_fundamentals nrp$ python guido_monty_jim_bank.py


Guido van Rossum *balance* 0
Traceback (most recent call last):
  File "guido_monty_jim_bank.py", line 18, in <module>
    guido.make_deposit(100).make_deposit(60).make_deposit(90)
AttributeError: 'NoneType' object has no attribute 'make_deposit'
(py3Env) Nathans-MacBook-Pro:python_fundamentals nrp$ clear


(py3Env) Nathans-MacBook-Pro:python_fundamentals nrp$ python guido_monty_jim_bank.py


Guido van Rossum *balance* 0
Traceback (most recent call last):
  File "guido_monty_jim_bank.py", line 18, in <module>
    guido.make_deposit(100).make_deposit(60).make_deposit(90)
AttributeError: 'NoneType' object has no attribute 'make_deposit'
(py3Env) Nathans-MacBook-Pro:python_fundamentals nrp$ python guido_monty_jim_bank.py
  File "guido_monty_jim_bank.py", line 19
    .make_deposit(60)
    ^
SyntaxError: invalid syntax
(py3Env) Nathans-MacBook-Pro:python_fundamentals nrp$ python guido_monty_jim_bank.py


Guido van Rossum *balance* 0
Guido van Rossum *balance* 250
Guido van Rossum *balance* 200 

Monty Python *balance* 0
Monty Python *balance* 140
Monty Python *balance* 90 

Jimmathy Halpert *balance* 0
Jimmathy Halpert *balance* 600
Jimmathy Halpert *balance* 480 

*transfer* Guido van Rossum -to- Jimmathy Halpert 

Guido van Rossum *balance* 125
Jimmathy Halpert *balance* 555 

Monty Python *balance* 90 

(py3Env) Nathans-MacBook-Pro:python_fundamentals nrp$ clear

(py3Env) Nathans-MacBook-Pro:python_fundamentals nrp$ python guido_monty_jim_bank.py


Guido van Rossum *balance* 0
Guido van Rossum *balance* 250
Guido van Rossum *balance* 200 

Monty Python *balance* 0
Monty Python *balance* 140
Monty Python *balance* 90 

Jimmathy Halpert *balance* 0
Jimmathy Halpert *balance* 600
Jimmathy Halpert *balance* 480 

*transfer* Guido van Rossum -to- Jimmathy Halpert 

Guido van Rossum *balance* 125
Jimmathy Halpert *balance* 555 

Monty Python *balance* 90 

(py3Env) Nathans-MacBook-Pro:python_fundamentals nrp$ python guido_monty_jim_bank.py


Guido van Rossum *balance* 0
Guido van Rossum *balance* 250
Guido van Rossum *balance* 200 

Monty Python *balance* 0
Monty Python *balance* 140
Monty Python *balance* 90 

Jimmathy Halpert *balance* 0
Jimmathy Halpert *balance* 600
Jimmathy Halpert *balance* 480 

*transfer* Guido van Rossum -to- Jimmathy Halpert 

Guido van Rossum *balance* 125 
 Jimmathy Halpert *balance* 555 
 Monty Python *balance* 90 

(py3Env) Nathans-MacBook-Pro:python_fundamentals nrp$ clear

(py3Env) Nathans-MacBook-Pro:python_fundamentals nrp$ python guido_monty_jim_bank.py


Guido van Rossum *balance* 0
Guido van Rossum *balance* 250
Guido van Rossum *balance* 200 

Monty Python *balance* 0
Monty Python *balance* 140
Monty Python *balance* 90 

Jimmathy Halpert *balance* 0
Jimmathy Halpert *balance* 600
Jimmathy Halpert *balance* 480 

*transfer* Guido van Rossum -to- Jimmathy Halpert 

Guido van Rossum *balance* 125
Jimmathy Halpert *balance* 555 

Monty Python *balance* 90 

(py3Env) Nathans-MacBook-Pro:python_fundamentals nrp$ python test.py


Guido van Rossum *balance* 0
Traceback (most recent call last):
  File "test.py", line 18, in <module>
    guido.make_deposit(100).make_deposit(60)
AttributeError: 'NoneType' object has no attribute 'make_deposit'
(py3Env) Nathans-MacBook-Pro:python_fundamentals nrp$ python test.py


Guido van Rossum *balance* 0
Guido van Rossum *balance* 250
Guido van Rossum *balance* 200 

Monty Python *balance* 0
Monty Python *balance* 140
Monty Python *balance* 90 

Jimmathy Halpert *balance* 0
Jimmathy Halpert *balance* 600
Jimmathy Halpert *balance* 480 

*transfer* Guido van Rossum -to- Jimmathy Halpert 

Guido van Rossum *balance* 125
Jimmathy Halpert *balance* 555 

Monty Python *balance* 90 

(py3Env) Nathans-MacBook-Pro:python_fundamentals nrp$ clear

(py3Env) Nathans-MacBook-Pro:python_fundamentals nrp$ python guido_monty_jim_bank.py


Guido van Rossum *balance* 0
Guido van Rossum *balance* 250
Guido van Rossum *balance* 200 

Monty Python *balance* 0
Monty Python *balance* 140
Monty Python *balance* 90 

Jimmathy Halpert *balance* 0
Jimmathy Halpert *balance* 600
Jimmathy Halpert *balance* 480 

*transfer* Guido van Rossum -to- Jimmathy Halpert 

Guido van Rossum *balance* 125
Jimmathy Halpert *balance* 555 

Monty Python *balance* 90 

(py3Env) Nathans-MacBook-Pro:python_fundamentals nrp$ clear










(py3Env) Nathans-MacBook-Pro:python_fundamentals nrp$ python guido_monty_jim_bank.py
  File "guido_monty_jim_bank.py", line 25
    monty.name, "*balance*", monty.account_balance)
                                                  ^
SyntaxError: invalid syntax
(py3Env) Nathans-MacBook-Pro:python_fundamentals nrp$ clear



























(py3Env) Nathans-MacBook-Pro:python_fundamentals nrp$ python guido_monty_jim_bank.py


Guido van Rossum *balance* 0
Guido van Rossum *balance* 250
Guido van Rossum *balance* 200 

Monty Python *balance* 0
Monty Python *balance* 140
Monty Python *balance* 90 

Jimmathy Halpert *balance* 0
Jimmathy Halpert *balance* 600
Jimmathy Halpert *balance* 480 

*transfer* Guido van Rossum -to- Jimmathy Halpert 

Guido van Rossum *balance* 125
Jimmathy Halpert *balance* 555 

Monty Python *balance* 90 

(py3Env) Nathans-MacBook-Pro:python_fundamentals nrp$ touch class_bank_account.py
(py3Env) Nathans-MacBook-Pro:python_fundamentals nrp$ python class_bank_account.py
  File "class_bank_account.py", line 12
    print(f"Your interest rate is {rate} and your balance is {account_balance}")
    ^
IndentationError: expected an indented block
(py3Env) Nathans-MacBook-Pro:python_fundamentals nrp$ python3 class_bank_account.py
  File "class_bank_account.py", line 12
    print(f"Your interest rate is {rate} and your balance is {account_balance}")
    ^
IndentationError: expected an indented block
(py3Env) Nathans-MacBook-Pro:python_fundamentals nrp$ python3 class_bank_account.py
(py3Env) Nathans-MacBook-Pro:python_fundamentals nrp$ python3 class_bank_account.py
(py3Env) Nathans-MacBook-Pro:python_fundamentals nrp$ clear

(py3Env) Nathans-MacBook-Pro:python_fundamentals nrp$ python3 class_bank_account.py
(py3Env) Nathans-MacBook-Pro:python_fundamentals nrp$ python3 class_bank_account.py
<__main__.BankAccount object at 0x109a3be90> Dwight *balance* 135
(py3Env) Nathans-MacBook-Pro:python_fundamentals nrp$ clear





























(py3Env) Nathans-MacBook-Pro:python_fundamentals nrp$ python3 class_bank_account.py
<__main__.BankAccount object at 0x109d8cf10> Dwight *balance* 135
<__main__.BankAccount object at 0x109d8cfd0> Andy *balance* 235
(py3Env) Nathans-MacBook-Pro:python_fundamentals nrp$ clear





























(py3Env) Nathans-MacBook-Pro:python_fundamentals nrp$ python3 class_bank_account.py
<__main__.BankAccount object at 0x10ed32f10> Dwight *balance* 135
<__main__.BankAccount object at 0x10ed32fd0> Andy *balance* 235
(py3Env) Nathans-MacBook-Pro:python_fundamentals nrp$ python3 class_bank_account.py
Dwight *balance* 100
<__main__.BankAccount object at 0x1088bafd0> Andy *balance* 235
(py3Env) Nathans-MacBook-Pro:python_fundamentals nrp$ clear


























(py3Env) Nathans-MacBook-Pro:python_fundamentals nrp$ python3 class_bank_account.py
Dwight *balance* 100
<__main__.BankAccount object at 0x10cc1ffd0> Andy *balance* 235
(py3Env) Nathans-MacBook-Pro:python_fundamentals nrp$ clear





























(py3Env) Nathans-MacBook-Pro:python_fundamentals nrp$ python3 class_bank_account.py
Traceback (most recent call last):
  File "class_bank_account.py", line 18, in <module>
    account1.make_deposit(20).make_deposit(60).make_deposit(30).make_withdrawal(75) .yield_interst() .display_account_info()
AttributeError: 'BankAccount' object has no attribute 'yield_interst'
(py3Env) Nathans-MacBook-Pro:python_fundamentals nrp$ python3 class_bank_account.py
Traceback (most recent call last):
  File "class_bank_account.py", line 18, in <module>
    account1.make_deposit(20).make_deposit(60).make_deposit(30).make_withdrawal(75) .yield_interest() .display_account_info()
AttributeError: 'NoneType' object has no attribute 'display_account_info'
(py3Env) Nathans-MacBook-Pro:python_fundamentals nrp$ clear




















(py3Env) Nathans-MacBook-Pro:python_fundamentals nrp$ python3 class_bank_account.py
Your interest rate is 2 and your balance is 270
(py3Env) Nathans-MacBook-Pro:python_fundamentals nrp$ clear






























(py3Env) Nathans-MacBook-Pro:python_fundamentals nrp$ python3 class_bank_account.py
Your interest rate is 2 and your balance is 270
Your interest rate is 5 and your balance is 1275
(py3Env) Nathans-MacBook-Pro:python_fundamentals nrp$ clear





























(py3Env) Nathans-MacBook-Pro:python_fundamentals nrp$ python3 class_bank_account.py
Dwight your interest rate is 2 and your balance is 270
Andy your interest rate is 5 and your balance is 1275
(py3Env) Nathans-MacBook-Pro:python_fundamentals nrp$ clear





























(py3Env) Nathans-MacBook-Pro:python_fundamentals nrp$ python3 class_bank_account.py
Dwight your interest rate is 2 and your balance is now 270
Andy your interest rate is 5 and your balance is now 1275
(py3Env) Nathans-MacBook-Pro:python_fundamentals nrp$ clear





























(py3Env) Nathans-MacBook-Pro:python_fundamentals nrp$ python3 association.py
Traceback (most recent call last):
  File "association.py", line 37, in <module>
    print(guido.name, "*balance*", guido.account_balance)
AttributeError: 'User' object has no attribute 'account_balance'
(py3Env) Nathans-MacBook-Pro:python_fundamentals nrp$ python3 association.py
Guido van Rossum *balance* <__main__.BankAccount object at 0x1100f6590>
Traceback (most recent call last):
  File "association.py", line 38, in <module>
    guido.make_deposit(100).make_deposit(60).make_deposit(90)
  File "association.py", line 7, in make_deposit
    self.account_balance += amount
TypeError: unsupported operand type(s) for +=: 'BankAccount' and 'int'
(py3Env) Nathans-MacBook-Pro:python_fundamentals nrp$ clear



















(py3Env) Nathans-MacBook-Pro:python_fundamentals nrp$ python3 association.py
Guido van Rossum *balance* <__main__.BankAccount object at 0x103ad05d0>
Traceback (most recent call last):
  File "association.py", line 38, in <module>
    guido.make_deposit(100).make_deposit(60).make_deposit(90)
  File "association.py", line 7, in make_deposit
    self.account_balance += amount
TypeError: unsupported operand type(s) for +=: 'BankAccount' and 'int'
(py3Env) Nathans-MacBook-Pro:python_fundamentals nrp$ clear
























(py3Env) Nathans-MacBook-Pro:python_fundamentals nrp$ python3 association.py
Guido van Rossum *balance* <__main__.BankAccount object at 0x105b25490>
Traceback (most recent call last):
  File "association.py", line 32, in <module>
    guido.make_deposit(100).make_deposit(60).make_deposit(90)
AttributeError: 'User' object has no attribute 'make_deposit'
(py3Env) Nathans-MacBook-Pro:python_fundamentals nrp$ clear


























(py3Env) Nathans-MacBook-Pro:python_fundamentals nrp$ python3 association.py
Guido van Rossum *balance* <__main__.BankAccount object at 0x10cc315d0>
Traceback (most recent call last):
  File "association.py", line 38, in <module>
    guido.make_deposit(100).make_deposit(60).make_deposit(90)
  File "association.py", line 7, in make_deposit
    self.account += amount
TypeError: unsupported operand type(s) for +=: 'BankAccount' and 'int'
(py3Env) Nathans-MacBook-Pro:python_fundamentals nrp$ clear
























(py3Env) Nathans-MacBook-Pro:python_fundamentals nrp$ python3 association.py
Guido van Rossum *balance* <__main__.BankAccount object at 0x108be9510>
Guido van Rossum *balance* <__main__.BankAccount object at 0x108be9510>
(py3Env) Nathans-MacBook-Pro:python_fundamentals nrp$ python3 association.py
Guido van Rossum *balance* 0
Guido van Rossum *balance* 250
(py3Env) Nathans-MacBook-Pro:python_fundamentals nrp$ python3 association.py
Traceback (most recent call last):
  File "association.py", line 37, in <module>
    print(guido.name, "*balance*", guido.account.balance, guido.account.int_rate)
AttributeError: 'BankAccount' object has no attribute 'int_rate'
(py3Env) Nathans-MacBook-Pro:python_fundamentals nrp$ clear





















(py3Env) Nathans-MacBook-Pro:python_fundamentals nrp$ python3 association.py
Traceback (most recent call last):
  File "association.py", line 37, in <module>
    print(guido.name, "*balance*", guido.account.balance, guido.account.int_rate)
AttributeError: 'BankAccount' object has no attribute 'int_rate'
(py3Env) Nathans-MacBook-Pro:python_fundamentals nrp$ python3 association.py
Guido van Rossum *balance* 0 0.02
Guido van Rossum *balance* 250 0.02
(py3Env) Nathans-MacBook-Pro:python_fundamentals nrp$ clear
























(py3Env) Nathans-MacBook-Pro:python_fundamentals nrp$ python3 association.py
Guido van Rossum *balance* 0
Guido van Rossum *balance* 5.0
(py3Env) Nathans-MacBook-Pro:python_fundamentals nrp$ python3 association.py
Guido van Rossum *balance* 0
Guido van Rossum *balance* 255.0
(py3Env) Nathans-MacBook-Pro:python_fundamentals nrp$ clear


























(py3Env) Nathans-MacBook-Pro:python_fundamentals nrp$ python3 association.py
Guido van Rossum *balance* 0
Guido van Rossum *balance* 255.0
(py3Env) Nathans-MacBook-Pro:python_fundamentals nrp$ python3 test.py
Traceback (most recent call last):
  File "/Library/Frameworks/Python.framework/Versions/3.7/lib/python3.7/urllib/request.py", line 1317, in do_open
    encode_chunked=req.has_header('Transfer-encoding'))
  File "/Library/Frameworks/Python.framework/Versions/3.7/lib/python3.7/http/client.py", line 1244, in request
    self._send_request(method, url, body, headers, encode_chunked)
  File "/Library/Frameworks/Python.framework/Versions/3.7/lib/python3.7/http/client.py", line 1290, in _send_request
    self.endheaders(body, encode_chunked=encode_chunked)
  File "/Library/Frameworks/Python.framework/Versions/3.7/lib/python3.7/http/client.py", line 1239, in endheaders
    self._send_output(message_body, encode_chunked=encode_chunked)
  File "/Library/Frameworks/Python.framework/Versions/3.7/lib/python3.7/http/client.py", line 1026, in _send_output
    self.send(msg)
  File "/Library/Frameworks/Python.framework/Versions/3.7/lib/python3.7/http/client.py", line 966, in send
    self.connect()
  File "/Library/Frameworks/Python.framework/Versions/3.7/lib/python3.7/http/client.py", line 1414, in connect
    server_hostname=server_hostname)
  File "/Library/Frameworks/Python.framework/Versions/3.7/lib/python3.7/ssl.py", line 423, in wrap_socket
    session=session
  File "/Library/Frameworks/Python.framework/Versions/3.7/lib/python3.7/ssl.py", line 870, in _create
    self.do_handshake()
  File "/Library/Frameworks/Python.framework/Versions/3.7/lib/python3.7/ssl.py", line 1139, in do_handshake
    self._sslobj.do_handshake()
ssl.SSLCertVerificationError: [SSL: CERTIFICATE_VERIFY_FAILED] certificate verify failed: self signed certificate in certificate chain (_ssl.c:1076)

During handling of the above exception, another exception occurred:

Traceback (most recent call last):
  File "test.py", line 2, in <module>
    response = urllib.request.urlopen("http://www.codingdojo.com")
  File "/Library/Frameworks/Python.framework/Versions/3.7/lib/python3.7/urllib/request.py", line 222, in urlopen
    return opener.open(url, data, timeout)
  File "/Library/Frameworks/Python.framework/Versions/3.7/lib/python3.7/urllib/request.py", line 531, in open
    response = meth(req, response)
  File "/Library/Frameworks/Python.framework/Versions/3.7/lib/python3.7/urllib/request.py", line 641, in http_response
    'http', request, response, code, msg, hdrs)
  File "/Library/Frameworks/Python.framework/Versions/3.7/lib/python3.7/urllib/request.py", line 563, in error
    result = self._call_chain(*args)
  File "/Library/Frameworks/Python.framework/Versions/3.7/lib/python3.7/urllib/request.py", line 503, in _call_chain
    result = func(*args)
  File "/Library/Frameworks/Python.framework/Versions/3.7/lib/python3.7/urllib/request.py", line 755, in http_error_302
    return self.parent.open(new, timeout=req.timeout)
  File "/Library/Frameworks/Python.framework/Versions/3.7/lib/python3.7/urllib/request.py", line 525, in open
    response = self._open(req, data)
  File "/Library/Frameworks/Python.framework/Versions/3.7/lib/python3.7/urllib/request.py", line 543, in _open
    '_open', req)
  File "/Library/Frameworks/Python.framework/Versions/3.7/lib/python3.7/urllib/request.py", line 503, in _call_chain
    result = func(*args)
  File "/Library/Frameworks/Python.framework/Versions/3.7/lib/python3.7/urllib/request.py", line 1360, in https_open
    context=self._context, check_hostname=self._check_hostname)
  File "/Library/Frameworks/Python.framework/Versions/3.7/lib/python3.7/urllib/request.py", line 1319, in do_open
    raise URLError(err)
urllib.error.URLError: <urlopen error [SSL: CERTIFICATE_VERIFY_FAILED] certificate verify failed: self signed certificate in certificate chain (_ssl.c:1076)>
(py3Env) Nathans-MacBook-Pro:python_fundamentals nrp$ clear

(py3Env) Nathans-MacBook-Pro:python_fundamentals nrp$ python3 test.py
Traceback (most recent call last):
  File "/Library/Frameworks/Python.framework/Versions/3.7/lib/python3.7/urllib/request.py", line 1317, in do_open
    encode_chunked=req.has_header('Transfer-encoding'))
  File "/Library/Frameworks/Python.framework/Versions/3.7/lib/python3.7/http/client.py", line 1244, in request
    self._send_request(method, url, body, headers, encode_chunked)
  File "/Library/Frameworks/Python.framework/Versions/3.7/lib/python3.7/http/client.py", line 1290, in _send_request
    self.endheaders(body, encode_chunked=encode_chunked)
  File "/Library/Frameworks/Python.framework/Versions/3.7/lib/python3.7/http/client.py", line 1239, in endheaders
    self._send_output(message_body, encode_chunked=encode_chunked)
  File "/Library/Frameworks/Python.framework/Versions/3.7/lib/python3.7/http/client.py", line 1026, in _send_output
    self.send(msg)
  File "/Library/Frameworks/Python.framework/Versions/3.7/lib/python3.7/http/client.py", line 966, in send
    self.connect()
  File "/Library/Frameworks/Python.framework/Versions/3.7/lib/python3.7/http/client.py", line 1414, in connect
    server_hostname=server_hostname)
  File "/Library/Frameworks/Python.framework/Versions/3.7/lib/python3.7/ssl.py", line 423, in wrap_socket
    session=session
  File "/Library/Frameworks/Python.framework/Versions/3.7/lib/python3.7/ssl.py", line 870, in _create
    self.do_handshake()
  File "/Library/Frameworks/Python.framework/Versions/3.7/lib/python3.7/ssl.py", line 1139, in do_handshake
    self._sslobj.do_handshake()
ssl.SSLCertVerificationError: [SSL: CERTIFICATE_VERIFY_FAILED] certificate verify failed: self signed certificate in certificate chain (_ssl.c:1076)

During handling of the above exception, another exception occurred:

Traceback (most recent call last):
  File "test.py", line 2, in <module>
    response = urllib.request.urlopen("http://www.codingdojo.com")
  File "/Library/Frameworks/Python.framework/Versions/3.7/lib/python3.7/urllib/request.py", line 222, in urlopen
    return opener.open(url, data, timeout)
  File "/Library/Frameworks/Python.framework/Versions/3.7/lib/python3.7/urllib/request.py", line 531, in open
    response = meth(req, response)
  File "/Library/Frameworks/Python.framework/Versions/3.7/lib/python3.7/urllib/request.py", line 641, in http_response
    'http', request, response, code, msg, hdrs)
  File "/Library/Frameworks/Python.framework/Versions/3.7/lib/python3.7/urllib/request.py", line 563, in error
    result = self._call_chain(*args)
  File "/Library/Frameworks/Python.framework/Versions/3.7/lib/python3.7/urllib/request.py", line 503, in _call_chain
    result = func(*args)
  File "/Library/Frameworks/Python.framework/Versions/3.7/lib/python3.7/urllib/request.py", line 755, in http_error_302
    return self.parent.open(new, timeout=req.timeout)
  File "/Library/Frameworks/Python.framework/Versions/3.7/lib/python3.7/urllib/request.py", line 525, in open
    response = self._open(req, data)
  File "/Library/Frameworks/Python.framework/Versions/3.7/lib/python3.7/urllib/request.py", line 543, in _open
    '_open', req)
  File "/Library/Frameworks/Python.framework/Versions/3.7/lib/python3.7/urllib/request.py", line 503, in _call_chain
    result = func(*args)
  File "/Library/Frameworks/Python.framework/Versions/3.7/lib/python3.7/urllib/request.py", line 1360, in https_open
    context=self._context, check_hostname=self._check_hostname)
  File "/Library/Frameworks/Python.framework/Versions/3.7/lib/python3.7/urllib/request.py", line 1319, in do_open
    raise URLError(err)
urllib.error.URLError: <urlopen error [SSL: CERTIFICATE_VERIFY_FAILED] certificate verify failed: self signed certificate in certificate chain (_ssl.c:1076)>
(py3Env) Nathans-MacBook-Pro:python_fundamentals nrp$ clear

(py3Env) Nathans-MacBook-Pro:python_fundamentals nrp$ python3 test.py
(py3Env) Nathans-MacBook-Pro:python_fundamentals nrp$ python3 test.py
(py3Env) Nathans-MacBook-Pro:python_fundamentals nrp$ python3 calculations.py
13
5
72
(py3Env) Nathans-MacBook-Pro:python_fundamentals nrp$ cd -
/Users/nrp/dojo/github/python_stack/python
(py3Env) Nathans-MacBook-Pro:python nrp$ mkdir python_OOP
(py3Env) Nathans-MacBook-Pro:python nrp$ cd python_OOP
(py3Env) Nathans-MacBook-Pro:python_OOP nrp$ mkdir my_modules
(py3Env) Nathans-MacBook-Pro:python_OOP nrp$ cd my_modules
(py3Env) Nathans-MacBook-Pro:my_modules nrp$ touch test_module.py
(py3Env) Nathans-MacBook-Pro:my_modules nrp$ open test_module.py
(py3Env) Nathans-MacBook-Pro:my_modules nrp$ python test_module.py
running setUp
running tearDown tasks
.running setUp
running tearDown tasks
.
----------------------------------------------------------------------
Ran 2 tests in 0.000s

OK
(py3Env) Nathans-MacBook-Pro:my_modules nrp$ cd -
/Users/nrp/dojo/github/python_stack/python/python_OOP
(py3Env) Nathans-MacBook-Pro:python_OOP nrp$ touch math_dojo.py
(py3Env) Nathans-MacBook-Pro:python_OOP nrp$ open math_dojo.py
(py3Env) Nathans-MacBook-Pro:python_OOP nrp$ python3 math_dojo.py
Traceback (most recent call last):
  File "math_dojo.py", line 13, in <module>
    x = md.add(2).add(2,5,1).subtract(3,2).result
AttributeError: 'NoneType' object has no attribute 'add'
(py3Env) Nathans-MacBook-Pro:python_OOP nrp$ python3 math_dojo.py
Traceback (most recent call last):
  File "math_dojo.py", line 13, in <module>
    x = md.add(2).add(2,5,1).subtract(3,2).result
AttributeError: 'NoneType' object has no attribute 'add'
(py3Env) Nathans-MacBook-Pro:python_OOP nrp$ python3 math_dojo.py
Traceback (most recent call last):
  File "math_dojo.py", line 13, in <module>
    x = md.add(2).add(2,5,1).subtract(3,2).result
AttributeError: 'NoneType' object has no attribute 'add'
(py3Env) Nathans-MacBook-Pro:python_OOP nrp$ python3 math_dojo.py
Traceback (most recent call last):
  File "math_dojo.py", line 13, in <module>
    x = md.add(2).add(2,5,1).subtract(3,2).result
AttributeError: 'NoneType' object has no attribute 'add'
(py3Env) Nathans-MacBook-Pro:python_OOP nrp$ python3 math_dojo.py
Traceback (most recent call last):
  File "math_dojo.py", line 12, in <module>
    x = md.add(2).add(2,5,1).subtract(3,2).result
AttributeError: 'NoneType' object has no attribute 'add'
(py3Env) Nathans-MacBook-Pro:python_OOP nrp$ clear

(py3Env) Nathans-MacBook-Pro:python_OOP nrp$ python3 math_dojo.py
Traceback (most recent call last):
  File "math_dojo.py", line 10, in <module>
    x = md.add(2).add(2,5,1).subtract(3,2).result
AttributeError: 'NoneType' object has no attribute 'add'
(py3Env) Nathans-MacBook-Pro:python_OOP nrp$ python3 math_dojo.py
Traceback (most recent call last):
  File "math_dojo.py", line 12, in <module>
    x = md.add(2).add(2,5,1).subtract(3,2).result
AttributeError: 'NoneType' object has no attribute 'add'
(py3Env) Nathans-MacBook-Pro:python_OOP nrp$ python3 math_dojo.py
Traceback (most recent call last):
  File "math_dojo.py", line 12, in <module>
    x = md.add(2).add(2,5,1).subtract(3,2).result
  File "math_dojo.py", line 5, in add
    self.results += num 
AttributeError: 'MathDojo' object has no attribute 'results'
(py3Env) Nathans-MacBook-Pro:python_OOP nrp$ touch math_dojo.py
(py3Env) Nathans-MacBook-Pro:python_OOP nrp$ open math_dojo.py
(py3Env) Nathans-MacBook-Pro:python_OOP nrp$ python3 math_dojo.py
Traceback (most recent call last):
  File "math_dojo.py", line 17, in <module>
    y = md.add(1,3,8).add(40).add(100).result
AttributeError: 'MathDojo' object has no attribute 'add'
(py3Env) Nathans-MacBook-Pro:python_OOP nrp$ source dojo/github/python_stack/my_environments/py3Env/bin/activate
-bash: dojo/github/python_stack/my_environments/py3Env/bin/activate: No such file or directory
(py3Env) Nathans-MacBook-Pro:python_OOP nrp$ deactivate
Nathans-MacBook-Pro:python_OOP nrp$ cd-
-bash: cd-: command not found
Nathans-MacBook-Pro:python_OOP nrp$ cd -
/Users/nrp/dojo/github/python_stack/python/python_OOP/my_modules
Nathans-MacBook-Pro:my_modules nrp$ cd -
/Users/nrp/dojo/github/python_stack/python/python_OOP
Nathans-MacBook-Pro:python_OOP nrp$ cd ./
Nathans-MacBook-Pro:python_OOP nrp$ cd ../
Nathans-MacBook-Pro:python nrp$ cd ../
Nathans-MacBook-Pro:python_stack nrp$ ls
django		flask		my_environments	pip practice	python
Nathans-MacBook-Pro:python_stack nrp$ cd my_environments
Nathans-MacBook-Pro:my_environments nrp$ source py3Env/bin/activate
(py3Env) Nathans-MacBook-Pro:my_environments nrp$ flask --version
Python 3.7.4
Flask 1.1.1
Werkzeug 0.16.0
(py3Env) Nathans-MacBook-Pro:my_environments nrp$ pip install django
Collecting django
  Downloading https://files.pythonhosted.org/packages/b2/79/df0ffea7bf1e02c073c2633702c90f4384645c40a1dd09a308e02ef0c817/Django-2.2.6-py3-none-any.whl (7.5MB)
     |â–ˆâ–ˆâ–ˆâ–ˆâ–ˆâ–ˆâ–ˆâ–ˆâ–ˆâ–ˆâ–ˆâ–ˆâ–ˆâ–ˆâ–ˆâ–ˆâ–ˆâ–ˆâ–ˆâ–ˆâ–ˆâ–ˆâ–ˆâ–ˆâ–ˆâ–ˆâ–ˆâ–ˆâ–ˆâ–ˆâ–ˆâ–ˆ| 7.5MB 4.8MB/s 
Requirement already satisfied: pytz in ./py3Env/lib/python3.7/site-packages (from django) (2019.2)
Requirement already satisfied: sqlparse in ./py3Env/lib/python3.7/site-packages (from django) (0.3.0)
Installing collected packages: django
Successfully installed django-2.2.6
(py3Env) Nathans-MacBook-Pro:my_environments nrp$ cd -
/Users/nrp/dojo/github/python_stack
(py3Env) Nathans-MacBook-Pro:python_stack nrp$ ls
django		flask		my_environments	pip practice	python
(py3Env) Nathans-MacBook-Pro:python_stack nrp$ cd flask
(py3Env) Nathans-MacBook-Pro:flask nrp$ ls
flask_fundimentals	flask_mysql
(py3Env) Nathans-MacBook-Pro:flask nrp$ cd flask_fundamentals
(py3Env) Nathans-MacBook-Pro:flask_fundamentals nrp$ mkdir hello_flask
(py3Env) Nathans-MacBook-Pro:flask_fundamentals nrp$ cd hello_flask
(py3Env) Nathans-MacBook-Pro:hello_flask nrp$ touch hello.py
(py3Env) Nathans-MacBook-Pro:hello_flask nrp$ open hello.py
(py3Env) Nathans-MacBook-Pro:hello_flask nrp$ open hello.py
(py3Env) Nathans-MacBook-Pro:hello_flask nrp$ python3 hello.py
  File "hello.py", line 7
    Â Â Â Â app.run(debug=True)    # Run the app in debug mode.
          ^
SyntaxError: invalid character in identifier
(py3Env) Nathans-MacBook-Pro:hello_flask nrp$ python3 hello.py
 * Serving Flask app "hello" (lazy loading)
 * Environment: production
   WARNING: This is a development server. Do not use it in a production deployment.
   Use a production WSGI server instead.
 * Debug mode: on
 * Running on http://127.0.0.1:5000/ (Press CTRL+C to quit)
 * Restarting with stat
 * Debugger is active!
 * Debugger PIN: 856-398-988
127.0.0.1 - - [03/Oct/2019 13:30:28] "GET / HTTP/1.1" 200 -
127.0.0.1 - - [03/Oct/2019 13:30:28] "GET /favicon.ico HTTP/1.1" 404 -
 * Detected change in '/Users/nrp/DoJo/GitHub/Python_Stack/flask/flask_fundamentals/hello_flask/hello.py', reloading
 * Restarting with stat
 * Debugger is active!
 * Debugger PIN: 856-398-988
^C(py3Env) Nathans-MacBook-Pro:hello_flask nrp$ cd -
/Users/nrp/dojo/github/python_stack/flask/flask_fundamentals
(py3Env) Nathans-MacBook-Pro:flask_fundamentals nrp$ touch server.py
(py3Env) Nathans-MacBook-Pro:flask_fundamentals nrp$ open server.py
(py3Env) Nathans-MacBook-Pro:flask_fundamentals nrp$ touch index.html
(py3Env) Nathans-MacBook-Pro:flask_fundamentals nrp$ open index.html
(py3Env) Nathans-MacBook-Pro:flask_fundamentals nrp$ cd ls
-bash: cd: ls: No such file or directory
(py3Env) Nathans-MacBook-Pro:flask_fundamentals nrp$ ls
checkerboard	hello_flask	index.html	server.py
(py3Env) Nathans-MacBook-Pro:flask_fundamentals nrp$ cd checherboard/static
-bash: cd: checherboard/static: No such file or directory
(py3Env) Nathans-MacBook-Pro:flask_fundamentals nrp$ cd checherboard
-bash: cd: checherboard: No such file or directory
(py3Env) Nathans-MacBook-Pro:flask_fundamentals nrp$ cd checkerboard/static
(py3Env) Nathans-MacBook-Pro:static nrp$ touch style.css
(py3Env) Nathans-MacBook-Pro:static nrp$ open style.css
(py3Env) Nathans-MacBook-Pro:static nrp$ cd -
/Users/nrp/dojo/github/python_stack/flask/flask_fundamentals
(py3Env) Nathans-MacBook-Pro:flask_fundamentals nrp$ ls
checkerboard	hello_flask
(py3Env) Nathans-MacBook-Pro:flask_fundamentals nrp$ cd checkerboard/
(py3Env) Nathans-MacBook-Pro:checkerboard nrp$ ls
server.py	static		templates
(py3Env) Nathans-MacBook-Pro:checkerboard nrp$ python3 server.py
(py3Env) Nathans-MacBook-Pro:checkerboard nrp$ python3 server.py
 * Serving Flask app "server" (lazy loading)
 * Environment: production
   WARNING: This is a development server. Do not use it in a production deployment.
   Use a production WSGI server instead.
 * Debug mode: on
 * Running on http://127.0.0.1:5000/ (Press CTRL+C to quit)
 * Restarting with stat
 * Debugger is active!
 * Debugger PIN: 856-398-988
127.0.0.1 - - [03/Oct/2019 14:41:15] "GET / HTTP/1.1" 500 -
Traceback (most recent call last):
  File "/Users/nrp/DoJo/GitHub/Python_Stack/my_environments/py3Env/lib/python3.7/site-packages/flask/app.py", line 2463, in __call__
    return self.wsgi_app(environ, start_response)
  File "/Users/nrp/DoJo/GitHub/Python_Stack/my_environments/py3Env/lib/python3.7/site-packages/flask/app.py", line 2449, in wsgi_app
    response = self.handle_exception(e)
  File "/Users/nrp/DoJo/GitHub/Python_Stack/my_environments/py3Env/lib/python3.7/site-packages/flask/app.py", line 1866, in handle_exception
    reraise(exc_type, exc_value, tb)
  File "/Users/nrp/DoJo/GitHub/Python_Stack/my_environments/py3Env/lib/python3.7/site-packages/flask/_compat.py", line 39, in reraise
    raise value
  File "/Users/nrp/DoJo/GitHub/Python_Stack/my_environments/py3Env/lib/python3.7/site-packages/flask/app.py", line 2446, in wsgi_app
    response = self.full_dispatch_request()
  File "/Users/nrp/DoJo/GitHub/Python_Stack/my_environments/py3Env/lib/python3.7/site-packages/flask/app.py", line 1951, in full_dispatch_request
    rv = self.handle_user_exception(e)
  File "/Users/nrp/DoJo/GitHub/Python_Stack/my_environments/py3Env/lib/python3.7/site-packages/flask/app.py", line 1820, in handle_user_exception
    reraise(exc_type, exc_value, tb)
  File "/Users/nrp/DoJo/GitHub/Python_Stack/my_environments/py3Env/lib/python3.7/site-packages/flask/_compat.py", line 39, in reraise
    raise value
  File "/Users/nrp/DoJo/GitHub/Python_Stack/my_environments/py3Env/lib/python3.7/site-packages/flask/app.py", line 1949, in full_dispatch_request
    rv = self.dispatch_request()
  File "/Users/nrp/DoJo/GitHub/Python_Stack/my_environments/py3Env/lib/python3.7/site-packages/flask/app.py", line 1935, in dispatch_request
    return self.view_functions[rule.endpoint](**req.view_args)
  File "/Users/nrp/DoJo/GitHub/Python_Stack/flask/flask_fundamentals/checkerboard/server.py", line 7, in index
    return render_template("index.html")
  File "/Users/nrp/DoJo/GitHub/Python_Stack/my_environments/py3Env/lib/python3.7/site-packages/flask/templating.py", line 140, in render_template
    ctx.app,
  File "/Users/nrp/DoJo/GitHub/Python_Stack/my_environments/py3Env/lib/python3.7/site-packages/flask/templating.py", line 120, in _render
    rv = template.render(context)
  File "/Users/nrp/DoJo/GitHub/Python_Stack/my_environments/py3Env/lib/python3.7/site-packages/jinja2/asyncsupport.py", line 76, in render
    return original_render(self, *args, **kwargs)
  File "/Users/nrp/DoJo/GitHub/Python_Stack/my_environments/py3Env/lib/python3.7/site-packages/jinja2/environment.py", line 1008, in render
    return self.environment.handle_exception(exc_info, True)
  File "/Users/nrp/DoJo/GitHub/Python_Stack/my_environments/py3Env/lib/python3.7/site-packages/jinja2/environment.py", line 780, in handle_exception
    reraise(exc_type, exc_value, tb)
  File "/Users/nrp/DoJo/GitHub/Python_Stack/my_environments/py3Env/lib/python3.7/site-packages/jinja2/_compat.py", line 37, in reraise
    raise value.with_traceback(tb)
  File "/Users/nrp/DoJo/GitHub/Python_Stack/flask/flask_fundamentals/checkerboard/templates/index.html", line 12, in top-level template code
    {% for i in range(o,4) %}
TypeError: 'Undefined' object cannot be interpreted as an integer
127.0.0.1 - - [03/Oct/2019 14:41:15] "GET /?__debugger__=yes&cmd=resource&f=style.css HTTP/1.1" 200 -
127.0.0.1 - - [03/Oct/2019 14:41:15] "GET /?__debugger__=yes&cmd=resource&f=jquery.js HTTP/1.1" 200 -
127.0.0.1 - - [03/Oct/2019 14:41:15] "GET /?__debugger__=yes&cmd=resource&f=debugger.js HTTP/1.1" 200 -
127.0.0.1 - - [03/Oct/2019 14:41:15] "GET /?__debugger__=yes&cmd=resource&f=ubuntu.ttf HTTP/1.1" 200 -
127.0.0.1 - - [03/Oct/2019 14:41:15] "GET /?__debugger__=yes&cmd=resource&f=console.png HTTP/1.1" 200 -
127.0.0.1 - - [03/Oct/2019 14:41:15] "GET /?__debugger__=yes&cmd=resource&f=console.png HTTP/1.1" 200 -
127.0.0.1 - - [03/Oct/2019 14:41:43] "GET / HTTP/1.1" 200 -
127.0.0.1 - - [03/Oct/2019 14:42:53] "GET / HTTP/1.1" 200 -
127.0.0.1 - - [03/Oct/2019 14:42:53] "GET /static/style.css HTTP/1.1" 200 -
127.0.0.1 - - [03/Oct/2019 14:48:26] "GET / HTTP/1.1" 200 -
127.0.0.1 - - [03/Oct/2019 14:48:52] "GET / HTTP/1.1" 200 -
127.0.0.1 - - [03/Oct/2019 14:53:04] "GET / HTTP/1.1" 500 -
Traceback (most recent call last):
  File "/Users/nrp/DoJo/GitHub/Python_Stack/my_environments/py3Env/lib/python3.7/site-packages/flask/app.py", line 2463, in __call__
    return self.wsgi_app(environ, start_response)
  File "/Users/nrp/DoJo/GitHub/Python_Stack/my_environments/py3Env/lib/python3.7/site-packages/flask/app.py", line 2449, in wsgi_app
    response = self.handle_exception(e)
  File "/Users/nrp/DoJo/GitHub/Python_Stack/my_environments/py3Env/lib/python3.7/site-packages/flask/app.py", line 1866, in handle_exception
    reraise(exc_type, exc_value, tb)
  File "/Users/nrp/DoJo/GitHub/Python_Stack/my_environments/py3Env/lib/python3.7/site-packages/flask/_compat.py", line 39, in reraise
    raise value
  File "/Users/nrp/DoJo/GitHub/Python_Stack/my_environments/py3Env/lib/python3.7/site-packages/flask/app.py", line 2446, in wsgi_app
    response = self.full_dispatch_request()
  File "/Users/nrp/DoJo/GitHub/Python_Stack/my_environments/py3Env/lib/python3.7/site-packages/flask/app.py", line 1951, in full_dispatch_request
    rv = self.handle_user_exception(e)
  File "/Users/nrp/DoJo/GitHub/Python_Stack/my_environments/py3Env/lib/python3.7/site-packages/flask/app.py", line 1820, in handle_user_exception
    reraise(exc_type, exc_value, tb)
  File "/Users/nrp/DoJo/GitHub/Python_Stack/my_environments/py3Env/lib/python3.7/site-packages/flask/_compat.py", line 39, in reraise
    raise value
  File "/Users/nrp/DoJo/GitHub/Python_Stack/my_environments/py3Env/lib/python3.7/site-packages/flask/app.py", line 1949, in full_dispatch_request
    rv = self.dispatch_request()
  File "/Users/nrp/DoJo/GitHub/Python_Stack/my_environments/py3Env/lib/python3.7/site-packages/flask/app.py", line 1935, in dispatch_request
    return self.view_functions[rule.endpoint](**req.view_args)
  File "/Users/nrp/DoJo/GitHub/Python_Stack/flask/flask_fundamentals/checkerboard/server.py", line 7, in index
    return render_template("index.html")
  File "/Users/nrp/DoJo/GitHub/Python_Stack/my_environments/py3Env/lib/python3.7/site-packages/flask/templating.py", line 140, in render_template
    ctx.app,
  File "/Users/nrp/DoJo/GitHub/Python_Stack/my_environments/py3Env/lib/python3.7/site-packages/flask/templating.py", line 120, in _render
    rv = template.render(context)
  File "/Users/nrp/DoJo/GitHub/Python_Stack/my_environments/py3Env/lib/python3.7/site-packages/jinja2/asyncsupport.py", line 76, in render
    return original_render(self, *args, **kwargs)
  File "/Users/nrp/DoJo/GitHub/Python_Stack/my_environments/py3Env/lib/python3.7/site-packages/jinja2/environment.py", line 1008, in render
    return self.environment.handle_exception(exc_info, True)
  File "/Users/nrp/DoJo/GitHub/Python_Stack/my_environments/py3Env/lib/python3.7/site-packages/jinja2/environment.py", line 780, in handle_exception
    reraise(exc_type, exc_value, tb)
  File "/Users/nrp/DoJo/GitHub/Python_Stack/my_environments/py3Env/lib/python3.7/site-packages/jinja2/_compat.py", line 37, in reraise
    raise value.with_traceback(tb)
  File "/Users/nrp/DoJo/GitHub/Python_Stack/flask/flask_fundamentals/checkerboard/templates/index.html", line 14, in top-level template code
    {% for j in range(o,8) %}
TypeError: 'Undefined' object cannot be interpreted as an integer
127.0.0.1 - - [03/Oct/2019 14:53:04] "GET /?__debugger__=yes&cmd=resource&f=style.css HTTP/1.1" 200 -
127.0.0.1 - - [03/Oct/2019 14:53:04] "GET /?__debugger__=yes&cmd=resource&f=jquery.js HTTP/1.1" 200 -
127.0.0.1 - - [03/Oct/2019 14:53:04] "GET /?__debugger__=yes&cmd=resource&f=debugger.js HTTP/1.1" 200 -
127.0.0.1 - - [03/Oct/2019 14:53:04] "GET /?__debugger__=yes&cmd=resource&f=console.png HTTP/1.1" 200 -
127.0.0.1 - - [03/Oct/2019 14:53:04] "GET /?__debugger__=yes&cmd=resource&f=ubuntu.ttf HTTP/1.1" 200 -
127.0.0.1 - - [03/Oct/2019 14:53:04] "GET /?__debugger__=yes&cmd=resource&f=console.png HTTP/1.1" 200 -
127.0.0.1 - - [03/Oct/2019 14:53:51] "GET / HTTP/1.1" 200 -
127.0.0.1 - - [03/Oct/2019 15:08:57] "GET / HTTP/1.1" 500 -
Traceback (most recent call last):
  File "/Users/nrp/DoJo/GitHub/Python_Stack/my_environments/py3Env/lib/python3.7/site-packages/flask/app.py", line 2463, in __call__
    return self.wsgi_app(environ, start_response)
  File "/Users/nrp/DoJo/GitHub/Python_Stack/my_environments/py3Env/lib/python3.7/site-packages/flask/app.py", line 2449, in wsgi_app
    response = self.handle_exception(e)
  File "/Users/nrp/DoJo/GitHub/Python_Stack/my_environments/py3Env/lib/python3.7/site-packages/flask/app.py", line 1866, in handle_exception
    reraise(exc_type, exc_value, tb)
  File "/Users/nrp/DoJo/GitHub/Python_Stack/my_environments/py3Env/lib/python3.7/site-packages/flask/_compat.py", line 39, in reraise
    raise value
  File "/Users/nrp/DoJo/GitHub/Python_Stack/my_environments/py3Env/lib/python3.7/site-packages/flask/app.py", line 2446, in wsgi_app
    response = self.full_dispatch_request()
  File "/Users/nrp/DoJo/GitHub/Python_Stack/my_environments/py3Env/lib/python3.7/site-packages/flask/app.py", line 1951, in full_dispatch_request
    rv = self.handle_user_exception(e)
  File "/Users/nrp/DoJo/GitHub/Python_Stack/my_environments/py3Env/lib/python3.7/site-packages/flask/app.py", line 1820, in handle_user_exception
    reraise(exc_type, exc_value, tb)
  File "/Users/nrp/DoJo/GitHub/Python_Stack/my_environments/py3Env/lib/python3.7/site-packages/flask/_compat.py", line 39, in reraise
    raise value
  File "/Users/nrp/DoJo/GitHub/Python_Stack/my_environments/py3Env/lib/python3.7/site-packages/flask/app.py", line 1949, in full_dispatch_request
    rv = self.dispatch_request()
  File "/Users/nrp/DoJo/GitHub/Python_Stack/my_environments/py3Env/lib/python3.7/site-packages/flask/app.py", line 1935, in dispatch_request
    return self.view_functions[rule.endpoint](**req.view_args)
  File "/Users/nrp/DoJo/GitHub/Python_Stack/flask/flask_fundamentals/checkerboard/server.py", line 7, in index
    return render_template("index.html")
  File "/Users/nrp/DoJo/GitHub/Python_Stack/my_environments/py3Env/lib/python3.7/site-packages/flask/templating.py", line 138, in render_template
    ctx.app.jinja_env.get_or_select_template(template_name_or_list),
  File "/Users/nrp/DoJo/GitHub/Python_Stack/my_environments/py3Env/lib/python3.7/site-packages/jinja2/environment.py", line 869, in get_or_select_template
    return self.get_template(template_name_or_list, parent, globals)
  File "/Users/nrp/DoJo/GitHub/Python_Stack/my_environments/py3Env/lib/python3.7/site-packages/jinja2/environment.py", line 830, in get_template
    return self._load_template(name, self.make_globals(globals))
  File "/Users/nrp/DoJo/GitHub/Python_Stack/my_environments/py3Env/lib/python3.7/site-packages/jinja2/environment.py", line 804, in _load_template
    template = self.loader.load(self, name, globals)
  File "/Users/nrp/DoJo/GitHub/Python_Stack/my_environments/py3Env/lib/python3.7/site-packages/jinja2/loaders.py", line 125, in load
    code = environment.compile(source, name, filename)
  File "/Users/nrp/DoJo/GitHub/Python_Stack/my_environments/py3Env/lib/python3.7/site-packages/jinja2/environment.py", line 591, in compile
    self.handle_exception(exc_info, source_hint=source_hint)
  File "/Users/nrp/DoJo/GitHub/Python_Stack/my_environments/py3Env/lib/python3.7/site-packages/jinja2/environment.py", line 780, in handle_exception
    reraise(exc_type, exc_value, tb)
  File "/Users/nrp/DoJo/GitHub/Python_Stack/my_environments/py3Env/lib/python3.7/site-packages/jinja2/_compat.py", line 37, in reraise
    raise value.with_traceback(tb)
  File "/Users/nrp/DoJo/GitHub/Python_Stack/flask/flask_fundamentals/checkerboard/templates/index.html", line 15, in template
    <div class="square {% if grey}(i+j)%2==1 %}pink{% else %}grey{% endif %}"></div>
  File "/Users/nrp/DoJo/GitHub/Python_Stack/my_environments/py3Env/lib/python3.7/site-packages/jinja2/environment.py", line 497, in _parse
    return Parser(self, source, name, encode_filename(filename)).parse()
  File "/Users/nrp/DoJo/GitHub/Python_Stack/my_environments/py3Env/lib/python3.7/site-packages/jinja2/parser.py", line 901, in parse
    result = nodes.Template(self.subparse(), lineno=1)
  File "/Users/nrp/DoJo/GitHub/Python_Stack/my_environments/py3Env/lib/python3.7/site-packages/jinja2/parser.py", line 883, in subparse
    rv = self.parse_statement()
  File "/Users/nrp/DoJo/GitHub/Python_Stack/my_environments/py3Env/lib/python3.7/site-packages/jinja2/parser.py", line 130, in parse_statement
    return getattr(self, 'parse_' + self.stream.current.value)()
  File "/Users/nrp/DoJo/GitHub/Python_Stack/my_environments/py3Env/lib/python3.7/site-packages/jinja2/parser.py", line 199, in parse_for
    body = self.parse_statements(('name:endfor', 'name:else'))
  File "/Users/nrp/DoJo/GitHub/Python_Stack/my_environments/py3Env/lib/python3.7/site-packages/jinja2/parser.py", line 165, in parse_statements
    result = self.subparse(end_tokens)
  File "/Users/nrp/DoJo/GitHub/Python_Stack/my_environments/py3Env/lib/python3.7/site-packages/jinja2/parser.py", line 883, in subparse
    rv = self.parse_statement()
  File "/Users/nrp/DoJo/GitHub/Python_Stack/my_environments/py3Env/lib/python3.7/site-packages/jinja2/parser.py", line 130, in parse_statement
    return getattr(self, 'parse_' + self.stream.current.value)()
  File "/Users/nrp/DoJo/GitHub/Python_Stack/my_environments/py3Env/lib/python3.7/site-packages/jinja2/parser.py", line 199, in parse_for
    body = self.parse_statements(('name:endfor', 'name:else'))
  File "/Users/nrp/DoJo/GitHub/Python_Stack/my_environments/py3Env/lib/python3.7/site-packages/jinja2/parser.py", line 165, in parse_statements
    result = self.subparse(end_tokens)
  File "/Users/nrp/DoJo/GitHub/Python_Stack/my_environments/py3Env/lib/python3.7/site-packages/jinja2/parser.py", line 883, in subparse
    rv = self.parse_statement()
  File "/Users/nrp/DoJo/GitHub/Python_Stack/my_environments/py3Env/lib/python3.7/site-packages/jinja2/parser.py", line 130, in parse_statement
    return getattr(self, 'parse_' + self.stream.current.value)()
  File "/Users/nrp/DoJo/GitHub/Python_Stack/my_environments/py3Env/lib/python3.7/site-packages/jinja2/parser.py", line 211, in parse_if
    node.test = self.parse_tuple(with_condexpr=False)
  File "/Users/nrp/DoJo/GitHub/Python_Stack/my_environments/py3Env/lib/python3.7/site-packages/jinja2/parser.py", line 620, in parse_tuple
    args.append(parse())
  File "/Users/nrp/DoJo/GitHub/Python_Stack/my_environments/py3Env/lib/python3.7/site-packages/jinja2/parser.py", line 612, in <lambda>
    parse = lambda: self.parse_expression(with_condexpr=False)
  File "/Users/nrp/DoJo/GitHub/Python_Stack/my_environments/py3Env/lib/python3.7/site-packages/jinja2/parser.py", line 433, in parse_expression
    return self.parse_or()
  File "/Users/nrp/DoJo/GitHub/Python_Stack/my_environments/py3Env/lib/python3.7/site-packages/jinja2/parser.py", line 450, in parse_or
    left = self.parse_and()
  File "/Users/nrp/DoJo/GitHub/Python_Stack/my_environments/py3Env/lib/python3.7/site-packages/jinja2/parser.py", line 459, in parse_and
    left = self.parse_not()
  File "/Users/nrp/DoJo/GitHub/Python_Stack/my_environments/py3Env/lib/python3.7/site-packages/jinja2/parser.py", line 470, in parse_not
    return self.parse_compare()
  File "/Users/nrp/DoJo/GitHub/Python_Stack/my_environments/py3Env/lib/python3.7/site-packages/jinja2/parser.py", line 474, in parse_compare
    expr = self.parse_math1()
  File "/Users/nrp/DoJo/GitHub/Python_Stack/my_environments/py3Env/lib/python3.7/site-packages/jinja2/parser.py", line 496, in parse_math1
    left = self.parse_concat()
  File "/Users/nrp/DoJo/GitHub/Python_Stack/my_environments/py3Env/lib/python3.7/site-packages/jinja2/parser.py", line 507, in parse_concat
    args = [self.parse_math2()]
  File "/Users/nrp/DoJo/GitHub/Python_Stack/my_environments/py3Env/lib/python3.7/site-packages/jinja2/parser.py", line 517, in parse_math2
    left = self.parse_pow()
  File "/Users/nrp/DoJo/GitHub/Python_Stack/my_environments/py3Env/lib/python3.7/site-packages/jinja2/parser.py", line 528, in parse_pow
    left = self.parse_unary()
  File "/Users/nrp/DoJo/GitHub/Python_Stack/my_environments/py3Env/lib/python3.7/site-packages/jinja2/parser.py", line 546, in parse_unary
    node = self.parse_primary()
  File "/Users/nrp/DoJo/GitHub/Python_Stack/my_environments/py3Env/lib/python3.7/site-packages/jinja2/parser.py", line 562, in parse_primary
    next(self.stream)
  File "/Users/nrp/DoJo/GitHub/Python_Stack/my_environments/py3Env/lib/python3.7/site-packages/jinja2/lexer.py", line 359, in __next__
    self.current = next(self._iter)
  File "/Users/nrp/DoJo/GitHub/Python_Stack/my_environments/py3Env/lib/python3.7/site-packages/jinja2/lexer.py", line 562, in wrap
    for lineno, token, value in stream:
  File "/Users/nrp/DoJo/GitHub/Python_Stack/my_environments/py3Env/lib/python3.7/site-packages/jinja2/lexer.py", line 683, in tokeniter
    filename)
jinja2.exceptions.TemplateSyntaxError: unexpected '}'
127.0.0.1 - - [03/Oct/2019 15:08:57] "GET /?__debugger__=yes&cmd=resource&f=style.css HTTP/1.1" 200 -
127.0.0.1 - - [03/Oct/2019 15:08:57] "GET /?__debugger__=yes&cmd=resource&f=jquery.js HTTP/1.1" 200 -
127.0.0.1 - - [03/Oct/2019 15:08:57] "GET /?__debugger__=yes&cmd=resource&f=debugger.js HTTP/1.1" 200 -
127.0.0.1 - - [03/Oct/2019 15:08:57] "GET /?__debugger__=yes&cmd=resource&f=ubuntu.ttf HTTP/1.1" 200 -
127.0.0.1 - - [03/Oct/2019 15:08:57] "GET /?__debugger__=yes&cmd=resource&f=console.png HTTP/1.1" 200 -
127.0.0.1 - - [03/Oct/2019 15:08:57] "GET /?__debugger__=yes&cmd=resource&f=console.png HTTP/1.1" 200 -
127.0.0.1 - - [03/Oct/2019 15:09:19] "GET / HTTP/1.1" 200 -
127.0.0.1 - - [03/Oct/2019 15:13:30] "GET / HTTP/1.1" 200 -
127.0.0.1 - - [03/Oct/2019 15:13:32] "GET / HTTP/1.1" 200 -
127.0.0.1 - - [03/Oct/2019 15:14:15] "GET / HTTP/1.1" 200 -
127.0.0.1 - - [03/Oct/2019 15:14:25] "GET / HTTP/1.1" 200 -
127.0.0.1 - - [03/Oct/2019 15:16:11] "GET / HTTP/1.1" 200 -
127.0.0.1 - - [03/Oct/2019 15:16:11] "GET /static/style.css HTTP/1.1" 200 -
127.0.0.1 - - [03/Oct/2019 15:16:11] "GET /favicon.ico HTTP/1.1" 404 -
127.0.0.1 - - [03/Oct/2019 15:16:17] "GET / HTTP/1.1" 200 -
127.0.0.1 - - [03/Oct/2019 15:16:17] "GET /static/style.css HTTP/1.1" 200 -
127.0.0.1 - - [03/Oct/2019 15:16:18] "GET /favicon.ico HTTP/1.1" 404 -
127.0.0.1 - - [03/Oct/2019 15:18:54] "GET / HTTP/1.1" 200 -
127.0.0.1 - - [03/Oct/2019 15:18:54] "GET /static/style.css HTTP/1.1" 200 -
127.0.0.1 - - [03/Oct/2019 15:18:54] "GET /favicon.ico HTTP/1.1" 404 -
127.0.0.1 - - [03/Oct/2019 15:19:11] "GET / HTTP/1.1" 200 -
127.0.0.1 - - [03/Oct/2019 15:19:11] "GET /static/style.css HTTP/1.1" 200 -
127.0.0.1 - - [03/Oct/2019 15:19:11] "GET /favicon.ico HTTP/1.1" 404 -
127.0.0.1 - - [03/Oct/2019 15:22:16] "GET / HTTP/1.1" 200 -
127.0.0.1 - - [03/Oct/2019 15:22:16] "GET /static/style.css HTTP/1.1" 200 -
127.0.0.1 - - [03/Oct/2019 15:22:16] "GET /favicon.ico HTTP/1.1" 404 -
127.0.0.1 - - [03/Oct/2019 15:54:09] "GET / HTTP/1.1" 200 -
127.0.0.1 - - [03/Oct/2019 15:54:09] "GET /static/style.css HTTP/1.1" 200 -
127.0.0.1 - - [03/Oct/2019 15:54:23] "GET / HTTP/1.1" 200 -
127.0.0.1 - - [03/Oct/2019 15:54:23] "GET /static/style.css HTTP/1.1" 200 -
127.0.0.1 - - [03/Oct/2019 15:54:38] "GET / HTTP/1.1" 200 -
127.0.0.1 - - [03/Oct/2019 15:54:38] "GET /static/style.css HTTP/1.1" 200 -
127.0.0.1 - - [03/Oct/2019 15:54:39] "GET / HTTP/1.1" 200 -
127.0.0.1 - - [03/Oct/2019 15:54:39] "GET /static/style.css HTTP/1.1" 200 -
127.0.0.1 - - [03/Oct/2019 15:54:40] "GET / HTTP/1.1" 200 -
127.0.0.1 - - [03/Oct/2019 15:54:40] "GET /static/style.css HTTP/1.1" 200 -
127.0.0.1 - - [03/Oct/2019 15:54:40] "GET /favicon.ico HTTP/1.1" 404 -
^C(py3Env) Nathans-MacBook-Pro:checkerboard nrp$ cd -
/Users/nrp/dojo/github/python_stack/flask/flask_fundamentals
(py3Env) Nathans-MacBook-Pro:flask_fundamentals nrp$ mkdir playground understanding_routing
(py3Env) Nathans-MacBook-Pro:flask_fundamentals nrp$ ls
checkerboard		hello_flask		playground		understanding_routing
(py3Env) Nathans-MacBook-Pro:flask_fundamentals nrp$ mkdir playground/templates static
(py3Env) Nathans-MacBook-Pro:flask_fundamentals nrp$ mkdir understanding_routing/templates static
mkdir: static: File exists
(py3Env) Nathans-MacBook-Pro:flask_fundamentals nrp$ mkdir understanding_routing/static
(py3Env) Nathans-MacBook-Pro:flask_fundamentals nrp$ touch understanding_routing/server.py
(py3Env) Nathans-MacBook-Pro:flask_fundamentals nrp$ touch playground/server.py
(py3Env) Nathans-MacBook-Pro:flask_fundamentals nrp$ touch playground/templates index.html
(py3Env) Nathans-MacBook-Pro:flask_fundamentals nrp$ touch playground/static style.css
(py3Env) Nathans-MacBook-Pro:flask_fundamentals nrp$ touch understanding_routing/static style.css
(py3Env) Nathans-MacBook-Pro:flask_fundamentals nrp$ touch understanding_routing/templates index.html
(py3Env) Nathans-MacBook-Pro:flask_fundamentals nrp$ mkdir playground/static
(py3Env) Nathans-MacBook-Pro:flask_fundamentals nrp$ touch playground/static style.css
(py3Env) Nathans-MacBook-Pro:flask_fundamentals nrp$ cd playground/touch
-bash: cd: playground/touch: No such file or directory
(py3Env) Nathans-MacBook-Pro:flask_fundamentals nrp$ cd playground/static
(py3Env) Nathans-MacBook-Pro:static nrp$ touch style.css
(py3Env) Nathans-MacBook-Pro:static nrp$ cd -\
> x
-bash: cd: -x: invalid option
cd: usage: cd [-L|-P] [dir]
(py3Env) Nathans-MacBook-Pro:static nrp$ cd -
/Users/nrp/dojo/github/python_stack/flask/flask_fundamentals
(py3Env) Nathans-MacBook-Pro:flask_fundamentals nrp$ cd playground
(py3Env) Nathans-MacBook-Pro:playground nrp$ cd -
/Users/nrp/dojo/github/python_stack/flask/flask_fundamentals
(py3Env) Nathans-MacBook-Pro:flask_fundamentals nrp$ cd playground/templates
(py3Env) Nathans-MacBook-Pro:templates nrp$ touch index.html
(py3Env) Nathans-MacBook-Pro:templates nrp$ cd -
/Users/nrp/dojo/github/python_stack/flask/flask_fundamentals
(py3Env) Nathans-MacBook-Pro:flask_fundamentals nrp$ cd understanding_routing/templates
(py3Env) Nathans-MacBook-Pro:templates nrp$ touch index.html
(py3Env) Nathans-MacBook-Pro:templates nrp$ cd -
/Users/nrp/dojo/github/python_stack/flask/flask_fundamentals
(py3Env) Nathans-MacBook-Pro:flask_fundamentals nrp$ mkdir html_table/static
mkdir: html_table: No such file or directory
(py3Env) Nathans-MacBook-Pro:flask_fundamentals nrp$ mkdir html_table
(py3Env) Nathans-MacBook-Pro:flask_fundamentals nrp$ cd html_table
(py3Env) Nathans-MacBook-Pro:html_table nrp$ mkdir static templates
(py3Env) Nathans-MacBook-Pro:html_table nrp$ cd templates/
(py3Env) Nathans-MacBook-Pro:templates nrp$ touch index.html
(py3Env) Nathans-MacBook-Pro:templates nrp$ cd .
(py3Env) Nathans-MacBook-Pro:templates nrp$ cd ..
(py3Env) Nathans-MacBook-Pro:html_table nrp$ cd st
-bash: cd: st: No such file or directory
(py3Env) Nathans-MacBook-Pro:html_table nrp$ cd static/
(py3Env) Nathans-MacBook-Pro:static nrp$ touch style.css
(py3Env) Nathans-MacBook-Pro:static nrp$ cd ..
(py3Env) Nathans-MacBook-Pro:html_table nrp$ cd .
(py3Env) Nathans-MacBook-Pro:html_table nrp$ cd ..
(py3Env) Nathans-MacBook-Pro:flask_fundamentals nrp$ mkdir dojo_survey dojo_fruit_store counter great_number_game ninja_gold
(py3Env) Nathans-MacBook-Pro:flask_fundamentals nrp$ ls
checkerboard		dojo_survey		html_table		understanding_routing
counter			great_number_game	ninja_gold
dojo_fruit_store	hello_flask		playground
(py3Env) Nathans-MacBook-Pro:flask_fundamentals nrp$ cd dojo_survey/
(py3Env) Nathans-MacBook-Pro:dojo_survey nrp$  mkdir static templates
(py3Env) Nathans-MacBook-Pro:dojo_survey nrp$ ls
static		templates
(py3Env) Nathans-MacBook-Pro:dojo_survey nrp$ touch static/ style.css
(py3Env) Nathans-MacBook-Pro:dojo_survey nrp$ cd static/
(py3Env) Nathans-MacBook-Pro:static nrp$ touch style.css
(py3Env) Nathans-MacBook-Pro:static nrp$ cd ..
(py3Env) Nathans-MacBook-Pro:dojo_survey nrp$ cd templates/
(py3Env) Nathans-MacBook-Pro:templates nrp$ touch index.html
(py3Env) Nathans-MacBook-Pro:templates nrp$ ls
index.html
(py3Env) Nathans-MacBook-Pro:templates nrp$ cd ..
(py3Env) Nathans-MacBook-Pro:dojo_survey nrp$ cd ..
(py3Env) Nathans-MacBook-Pro:flask_fundamentals nrp$ dojo_fruit_store/
-bash: dojo_fruit_store/: is a directory
(py3Env) Nathans-MacBook-Pro:flask_fundamentals nrp$ ls
checkerboard		dojo_survey		html_table		understanding_routing
counter			great_number_game	ninja_gold
dojo_fruit_store	hello_flask		playground
(py3Env) Nathans-MacBook-Pro:flask_fundamentals nrp$ cd dojo_fruit_store/
(py3Env) Nathans-MacBook-Pro:dojo_fruit_store nrp$ ls
(py3Env) Nathans-MacBook-Pro:dojo_fruit_store nrp$  mkdir static templates
(py3Env) Nathans-MacBook-Pro:dojo_fruit_store nrp$ cd static/
(py3Env) Nathans-MacBook-Pro:static nrp$ touch style.css
(py3Env) Nathans-MacBook-Pro:static nrp$ cd ..
(py3Env) Nathans-MacBook-Pro:dojo_fruit_store nrp$ cd templates/
(py3Env) Nathans-MacBook-Pro:templates nrp$ touch index.html
(py3Env) Nathans-MacBook-Pro:templates nrp$ cd ..
(py3Env) Nathans-MacBook-Pro:dojo_fruit_store nrp$ cd ..
(py3Env) Nathans-MacBook-Pro:flask_fundamentals nrp$ cd counter
(py3Env) Nathans-MacBook-Pro:counter nrp$  mkdir static templates
(py3Env) Nathans-MacBook-Pro:counter nrp$ cd static/
(py3Env) Nathans-MacBook-Pro:static nrp$  touch style.css
(py3Env) Nathans-MacBook-Pro:static nrp$ cd ..
(py3Env) Nathans-MacBook-Pro:counter nrp$ cd templates/
(py3Env) Nathans-MacBook-Pro:templates nrp$ touch index.html
(py3Env) Nathans-MacBook-Pro:templates nrp$ cd ..
(py3Env) Nathans-MacBook-Pro:counter nrp$  cd ..
(py3Env) Nathans-MacBook-Pro:flask_fundamentals nrp$ cd great_number_game/
(py3Env) Nathans-MacBook-Pro:great_number_game nrp$  mkdir static templates
(py3Env) Nathans-MacBook-Pro:great_number_game nrp$ cd static/
(py3Env) Nathans-MacBook-Pro:static nrp$ touch style.css
(py3Env) Nathans-MacBook-Pro:static nrp$ cd ..
(py3Env) Nathans-MacBook-Pro:great_number_game nrp$ cd templates/
(py3Env) Nathans-MacBook-Pro:templates nrp$ touch index.html
(py3Env) Nathans-MacBook-Pro:templates nrp$ cd ..
(py3Env) Nathans-MacBook-Pro:great_number_game nrp$ cd ..
(py3Env) Nathans-MacBook-Pro:flask_fundamentals nrp$ cd understanding_routing/
(py3Env) Nathans-MacBook-Pro:understanding_routing nrp$ open server.py 
(py3Env) Nathans-MacBook-Pro:understanding_routing nrp$ python3 server.py 
 * Serving Flask app "server" (lazy loading)
 * Environment: production
   WARNING: This is a development server. Do not use it in a production deployment.
   Use a production WSGI server instead.
 * Debug mode: on
 * Running on http://127.0.0.1:5000/ (Press CTRL+C to quit)
 * Restarting with stat
 * Debugger is active!
 * Debugger PIN: 856-398-988
127.0.0.1 - - [04/Oct/2019 12:16:29] "GET / HTTP/1.1" 200 -
 * Detected change in '/Users/nrp/DoJo/GitHub/Python_Stack/flask/flask_fundamentals/understanding_routing/server.py', reloading
 * Restarting with stat
 * Debugger is active!
 * Debugger PIN: 856-398-988
 * Detected change in '/Users/nrp/DoJo/GitHub/Python_Stack/flask/flask_fundamentals/understanding_routing/server.py', reloading
 * Restarting with stat
Traceback (most recent call last):
  File "/Users/nrp/DoJo/GitHub/Python_Stack/flask/flask_fundamentals/understanding_routing/server.py", line 8, in <module>
    @app.route("/")
  File "/Users/nrp/DoJo/GitHub/Python_Stack/my_environments/py3Env/lib/python3.7/site-packages/flask/app.py", line 1314, in decorator
    self.add_url_rule(rule, endpoint, f, **options)
  File "/Users/nrp/DoJo/GitHub/Python_Stack/my_environments/py3Env/lib/python3.7/site-packages/flask/app.py", line 98, in wrapper_func
    return f(self, *args, **kwargs)
  File "/Users/nrp/DoJo/GitHub/Python_Stack/my_environments/py3Env/lib/python3.7/site-packages/flask/app.py", line 1283, in add_url_rule
    "existing endpoint function: %s" % endpoint
AssertionError: View function mapping is overwriting an existing endpoint function: index
(py3Env) Nathans-MacBook-Pro:understanding_routing nrp$ python3 server.py 
  File "server.py", line 12
    if __name__ == "__main__":
     ^
SyntaxError: invalid syntax
(py3Env) Nathans-MacBook-Pro:understanding_routing nrp$ python3 server.py 
Traceback (most recent call last):
  File "server.py", line 8, in <module>
    @app.route("/dojo")
  File "/Users/nrp/DoJo/GitHub/Python_Stack/my_environments/py3Env/lib/python3.7/site-packages/flask/app.py", line 1314, in decorator
    self.add_url_rule(rule, endpoint, f, **options)
  File "/Users/nrp/DoJo/GitHub/Python_Stack/my_environments/py3Env/lib/python3.7/site-packages/flask/app.py", line 98, in wrapper_func
    return f(self, *args, **kwargs)
  File "/Users/nrp/DoJo/GitHub/Python_Stack/my_environments/py3Env/lib/python3.7/site-packages/flask/app.py", line 1283, in add_url_rule
    "existing endpoint function: %s" % endpoint
AssertionError: View function mapping is overwriting an existing endpoint function: index
(py3Env) Nathans-MacBook-Pro:understanding_routing nrp$ python3 server.py 
Traceback (most recent call last):
  File "server.py", line 7, in <module>
    @app.route("/dojo")
  File "/Users/nrp/DoJo/GitHub/Python_Stack/my_environments/py3Env/lib/python3.7/site-packages/flask/app.py", line 1314, in decorator
    self.add_url_rule(rule, endpoint, f, **options)
  File "/Users/nrp/DoJo/GitHub/Python_Stack/my_environments/py3Env/lib/python3.7/site-packages/flask/app.py", line 98, in wrapper_func
    return f(self, *args, **kwargs)
  File "/Users/nrp/DoJo/GitHub/Python_Stack/my_environments/py3Env/lib/python3.7/site-packages/flask/app.py", line 1283, in add_url_rule
    "existing endpoint function: %s" % endpoint
AssertionError: View function mapping is overwriting an existing endpoint function: index
(py3Env) Nathans-MacBook-Pro:understanding_routing nrp$ python3 server.py 
 * Serving Flask app "server" (lazy loading)
 * Environment: production
   WARNING: This is a development server. Do not use it in a production deployment.
   Use a production WSGI server instead.
 * Debug mode: on
 * Running on http://127.0.0.1:5000/ (Press CTRL+C to quit)
 * Restarting with stat
 * Debugger is active!
 * Debugger PIN: 856-398-988
127.0.0.1 - - [04/Oct/2019 12:37:58] "GET / HTTP/1.1" 200 -
127.0.0.1 - - [04/Oct/2019 12:38:08] "GET /jim HTTP/1.1" 200 -
 * Detected change in '/Users/nrp/DoJo/GitHub/Python_Stack/flask/flask_fundamentals/understanding_routing/server.py', reloading
 * Restarting with stat
  File "/Users/nrp/DoJo/GitHub/Python_Stack/flask/flask_fundamentals/understanding_routing/server.py", line 9
    return "Dojo!")
                  ^
SyntaxError: invalid syntax
(py3Env) Nathans-MacBook-Pro:understanding_routing nrp$ python3 server.py 
  File "server.py", line 9
    return "<h1>Dojo!</h1>")
                           ^
SyntaxError: invalid syntax
(py3Env) Nathans-MacBook-Pro:understanding_routing nrp$ python3 server.py 
 * Serving Flask app "server" (lazy loading)
 * Environment: production
   WARNING: This is a development server. Do not use it in a production deployment.
   Use a production WSGI server instead.
 * Debug mode: on
 * Running on http://127.0.0.1:5000/ (Press CTRL+C to quit)
 * Restarting with stat
 * Debugger is active!
 * Debugger PIN: 856-398-988
127.0.0.1 - - [04/Oct/2019 12:40:15] "GET /jim HTTP/1.1" 200 -
127.0.0.1 - - [04/Oct/2019 12:40:20] "GET /dojo HTTP/1.1" 200 -
127.0.0.1 - - [04/Oct/2019 12:42:14] "GET /flask HTTP/1.1" 200 -
 * Detected change in '/Users/nrp/DoJo/GitHub/Python_Stack/flask/flask_fundamentals/understanding_routing/server.py', reloading
 * Restarting with stat
__main__
 * Debugger is active!
 * Debugger PIN: 856-398-988
 * Detected change in '/Users/nrp/DoJo/GitHub/Python_Stack/flask/flask_fundamentals/understanding_routing/server.py', reloading
 * Restarting with stat
********************************************************************************
__main__
 * Debugger is active!
 * Debugger PIN: 856-398-988
 * Detected change in '/Users/nrp/DoJo/GitHub/Python_Stack/flask/flask_fundamentals/understanding_routing/server.py', reloading
 * Restarting with stat
********************************************************************************
__main__
********************************************************************************
 * Debugger is active!
 * Debugger PIN: 856-398-988
 * Detected change in '/Users/nrp/DoJo/GitHub/Python_Stack/flask/flask_fundamentals/understanding_routing/server.py', reloading
 * Restarting with stat
********************************************************************************
__main__
********************************************************************************
 * Debugger is active!
 * Debugger PIN: 856-398-988
 * Detected change in '/Users/nrp/DoJo/GitHub/Python_Stack/flask/flask_fundamentals/understanding_routing/server.py', reloading
 * Restarting with stat
  File "/Users/nrp/DoJo/GitHub/Python_Stack/flask/flask_fundamentals/understanding_routing/server.py", line 7
    import 
          ^
SyntaxError: invalid syntax
(py3Env) Nathans-MacBook-Pro:understanding_routing nrp$ python3 server.py 
 * Serving Flask app "server" (lazy loading)
 * Environment: production
   WARNING: This is a development server. Do not use it in a production deployment.
   Use a production WSGI server instead.
 * Debug mode: on
 * Running on http://127.0.0.1:5000/ (Press CTRL+C to quit)
 * Restarting with stat
 * Debugger is active!
 * Debugger PIN: 856-398-988
127.0.0.1 - - [04/Oct/2019 12:49:31] "GET /flask HTTP/1.1" 200 -
127.0.0.1 - - [04/Oct/2019 12:49:40] "GET /michael HTTP/1.1" 200 -
 * Detected change in '/Users/nrp/DoJo/GitHub/Python_Stack/flask/flask_fundamentals/understanding_routing/server.py', reloading
 * Restarting with stat
  File "/Users/nrp/DoJo/GitHub/Python_Stack/flask/flask_fundamentals/understanding_routing/server.py", line 10
    @app.route "/flask")
                      ^
SyntaxError: invalid syntax
(py3Env) Nathans-MacBook-Pro:understanding_routing nrp$ python3 server.py 
 * Serving Flask app "server" (lazy loading)
 * Environment: production
   WARNING: This is a development server. Do not use it in a production deployment.
   Use a production WSGI server instead.
 * Debug mode: on
 * Running on http://127.0.0.1:5000/ (Press CTRL+C to quit)
 * Restarting with stat
 * Debugger is active!
 * Debugger PIN: 856-398-988
127.0.0.1 - - [04/Oct/2019 12:58:08] "GET /flask HTTP/1.1" 200 -
 * Detected change in '/Users/nrp/DoJo/GitHub/Python_Stack/flask/flask_fundamentals/understanding_routing/server.py', reloading
 * Restarting with stat
 * Debugger is active!
 * Debugger PIN: 856-398-988
 * Detected change in '/Users/nrp/DoJo/GitHub/Python_Stack/flask/flask_fundamentals/understanding_routing/server.py', reloading
 * Restarting with stat
 * Debugger is active!
 * Debugger PIN: 856-398-988
 * Detected change in '/Users/nrp/DoJo/GitHub/Python_Stack/flask/flask_fundamentals/understanding_routing/server.py', reloading
 * Restarting with stat
 * Debugger is active!
 * Debugger PIN: 856-398-988
 * Detected change in '/Users/nrp/DoJo/GitHub/Python_Stack/flask/flask_fundamentals/understanding_routing/server.py', reloading
 * Restarting with stat
 * Debugger is active!
 * Debugger PIN: 856-398-988
 * Detected change in '/Users/nrp/DoJo/GitHub/Python_Stack/flask/flask_fundamentals/understanding_routing/server.py', reloading
 * Restarting with stat
 * Debugger is active!
 * Debugger PIN: 856-398-988
 * Detected change in '/Users/nrp/DoJo/GitHub/Python_Stack/flask/flask_fundamentals/understanding_routing/server.py', reloading
 * Restarting with stat
 * Debugger is active!
 * Debugger PIN: 856-398-988
 * Detected change in '/Users/nrp/DoJo/GitHub/Python_Stack/flask/flask_fundamentals/understanding_routing/server.py', reloading
 * Restarting with stat
 * Debugger is active!
 * Debugger PIN: 856-398-988
 * Detected change in '/Users/nrp/DoJo/GitHub/Python_Stack/flask/flask_fundamentals/understanding_routing/server.py', reloading
 * Restarting with stat
 * Debugger is active!
 * Debugger PIN: 856-398-988
 * Detected change in '/Users/nrp/DoJo/GitHub/Python_Stack/flask/flask_fundamentals/understanding_routing/server.py', reloading
 * Restarting with stat
 * Debugger is active!
 * Debugger PIN: 856-398-988
127.0.0.1 - - [04/Oct/2019 12:59:12] "GET /flask HTTP/1.1" 200 -
 * Detected change in '/Users/nrp/DoJo/GitHub/Python_Stack/flask/flask_fundamentals/understanding_routing/server.py', reloading
 * Restarting with stat
 * Debugger is active!
 * Debugger PIN: 856-398-988
 * Detected change in '/Users/nrp/DoJo/GitHub/Python_Stack/flask/flask_fundamentals/understanding_routing/server.py', reloading
 * Restarting with stat
 * Debugger is active!
 * Debugger PIN: 856-398-988
 * Detected change in '/Users/nrp/DoJo/GitHub/Python_Stack/flask/flask_fundamentals/understanding_routing/server.py', reloading
 * Restarting with stat
 * Debugger is active!
 * Debugger PIN: 856-398-988
 * Detected change in '/Users/nrp/DoJo/GitHub/Python_Stack/flask/flask_fundamentals/understanding_routing/server.py', reloading
 * Restarting with stat
 * Debugger is active!
 * Debugger PIN: 856-398-988
127.0.0.1 - - [04/Oct/2019 12:59:38] "GET /flask HTTP/1.1" 200 -
 * Detected change in '/Users/nrp/DoJo/GitHub/Python_Stack/flask/flask_fundamentals/understanding_routing/server.py', reloading
 * Restarting with stat
  File "/Users/nrp/DoJo/GitHub/Python_Stack/flask/flask_fundamentals/understanding_routing/server.py", line 18
    def michael():
      ^
IndentationError: expected an indented block
(py3Env) Nathans-MacBook-Pro:understanding_routing nrp$ python3 server.py 
 * Serving Flask app "server" (lazy loading)
 * Environment: production
   WARNING: This is a development server. Do not use it in a production deployment.
   Use a production WSGI server instead.
 * Debug mode: on
 * Running on http://127.0.0.1:5000/ (Press CTRL+C to quit)
 * Restarting with stat
 * Debugger is active!
 * Debugger PIN: 856-398-988
127.0.0.1 - - [04/Oct/2019 14:30:40] "GET /flask HTTP/1.1" 200 -
127.0.0.1 - - [04/Oct/2019 14:30:49] "GET /hello HTTP/1.1" 404 -
 * Detected change in '/Users/nrp/DoJo/GitHub/Python_Stack/flask/flask_fundamentals/understanding_routing/server.py', reloading
 * Restarting with stat
  File "/Users/nrp/DoJo/GitHub/Python_Stack/flask/flask_fundamentals/understanding_routing/server.py", line 19
    def hello(""):
               ^
SyntaxError: invalid syntax
(py3Env) Nathans-MacBook-Pro:understanding_routing nrp$ python3 server.py 
 * Serving Flask app "server" (lazy loading)
 * Environment: production
   WARNING: This is a development server. Do not use it in a production deployment.
   Use a production WSGI server instead.
 * Debug mode: on
 * Running on http://127.0.0.1:5000/ (Press CTRL+C to quit)
 * Restarting with stat
 * Debugger is active!
 * Debugger PIN: 856-398-988
127.0.0.1 - - [04/Oct/2019 14:32:06] "GET /hello HTTP/1.1" 200 -
 * Detected change in '/Users/nrp/DoJo/GitHub/Python_Stack/flask/flask_fundamentals/understanding_routing/server.py', reloading
 * Restarting with stat
  File "/Users/nrp/DoJo/GitHub/Python_Stack/flask/flask_fundamentals/understanding_routing/server.py", line 20
    def hello()
              ^
SyntaxError: invalid syntax
(py3Env) Nathans-MacBook-Pro:understanding_routing nrp$ python3 server.py 
 * Serving Flask app "server" (lazy loading)
 * Environment: production
   WARNING: This is a development server. Do not use it in a production deployment.
   Use a production WSGI server instead.
 * Debug mode: on
 * Running on http://127.0.0.1:5000/ (Press CTRL+C to quit)
 * Restarting with stat
 * Debugger is active!
 * Debugger PIN: 856-398-988
127.0.0.1 - - [04/Oct/2019 14:56:08] "GET /hello HTTP/1.1" 200 -
127.0.0.1 - - [04/Oct/2019 14:56:10] "GET /hello HTTP/1.1" 200 -
 * Detected change in '/Users/nrp/DoJo/GitHub/Python_Stack/flask/flask_fundamentals/understanding_routing/server.py', reloading
 * Restarting with stat
 * Debugger is active!
 * Debugger PIN: 856-398-988
 * Detected change in '/Users/nrp/DoJo/GitHub/Python_Stack/flask/flask_fundamentals/understanding_routing/server.py', reloading
 * Restarting with stat
 * Debugger is active!
 * Debugger PIN: 856-398-988
 * Detected change in '/Users/nrp/DoJo/GitHub/Python_Stack/flask/flask_fundamentals/understanding_routing/server.py', reloading
 * Restarting with stat
 * Debugger is active!
 * Debugger PIN: 856-398-988
127.0.0.1 - - [04/Oct/2019 14:57:20] "GET /hello HTTP/1.1" 200 -
 * Detected change in '/Users/nrp/DoJo/GitHub/Python_Stack/flask/flask_fundamentals/understanding_routing/server.py', reloading
 * Restarting with stat
 * Debugger is active!
 * Debugger PIN: 856-398-988
 * Detected change in '/Users/nrp/DoJo/GitHub/Python_Stack/flask/flask_fundamentals/understanding_routing/server.py', reloading
 * Restarting with stat
 * Debugger is active!
 * Debugger PIN: 856-398-988
 * Detected change in '/Users/nrp/DoJo/GitHub/Python_Stack/flask/flask_fundamentals/understanding_routing/server.py', reloading
 * Restarting with stat
 * Debugger is active!
 * Debugger PIN: 856-398-988
 * Detected change in '/Users/nrp/DoJo/GitHub/Python_Stack/flask/flask_fundamentals/understanding_routing/server.py', reloading
 * Restarting with stat
 * Debugger is active!
 * Debugger PIN: 856-398-988
127.0.0.1 - - [04/Oct/2019 14:57:51] "GET /hello HTTP/1.1" 200 -
 * Detected change in '/Users/nrp/DoJo/GitHub/Python_Stack/flask/flask_fundamentals/understanding_routing/server.py', reloading
 * Restarting with stat
 * Debugger is active!
 * Debugger PIN: 856-398-988
 * Detected change in '/Users/nrp/DoJo/GitHub/Python_Stack/flask/flask_fundamentals/understanding_routing/server.py', reloading
 * Restarting with stat
  File "/Users/nrp/DoJo/GitHub/Python_Stack/flask/flask_fundamentals/understanding_routing/server.py", line 23
    def hello():
    ^
IndentationError: unexpected unindent
(py3Env) Nathans-MacBook-Pro:understanding_routing nrp$ python3 server.py 
  File "server.py", line 20
    def int("35"):
               ^
SyntaxError: invalid syntax
(py3Env) Nathans-MacBook-Pro:understanding_routing nrp$ python3 server.py 
  File "server.py", line 20
    def int"35":
              ^
SyntaxError: invalid syntax
(py3Env) Nathans-MacBook-Pro:understanding_routing nrp$ python3 server.py 
 * Serving Flask app "server" (lazy loading)
 * Environment: production
   WARNING: This is a development server. Do not use it in a production deployment.
   Use a production WSGI server instead.
 * Debug mode: on
 * Running on http://127.0.0.1:5000/ (Press CTRL+C to quit)
 * Restarting with stat
 * Debugger is active!
 * Debugger PIN: 856-398-988
127.0.0.1 - - [04/Oct/2019 15:19:44] "GET /35/hello HTTP/1.1" 404 -
127.0.0.1 - - [04/Oct/2019 15:19:47] "GET /35/hello HTTP/1.1" 404 -
127.0.0.1 - - [04/Oct/2019 15:19:54] "GET /jim HTTP/1.1" 200 -
127.0.0.1 - - [04/Oct/2019 15:20:06] "GET /35/jim HTTP/1.1" 404 -
 * Detected change in '/Users/nrp/DoJo/GitHub/Python_Stack/flask/flask_fundamentals/understanding_routing/server.py', reloading
 * Restarting with stat
 * Debugger is active!
 * Debugger PIN: 856-398-988
 * Detected change in '/Users/nrp/DoJo/GitHub/Python_Stack/flask/flask_fundamentals/understanding_routing/server.py', reloading
 * Restarting with stat
 * Debugger is active!
 * Debugger PIN: 856-398-988
 * Detected change in '/Users/nrp/DoJo/GitHub/Python_Stack/flask/flask_fundamentals/understanding_routing/server.py', reloading
 * Restarting with stat
 * Debugger is active!
 * Debugger PIN: 856-398-988
 * Detected change in '/Users/nrp/DoJo/GitHub/Python_Stack/flask/flask_fundamentals/understanding_routing/server.py', reloading
 * Restarting with stat
 * Debugger is active!
 * Debugger PIN: 856-398-988
 * Detected change in '/Users/nrp/DoJo/GitHub/Python_Stack/flask/flask_fundamentals/understanding_routing/server.py', reloading
 * Restarting with stat
 * Debugger is active!
 * Debugger PIN: 856-398-988
 * Detected change in '/Users/nrp/DoJo/GitHub/Python_Stack/flask/flask_fundamentals/understanding_routing/server.py', reloading
 * Restarting with stat
 * Debugger is active!
 * Debugger PIN: 856-398-988
 * Detected change in '/Users/nrp/DoJo/GitHub/Python_Stack/flask/flask_fundamentals/understanding_routing/server.py', reloading
 * Restarting with stat
 * Debugger is active!
 * Debugger PIN: 856-398-988
 * Detected change in '/Users/nrp/DoJo/GitHub/Python_Stack/flask/flask_fundamentals/understanding_routing/server.py', reloading
 * Restarting with stat
 * Debugger is active!
 * Debugger PIN: 856-398-988
^C(py3Env) Nathans-MacBook-Pro:understanding_routing nrp$ python3 server.py 
 * Serving Flask app "server" (lazy loading)
 * Environment: production
   WARNING: This is a development server. Do not use it in a production deployment.
   Use a production WSGI server instead.
 * Debug mode: on
 * Running on http://127.0.0.1:5000/ (Press CTRL+C to quit)
 * Restarting with stat
 * Debugger is active!
 * Debugger PIN: 856-398-988
127.0.0.1 - - [04/Oct/2019 15:21:44] "GET /35/jim HTTP/1.1" 404 -
127.0.0.1 - - [04/Oct/2019 15:22:02] "GET /35/hello HTTP/1.1" 404 -
127.0.0.1 - - [04/Oct/2019 15:22:16] "GET /hello HTTP/1.1" 200 -
 * Detected change in '/Users/nrp/DoJo/GitHub/Python_Stack/flask/flask_fundamentals/understanding_routing/server.py', reloading
 * Restarting with stat
 * Debugger is active!
 * Debugger PIN: 856-398-988
 * Detected change in '/Users/nrp/DoJo/GitHub/Python_Stack/flask/flask_fundamentals/understanding_routing/server.py', reloading
 * Restarting with stat
 * Debugger is active!
 * Debugger PIN: 856-398-988
 * Detected change in '/Users/nrp/DoJo/GitHub/Python_Stack/flask/flask_fundamentals/understanding_routing/server.py', reloading
 * Restarting with stat
 * Debugger is active!
 * Debugger PIN: 856-398-988
^C(py3Env) Nathans-MacBook-Pro:understanding_routing nrp$ 
(py3Env) Nathans-MacBook-Pro:understanding_routing nrp$ cd ..
(py3Env) Nathans-MacBook-Pro:flask_fundamentals nrp$ mkdri session_demo
-bash: mkdri: command not found
(py3Env) Nathans-MacBook-Pro:flask_fundamentals nrp$ mkdir session_demo
(py3Env) Nathans-MacBook-Pro:flask_fundamentals nrp$ cd session_demo/
(py3Env) Nathans-MacBook-Pro:session_demo nrp$ touch templates static
(py3Env) Nathans-MacBook-Pro:session_demo nrp$ mkdir templates static
mkdir: templates: File exists
mkdir: static: File exists
(py3Env) Nathans-MacBook-Pro:session_demo nrp$ mkdir templates static
(py3Env) Nathans-MacBook-Pro:session_demo nrp$ python3 server.py 
/Library/Frameworks/Python.framework/Versions/3.7/Resources/Python.app/Contents/MacOS/Python: can't open file 'server.py': [Errno 2] No such file or directory
(py3Env) Nathans-MacBook-Pro:session_demo nrp$ cd
(py3Env) Nathans-MacBook-Pro:session_demo nrp$ cd ..
(py3Env) Nathans-MacBook-Pro:flask_fundamentals nrp$ ls
checkerboard		dojo_survey		html_table		session_demo
counter			great_number_game	ninja_gold		understanding_routing
dojo_fruit_store	hello_flask		playground
(py3Env) Nathans-MacBook-Pro:flask_fundamentals nrp$ cd understanding_routing/
(py3Env) Nathans-MacBook-Pro:understanding_routing nrp$ cd ..
(py3Env) Nathans-MacBook-Pro:flask_fundamentals nrp$ cd understanding_routing/server.py
-bash: cd: understanding_routing/server.py: Not a directory
(py3Env) Nathans-MacBook-Pro:flask_fundamentals nrp$ cd u
-bash: cd: u: No such file or directory
(py3Env) Nathans-MacBook-Pro:flask_fundamentals nrp$ cd understanding_routing/
(py3Env) Nathans-MacBook-Pro:understanding_routing nrp$ server.py
-bash: server.py: command not found
(py3Env) Nathans-MacBook-Pro:understanding_routing nrp$ python3 server.py
 * Serving Flask app "server" (lazy loading)
 * Environment: production
   WARNING: This is a development server. Do not use it in a production deployment.
   Use a production WSGI server instead.
 * Debug mode: on
 * Running on http://127.0.0.1:5000/ (Press CTRL+C to quit)
 * Restarting with stat
 * Debugger is active!
 * Debugger PIN: 856-398-988
127.0.0.1 - - [04/Oct/2019 15:50:43] "GET /hello HTTP/1.1" 200 -
127.0.0.1 - - [04/Oct/2019 15:50:51] "GET /jim HTTP/1.1" 200 -
^C(py3Env) Nathans-MacBook-Pro:understanding_routing nrp$ cd ..
(py3Env) Nathans-MacBook-Pro:flask_fundamentals nrp$ cd dojo_survey/templates/index.html 
-bash: cd: dojo_survey/templates/index.html: Not a directory
(py3Env) Nathans-MacBook-Pro:flask_fundamentals nrp$ cd dojo_survey/templates
(py3Env) Nathans-MacBook-Pro:templates nrp$ run index.html
-bash: run: command not found
(py3Env) Nathans-MacBook-Pro:templates nrp$ deactivate
Nathans-MacBook-Pro:templates nrp$ activate
-bash: activate: command not found
Nathans-MacBook-Pro:templates nrp$ cd ..
Nathans-MacBook-Pro:dojo_survey nrp$ cd ..
Nathans-MacBook-Pro:flask_fundamentals nrp$ cd ..
Nathans-MacBook-Pro:flask nrp$ cd ..
Nathans-MacBook-Pro:python_stack nrp$ cd my_environments/
Nathans-MacBook-Pro:my_environments nrp$ source py3Env/activate
-bash: py3Env/activate: No such file or directory
Nathans-MacBook-Pro:my_environments nrp$ source py3Env/bin/activate
(py3Env) Nathans-MacBook-Pro:my_environments nrp$ deactivate
Nathans-MacBook-Pro:my_environments nrp$ python3 -m venv djangoPy3Env
Nathans-MacBook-Pro:my_environments nrp$ source django/bin/activate
(djangoPy3Env) Nathans-MacBook-Pro:my_environments nrp$ python3 -m venv django
(djangoPy3Env) Nathans-MacBook-Pro:my_environments nrp$ deactivate
Nathans-MacBook-Pro:my_environments nrp$ python3 -m venv django
Nathans-MacBook-Pro:my_environments nrp$ python3 -m venv flask
Nathans-MacBook-Pro:my_environments nrp$ source django/bin/activate
(django) Nathans-MacBook-Pro:my_environments nrp$ pip install django==1.10
Collecting django==1.10
  Downloading https://files.pythonhosted.org/packages/4b/4c/059f68d8f029f7054e4e6bb0b1ed2fde7f28d07a3727325727d5a95ae1b8/Django-1.10-py2.py3-none-any.whl (6.8MB)
    100% |â–ˆâ–ˆâ–ˆâ–ˆâ–ˆâ–ˆâ–ˆâ–ˆâ–ˆâ–ˆâ–ˆâ–ˆâ–ˆâ–ˆâ–ˆâ–ˆâ–ˆâ–ˆâ–ˆâ–ˆâ–ˆâ–ˆâ–ˆâ–ˆâ–ˆâ–ˆâ–ˆâ–ˆâ–ˆâ–ˆâ–ˆâ–ˆ| 6.8MB 4.9MB/s 
Installing collected packages: django
Successfully installed django-1.10
You are using pip version 19.0.3, however version 19.2.3 is available.
You should consider upgrading via the 'pip install --upgrade pip' command.
(django) Nathans-MacBook-Pro:my_environments nrp$ deactivate
Nathans-MacBook-Pro:my_environments nrp$ source flask/bin/activate
(flask) Nathans-MacBook-Pro:my_environments nrp$ pip install flask
Collecting flask
  Using cached https://files.pythonhosted.org/packages/9b/93/628509b8d5dc749656a9641f4caf13540e2cdec85276964ff8f43bbb1d3b/Flask-1.1.1-py2.py3-none-any.whl
Collecting Werkzeug>=0.15 (from flask)
  Using cached https://files.pythonhosted.org/packages/ce/42/3aeda98f96e85fd26180534d36570e4d18108d62ae36f87694b476b83d6f/Werkzeug-0.16.0-py2.py3-none-any.whl
Collecting click>=5.1 (from flask)
  Using cached https://files.pythonhosted.org/packages/fa/37/45185cb5abbc30d7257104c434fe0b07e5a195a6847506c074527aa599ec/Click-7.0-py2.py3-none-any.whl
Collecting Jinja2>=2.10.1 (from flask)
  Downloading https://files.pythonhosted.org/packages/65/e0/eb35e762802015cab1ccee04e8a277b03f1d8e53da3ec3106882ec42558b/Jinja2-2.10.3-py2.py3-none-any.whl (125kB)
    100% |â–ˆâ–ˆâ–ˆâ–ˆâ–ˆâ–ˆâ–ˆâ–ˆâ–ˆâ–ˆâ–ˆâ–ˆâ–ˆâ–ˆâ–ˆâ–ˆâ–ˆâ–ˆâ–ˆâ–ˆâ–ˆâ–ˆâ–ˆâ–ˆâ–ˆâ–ˆâ–ˆâ–ˆâ–ˆâ–ˆâ–ˆâ–ˆ| 133kB 6.9MB/s 
Collecting itsdangerous>=0.24 (from flask)
  Using cached https://files.pythonhosted.org/packages/76/ae/44b03b253d6fade317f32c24d100b3b35c2239807046a4c953c7b89fa49e/itsdangerous-1.1.0-py2.py3-none-any.whl
Collecting MarkupSafe>=0.23 (from Jinja2>=2.10.1->flask)
  Using cached https://files.pythonhosted.org/packages/ce/c6/f000f1af136ef74e4a95e33785921c73595c5390403f102e9b231b065b7a/MarkupSafe-1.1.1-cp37-cp37m-macosx_10_6_intel.whl
Installing collected packages: Werkzeug, click, MarkupSafe, Jinja2, itsdangerous, flask
Successfully installed Jinja2-2.10.3 MarkupSafe-1.1.1 Werkzeug-0.16.0 click-7.0 flask-1.1.1 itsdangerous-1.1.0
You are using pip version 19.0.3, however version 19.2.3 is available.
You should consider upgrading via the 'pip install --upgrade pip' command.
(flask) Nathans-MacBook-Pro:my_environments nrp$ pip install --upgrade pip
Collecting pip
  Using cached https://files.pythonhosted.org/packages/30/db/9e38760b32e3e7f40cce46dd5fb107b8c73840df38f0046d8e6514e675a1/pip-19.2.3-py2.py3-none-any.whl
Installing collected packages: pip
  Found existing installation: pip 19.0.3
    Uninstalling pip-19.0.3:
      Successfully uninstalled pip-19.0.3
Successfully installed pip-19.2.3
(flask) Nathans-MacBook-Pro:my_environments nrp$ deactivate
Nathans-MacBook-Pro:my_environments nrp$ source django/bin/activate
(django) Nathans-MacBook-Pro:my_environments nrp$ pip install --upgrade pip
Collecting pip
  Using cached https://files.pythonhosted.org/packages/30/db/9e38760b32e3e7f40cce46dd5fb107b8c73840df38f0046d8e6514e675a1/pip-19.2.3-py2.py3-none-any.whl
Installing collected packages: pip
  Found existing installation: pip 19.0.3
    Uninstalling pip-19.0.3:
      Successfully uninstalled pip-19.0.3
Successfully installed pip-19.2.3
(django) Nathans-MacBook-Pro:my_environments nrp$ cd ..
(django) Nathans-MacBook-Pro:python_stack nrp$ ls
django		flask		my_environments	pip practice	python
(django) Nathans-MacBook-Pro:python_stack nrp$ cd django/
(django) Nathans-MacBook-Pro:django nrp$ ls
django_full_stack	django_intro		django_orm
(django) Nathans-MacBook-Pro:django nrp$ cd django_intro/
(django) Nathans-MacBook-Pro:django_intro nrp$ django-admin startproject first_project
(django) Nathans-MacBook-Pro:django_intro nrp$ cd first_project
(django) Nathans-MacBook-Pro:first_project nrp$ python manage.py runserver
Performing system checks...

System check identified no issues (0 silenced).

You have 13 unapplied migration(s). Your project may not work properly until you apply the migrations for app(s): admin, auth, contenttypes, sessions.
Run 'python manage.py migrate' to apply them.

October 07, 2019 - 22:09:37
Django version 1.10, using settings 'first_project.settings'
Starting development server at http://127.0.0.1:8000/
Quit the server with CONTROL-C.
^C(django) Nathans-MacBook-Pro:first_project nrp$ 
(django) Nathans-MacBook-Pro:first_project nrp$ python manage.py runserver
Performing system checks...

System check identified no issues (0 silenced).

You have 13 unapplied migration(s). Your project may not work properly until you apply the migrations for app(s): admin, auth, contenttypes, sessions.
Run 'python manage.py migrate' to apply them.

October 07, 2019 - 22:29:32
Django version 1.10, using settings 'first_project.settings'
Starting development server at http://127.0.0.1:8000/
Quit the server with CONTROL-C.
[07/Oct/2019 22:32:09] "GET / HTTP/1.1" 200 1767
Not Found: /favicon.ico
[07/Oct/2019 22:32:10] "GET /favicon.ico HTTP/1.1" 404 1943
^C(django) Nathans-MacBook-Pro:first_project nrp$ mkdir apps
(django) Nathans-MacBook-Pro:first_project nrp$ cd apps/
(django) Nathans-MacBook-Pro:apps nrp$ python ../manage.py startapp first_app
(django) Nathans-MacBook-Pro:apps nrp$ django-admin startproject leo_lion
(django) Nathans-MacBook-Pro:apps nrp$ cd ..
(django) Nathans-MacBook-Pro:first_project nrp$ cd ..
(django) Nathans-MacBook-Pro:.Trash nrp$ cd..
-bash: cd..: command not found
(django) Nathans-MacBook-Pro:.Trash nrp$ ls
(drive 1) WDC WD40EFRX-68N32N0 ATA Device Dec-13 18_26.ddwscan
108289184_a559675895.jpg
2
2017-03-17-101019
2018-01-08-085553
2018-12-14-115334
20190112-statements-8408-.pdf
204718_Nathan Potts New York Life Insurance.psd
2b5680d84a5e09bd88d497031edf3325_Nathan Potts.zip
2django
2flask
3929039310964c2e8830be5fc758534e_Nelda Potts.zip
465659_General_SmartPSS_Eng_Amcrest_Mac_IS_V1.11.1.R.20161221.pkg.zip
APPS Net Notification - Appointment Rescheduled - Case Number_ 01600A028963 - Applicant_  Bergher, B..eml
Angley Shaun.docx
Angley Shaun.pdf
AppDelete Hard Disk Manager
AppDelete IDLE
AppDelete Python Launcher
AppDelete SuperDuper!
AppDelete WD My Cloud
AppDelete WD My Cloud 20-51-35-516
Basic
Basic Foundation 1
Block
Blocks HTML
Blocks css
Blocks css.css
Blocks.css
Bruno B - APPS.pdf
Calendar Cache
Calendar Cache 6.34.18 PM
Calendar Cache-shm
Calendar Cache-shm 6.34.18 PM
Calendar Cache-wal
Calendar Cache-wal 6.34.18 PM
Course Work
Demo.html
Disk Drill (3.6.916).app
Disk Drill (3.6.918).app
DoJo_Assignments
Drive2 (old) - WDC WD40 EFRX-68WT0N0 Dec-13 00_26.ddscan
Election of Dividend Option.pdf
Evacuating Camp fire Paradise CA Nov 8 2018.mov
Evacuating Camp fire Paradise CA Nov 8 2018.mp4 8.05.47 PM.download
Evacuating Camp fire Paradise CA Nov 8 2018.mp4 8.09.58 PM.download
Evacuating Camp fire Paradise CA Nov 8 2018.mp4 8.21.14 PM.download
Evacuating Camp fire Paradise CA Nov 8 2018.mp4-2.download
Evacuating Camp fire Paradise CA Nov 8 2018.mp4.download
Evie's.jpg
Expense Cover Sheet
GitHubDesktop.zip
GoogleEarthProMac-Intel.dmg
His .pdf
Hot Dog Palace.jpg
How_to_Be_a_Real_Estate_Investor_by_Phil_Pustejovsky_Free_Copy-2.pdf
IMG_0092 2.HEIC
IMG_1163.MOV
Images
Images.zip
Infinity logo (jpg)
James_Consulting2
Messenger-0.1.13.1491443794-7b1777b58fef0bf9.zip
My Payment Preferences.pdf
MyCloudEX2 07-09-19-112.zip
MyCloudEX2 17-11-24-616.zip
MyCloudEX2.zip
NYL to Sort
ODSSetup.exe
Phone Bill
Portfolio.zip
Portfolio_images.zip
Pracrtice.html
Pre App Questionnaire - Deonna.pdf
Pre App Questionnaire copy 11.51.35 PM.pdf
Pre App Questionnaire copy.pdf
Pre App Questionnaire copy_distributed.pdf
Pre App Questionnaire copy_responses.pdf
Pre App Questionnaire.pdf
Products_7198091_10.xlsx
Products_7201868_10.xlsx
Products_7204925_10.xlsx
Products_7207683_10.xlsx
Products_7207959_10.xlsx
Products_7278188_10.xlsx
Project_jQuery.zip
Python 3.7
Python 8.25.04 AM
Recovered files
Recovered files #1
Recovered files #2
Recovered files #3
Recovered files #4
Recovered files #5
Routemap_all_v1.ashx 9.38.58 AM.svg
Routemap_all_v1.ashx.svg
Screen Shot 2018-10-11 at 2.47.11 PM.png
Screen Shot 2018-10-24 at 4.05.52 PM.png
Screen Shot 2018-10-24 at 4.05.56 PM.png
Screen Shot 2018-10-26 at 3.40.45 PM.png
Screen Shot 2018-10-26 at 4.10.16 PM.png
Screen Shot 2018-12-20 at 2.08.18 PM.png
Screen Shot 2019-01-07 at 2.43.13 PM.png
Screen Shot 2019-01-08 at 10.58.07 AM.png
Screen Shot 2019-01-11 at 1.58.51 PM.png
Screen Shot 2019-01-31 at 8.16.00 PM.png
Service Form - Change Request.pdf
Service Form - Change Requests.pdf
SuperDuper!.dmg
VSCode-darwin-stable.zip
Verizon_bill_May_20_2018-2.pdf
VirtualBox-5.2.24-128163-OSX.dmg
WDAccess_Updater_for_Mac_1.0.4.275.zip
WDMyCloud_mac.dmg
WD_Utilities_Standalone_Installer_Mac_2_1_1_100.zip
Whiteboard Talk 7-21-2018.pdf
Whiteboard talk Best.pdf
Wiggles featuring Napa Wood (1944) 15-11-03-024.mp4
Wiggles featuring Napa Wood (1944).mp4
com.wd.WDMyCloud
completedTransactions (1).xls
completedTransactions (2).xls
completedTransactions (3).xls
completedTransactions.xls
consulting.zip
django
django 2.52.32 PM
done
first_project
flask
guido_monty_bank
guido_monty_bank 8.40.35 AM.py
guido_monty_bank.py
guido_monty_bank.zip
guido_monty_jim_bank.zip
iPhone11,2_12.1.4_16D57_Restore.ipsw
images7350485989173069104.zip
index 11.24.49 AM.html
index.html
indext.html
javaforosx.dmg
logo-ebay-store-png-ebay-store-logo-vector-195.png
mbp.png
mophie juice pack air product red2.HEIC
my_environments
ninja-cat.zip
package-2.pdf
package.pdf
py3Env
python
python-3.7.4-macosx10.9.pkg
static
static 11.24.55 AM
static 3.28.16 PM
static 3.28.40 PM
style 11.38.37 AM.css
style.css
templates
templates 3.28.40 PM
untitled folder
webplugin_PT_camera 09-45-18-951.pkg
webplugin_PT_camera 10-33-38-178.pkg
webplugin_PT_camera 17-01-30-749.pkg
webplugin_PT_camera 17-20-20-692.pkg
webplugin_PT_camera 17-40-20-259.pkg
webplugin_PT_camera 19-41-15-848.pkg
webplugin_PT_camera.pkg
(django) Nathans-MacBook-Pro:.Trash nrp$ cd --
(django) Nathans-MacBook-Pro:~ nrp$ cd doojo
-bash: cd: doojo: No such file or directory
(django) Nathans-MacBook-Pro:~ nrp$ ls
Applications
Cloud Storage
Creative Cloud Files
Desktop
DoJo
Documents
Downloads
Drive1 (old) - WDC WD40 EFRX-68WT0N0 Dec-13 00_26.ddscan
Google Drive (nathanrpotts@gmail.com)
Library
Movies
Music
Pictures
Public
VirtualBox VMs
iCloud Drive (Archive)
nathanrpotts87@gmail.com Creative Cloud Files
requirements.txt
(django) Nathans-MacBook-Pro:~ nrp$ cd dojo
(django) Nathans-MacBook-Pro:dojo nrp$ ls
GitHub	Script
(django) Nathans-MacBook-Pro:dojo nrp$ cd gitgub
-bash: cd: gitgub: No such file or directory
(django) Nathans-MacBook-Pro:dojo nrp$ GetHUb
-bash: GetHUb: command not found
(django) Nathans-MacBook-Pro:dojo nrp$ GitHub
-bash: GitHub: command not found
(django) Nathans-MacBook-Pro:dojo nrp$ ls
GitHub	Script
(django) Nathans-MacBook-Pro:dojo nrp$ cd GitHub
(django) Nathans-MacBook-Pro:GitHub nrp$ ls
Python_Stack	WebFun
(django) Nathans-MacBook-Pro:GitHub nrp$ cd Python_Stack/
(django) Nathans-MacBook-Pro:Python_Stack nrp$ ls
django		flask		my_environments	pip practice	python
(django) Nathans-MacBook-Pro:Python_Stack nrp$ cd django/
(django) Nathans-MacBook-Pro:django nrp$ ls
django_full_stack	django_intro		django_orm
(django) Nathans-MacBook-Pro:django nrp$ cd django_intro
(django) Nathans-MacBook-Pro:django_intro nrp$ ls
(django) Nathans-MacBook-Pro:django_intro nrp$ django-admin startproject leo_lion
(django) Nathans-MacBook-Pro:django_intro nrp$ cd leo_lion
(django) Nathans-MacBook-Pro:leo_lion nrp$ python manage.py runserver
Performing system checks...

System check identified no issues (0 silenced).

You have 13 unapplied migration(s). Your project may not work properly until you apply the migrations for app(s): admin, auth, contenttypes, sessions.
Run 'python manage.py migrate' to apply them.

October 07, 2019 - 22:51:04
Django version 1.10, using settings 'leo_lion.settings'
Starting development server at http://127.0.0.1:8000/
Quit the server with CONTROL-C.
[07/Oct/2019 22:51:17] "GET / HTTP/1.1" 200 1767
Not Found: /favicon.ico
[07/Oct/2019 22:51:17] "GET /favicon.ico HTTP/1.1" 404 1938
[07/Oct/2019 22:51:32] "GET / HTTP/1.1" 200 1767
^C(django) Nathans-MacBook-Pro:leo_lion nrp$ 
(django) Nathans-MacBook-Pro:leo_lion nrp$ mkdir apps
(django) Nathans-MacBook-Pro:leo_lion nrp$ cd apps
(django) Nathans-MacBook-Pro:apps nrp$ python ../manage.py startapp leo_app
(django) Nathans-MacBook-Pro:apps nrp$ cd leo_app
(django) Nathans-MacBook-Pro:leo_app nrp$ touch urls.py
(django) Nathans-MacBook-Pro:leo_app nrp$ ls
__init__.py	apps.py		models.py	urls.py
admin.py	migrations	tests.py	views.py
(django) Nathans-MacBook-Pro:leo_app nrp$ cd..
-bash: cd..: command not found
(django) Nathans-MacBook-Pro:leo_app nrp$ ls
__init__.py	apps.py		models.py	urls.py
admin.py	migrations	tests.py	views.py
(django) Nathans-MacBook-Pro:leo_app nrp$ cd ..
(django) Nathans-MacBook-Pro:apps nrp$ ls
leo_app
(django) Nathans-MacBook-Pro:apps nrp$ cd
(django) Nathans-MacBook-Pro:apps nrp$ cd ..
(django) Nathans-MacBook-Pro:leo_lion nrp$ ls
apps		db.sqlite3	leo_lion	manage.py
(django) Nathans-MacBook-Pro:leo_lion nrp$ cd ..
(django) Nathans-MacBook-Pro:django_intro nrp$ ls
leo_lion
(django) Nathans-MacBook-Pro:django_intro nrp$ ls
leo_lion
(django) Nathans-MacBook-Pro:django_intro nrp$ cd leo_lion/
(django) Nathans-MacBook-Pro:leo_lion nrp$ ls
apps		db.sqlite3	leo_lion	manage.py
(django) Nathans-MacBook-Pro:leo_lion nrp$ cd leo_lion/
(django) Nathans-MacBook-Pro:leo_lion nrp$ ls
__init__.py	__pycache__	settings.py	urls.py		wsgi.py
(django) Nathans-MacBook-Pro:leo_lion nrp$ open settings.py 
(django) Nathans-MacBook-Pro:leo_lion nrp$ open urls.py
(django) Nathans-MacBook-Pro:leo_lion nrp$ cd ..
(django) Nathans-MacBook-Pro:leo_lion nrp$ cd ..
(django) Nathans-MacBook-Pro:django_intro nrp$ cd leo_lion/
(django) Nathans-MacBook-Pro:leo_lion nrp$ ls
apps		db.sqlite3	leo_lion	manage.py
(django) Nathans-MacBook-Pro:leo_lion nrp$ cd apps/leo_app
(django) Nathans-MacBook-Pro:leo_app nrp$ open urls.py
(django) Nathans-MacBook-Pro:leo_app nrp$ open views.py 
(django) Nathans-MacBook-Pro:leo_app nrp$ cd ..
(django) Nathans-MacBook-Pro:apps nrp$ ls
leo_app
(django) Nathans-MacBook-Pro:apps nrp$ cd ..
(django) Nathans-MacBook-Pro:leo_lion nrp$ ls
apps		db.sqlite3	leo_lion	manage.py
(django) Nathans-MacBook-Pro:leo_lion nrp$ python manage.py

Type 'manage.py help <subcommand>' for help on a specific subcommand.

Available subcommands:

[auth]
    changepassword
    createsuperuser

[django]
    check
    compilemessages
    createcachetable
    dbshell
    diffsettings
    dumpdata
    flush
    inspectdb
    loaddata
    makemessages
    makemigrations
    migrate
    sendtestemail
    shell
    showmigrations
    sqlflush
    sqlmigrate
    sqlsequencereset
    squashmigrations
    startapp
    startproject
    test
    testserver

[sessions]
    clearsessions

[staticfiles]
    collectstatic
    findstatic
    runserver
(django) Nathans-MacBook-Pro:leo_lion nrp$ python manage.py runserver
Performing system checks...

System check identified no issues (0 silenced).

You have 13 unapplied migration(s). Your project may not work properly until you apply the migrations for app(s): admin, auth, contenttypes, sessions.
Run 'python manage.py migrate' to apply them.

October 07, 2019 - 23:13:27
Django version 1.10, using settings 'leo_lion.settings'
Starting development server at http://127.0.0.1:8000/
Quit the server with CONTROL-C.
[07/Oct/2019 23:13:56] "GET / HTTP/1.1" 200 42
Not Found: /favicon.ico
[07/Oct/2019 23:13:56] "GET /favicon.ico HTTP/1.1" 404 1981
^C(django) Nathans-MacBook-Pro:leo_lion nrp$ cd ..
(django) Nathans-MacBook-Pro:django_intro nrp$ ls
leo_lion
(django) Nathans-MacBook-Pro:django_intro nrp$ cd ..
(django) Nathans-MacBook-Pro:django nrp$ cd django_intro/
(django) Nathans-MacBook-Pro:django_intro nrp$ django-admin startproject dogs_life
(django) Nathans-MacBook-Pro:django_intro nrp$ cd dogs_life/
(django) Nathans-MacBook-Pro:dogs_life nrp$ python manage.py runserver
Performing system checks...

System check identified no issues (0 silenced).

You have 13 unapplied migration(s). Your project may not work properly until you apply the migrations for app(s): admin, auth, contenttypes, sessions.
Run 'python manage.py migrate' to apply them.

October 08, 2019 - 18:57:12
Django version 1.10, using settings 'dogs_life.settings'
Starting development server at http://127.0.0.1:8000/
Quit the server with CONTROL-C.
^C(django) Nathans-MacBook-Pro:dogs_life nrp$ mkdir apps
(django) Nathans-MacBook-Pro:dogs_life nrp$ cd apps/
(django) Nathans-MacBook-Pro:apps nrp$ python ../manage.py startapp dog_fun
(django) Nathans-MacBook-Pro:apps nrp$ cd dog_fun/
(django) Nathans-MacBook-Pro:dog_fun nrp$ touch urls.py
(django) Nathans-MacBook-Pro:dog_fun nrp$ cd ..
(django) Nathans-MacBook-Pro:apps nrp$ cd ..
(django) Nathans-MacBook-Pro:dogs_life nrp$ python manage.py runserver
Unhandled exception in thread started by <function check_errors.<locals>.wrapper at 0x10a098f80>
Traceback (most recent call last):
  File "/Users/nrp/DoJo/GitHub/Python_Stack/my_environments/django/lib/python3.7/site-packages/django/utils/autoreload.py", line 226, in wrapper
    fn(*args, **kwargs)
  File "/Users/nrp/DoJo/GitHub/Python_Stack/my_environments/django/lib/python3.7/site-packages/django/core/management/commands/runserver.py", line 113, in inner_run
    autoreload.raise_last_exception()
  File "/Users/nrp/DoJo/GitHub/Python_Stack/my_environments/django/lib/python3.7/site-packages/django/utils/autoreload.py", line 249, in raise_last_exception
    six.reraise(*_exception)
  File "/Users/nrp/DoJo/GitHub/Python_Stack/my_environments/django/lib/python3.7/site-packages/django/utils/six.py", line 685, in reraise
    raise value.with_traceback(tb)
  File "/Users/nrp/DoJo/GitHub/Python_Stack/my_environments/django/lib/python3.7/site-packages/django/utils/autoreload.py", line 226, in wrapper
    fn(*args, **kwargs)
  File "/Users/nrp/DoJo/GitHub/Python_Stack/my_environments/django/lib/python3.7/site-packages/django/__init__.py", line 27, in setup
    apps.populate(settings.INSTALLED_APPS)
  File "/Users/nrp/DoJo/GitHub/Python_Stack/my_environments/django/lib/python3.7/site-packages/django/apps/registry.py", line 85, in populate
    app_config = AppConfig.create(entry)
  File "/Users/nrp/DoJo/GitHub/Python_Stack/my_environments/django/lib/python3.7/site-packages/django/apps/config.py", line 116, in create
    mod = import_module(mod_path)
  File "/Library/Frameworks/Python.framework/Versions/3.7/lib/python3.7/importlib/__init__.py", line 127, in import_module
    return _bootstrap._gcd_import(name[level:], package, level)
  File "<frozen importlib._bootstrap>", line 1006, in _gcd_import
  File "<frozen importlib._bootstrap>", line 983, in _find_and_load
  File "<frozen importlib._bootstrap>", line 965, in _find_and_load_unlocked
ModuleNotFoundError: No module named 'app'
cd ..
^C(django) Nathans-MacBook-Pro:dogs_life nrp$ cd ..
(django) Nathans-MacBook-Pro:django_intro nrp$ ls
dogs_life	leo_lion
(django) Nathans-MacBook-Pro:django_intro nrp$ dogs_life/
-bash: dogs_life/: is a directory
(django) Nathans-MacBook-Pro:django_intro nrp$ python manage.py runserver
/Library/Frameworks/Python.framework/Versions/3.7/Resources/Python.app/Contents/MacOS/Python: can't open file 'manage.py': [Errno 2] No such file or directory
(django) Nathans-MacBook-Pro:django_intro nrp$ cd dogs_life/
(django) Nathans-MacBook-Pro:dogs_life nrp$ python manage.py runserver
Performing system checks...

System check identified no issues (0 silenced).

You have 13 unapplied migration(s). Your project may not work properly until you apply the migrations for app(s): admin, auth, contenttypes, sessions.
Run 'python manage.py migrate' to apply them.

October 08, 2019 - 22:52:58
Django version 1.10, using settings 'dogs_life.settings'
Starting development server at http://127.0.0.1:8000/
Quit the server with CONTROL-C.
[08/Oct/2019 22:53:16] "GET / HTTP/1.1" 200 48
[08/Oct/2019 22:53:33] "GET /new HTTP/1.1" 200 54
[08/Oct/2019 22:53:53] "GET /create HTTP/1.1" 200 48
[08/Oct/2019 22:54:49] "GET /7 HTTP/1.1" 200 42
Performing system checks...

System check identified no issues (0 silenced).

You have 13 unapplied migration(s). Your project may not work properly until you apply the migrations for app(s): admin, auth, contenttypes, sessions.
Run 'python manage.py migrate' to apply them.

October 08, 2019 - 22:55:06
Django version 1.10, using settings 'dogs_life.settings'
Starting development server at http://127.0.0.1:8000/
Quit the server with CONTROL-C.
Performing system checks...

System check identified no issues (0 silenced).

You have 13 unapplied migration(s). Your project may not work properly until you apply the migrations for app(s): admin, auth, contenttypes, sessions.
Run 'python manage.py migrate' to apply them.

October 08, 2019 - 22:55:11
Django version 1.10, using settings 'dogs_life.settings'
Starting development server at http://127.0.0.1:8000/
Quit the server with CONTROL-C.
[08/Oct/2019 22:55:14] "GET /7 HTTP/1.1" 200 37
Not Found: /favicon.ico
[08/Oct/2019 22:55:14] "GET /favicon.ico HTTP/1.1" 404 2810
[08/Oct/2019 22:55:32] "GET /7/edit HTTP/1.1" 200 37
[08/Oct/2019 22:55:40] "GET /99/edit HTTP/1.1" 200 38
[08/Oct/2019 22:55:52] "GET /65/delete HTTP/1.1" 302 0
[08/Oct/2019 22:55:52] "GET / HTTP/1.1" 200 48

  [Restored Oct 9, 2019 at 8:25:02 AM]
Last login: Wed Oct  9 08:25:01 on ttys000
Restored session: Wed Oct  9 08:10:32 PDT 2019
Nathans-MacBook-Pro:dogs_life nrp$ cd ..
Nathans-MacBook-Pro:django_intro nrp$ cd ..
Nathans-MacBook-Pro:django nrp$ ls
django_full_stack	django_intro		django_orm
Nathans-MacBook-Pro:django nrp$ cd django_orm/
Nathans-MacBook-Pro:django_orm nrp$ django-admin startproject orm_intro_project
-bash: django-admin: command not found
Nathans-MacBook-Pro:django_orm nrp$ cd ..
Nathans-MacBook-Pro:django nrp$ cd ..
Nathans-MacBook-Pro:Python_Stack nrp$ ls
django		flask		my_environments	pip practice	python
Nathans-MacBook-Pro:Python_Stack nrp$ cd my_environments/
Nathans-MacBook-Pro:my_environments nrp$ ls
django	flask
Nathans-MacBook-Pro:my_environments nrp$ source django/bin/activate
(django) Nathans-MacBook-Pro:my_environments nrp$ cd ..
(django) Nathans-MacBook-Pro:Python_Stack nrp$ ls
django		flask		my_environments	pip practice	python
(django) Nathans-MacBook-Pro:Python_Stack nrp$ cd django/django_orm
(django) Nathans-MacBook-Pro:django_orm nrp$ django-admin startproject orm_intro_project
(django) Nathans-MacBook-Pro:django_orm nrp$ cd orm_intro_project/
(django) Nathans-MacBook-Pro:orm_intro_project nrp$ mkdir apps
(django) Nathans-MacBook-Pro:orm_intro_project nrp$ cd apps
(django) Nathans-MacBook-Pro:apps nrp$ python3 ../manage.py startapp orm_intro
(django) Nathans-MacBook-Pro:apps nrp$ cd ..
(django) Nathans-MacBook-Pro:orm_intro_project nrp$ code .
-bash: code: command not found
(django) Nathans-MacBook-Pro:orm_intro_project nrp$ python3 ../manage.py makemigrations
/Library/Frameworks/Python.framework/Versions/3.7/Resources/Python.app/Contents/MacOS/Python: can't open file '../manage.py': [Errno 2] No such file or directory
(django) Nathans-MacBook-Pro:orm_intro_project nrp$ python3 ../manage.py makemigrations
/Library/Frameworks/Python.framework/Versions/3.7/Resources/Python.app/Contents/MacOS/Python: can't open file '../manage.py': [Errno 2] No such file or directory
(django) Nathans-MacBook-Pro:orm_intro_project nrp$ python3 manage.py makemigrations
Traceback (most recent call last):
  File "manage.py", line 22, in <module>
    execute_from_command_line(sys.argv)
  File "/Users/nrp/DoJo/GitHub/Python_Stack/my_environments/django/lib/python3.7/site-packages/django/core/management/__init__.py", line 367, in execute_from_command_line
    utility.execute()
  File "/Users/nrp/DoJo/GitHub/Python_Stack/my_environments/django/lib/python3.7/site-packages/django/core/management/__init__.py", line 359, in execute
    self.fetch_command(subcommand).run_from_argv(self.argv)
  File "/Users/nrp/DoJo/GitHub/Python_Stack/my_environments/django/lib/python3.7/site-packages/django/core/management/base.py", line 305, in run_from_argv
    self.execute(*args, **cmd_options)
  File "/Users/nrp/DoJo/GitHub/Python_Stack/my_environments/django/lib/python3.7/site-packages/django/core/management/base.py", line 353, in execute
    self.check()
  File "/Users/nrp/DoJo/GitHub/Python_Stack/my_environments/django/lib/python3.7/site-packages/django/core/management/base.py", line 385, in check
    include_deployment_checks=include_deployment_checks,
  File "/Users/nrp/DoJo/GitHub/Python_Stack/my_environments/django/lib/python3.7/site-packages/django/core/management/base.py", line 372, in _run_checks
    return checks.run_checks(**kwargs)
  File "/Users/nrp/DoJo/GitHub/Python_Stack/my_environments/django/lib/python3.7/site-packages/django/core/checks/registry.py", line 81, in run_checks
    new_errors = check(app_configs=app_configs)
  File "/Users/nrp/DoJo/GitHub/Python_Stack/my_environments/django/lib/python3.7/site-packages/django/core/checks/urls.py", line 14, in check_url_config
    return check_resolver(resolver)
  File "/Users/nrp/DoJo/GitHub/Python_Stack/my_environments/django/lib/python3.7/site-packages/django/core/checks/urls.py", line 24, in check_resolver
    for pattern in resolver.url_patterns:
  File "/Users/nrp/DoJo/GitHub/Python_Stack/my_environments/django/lib/python3.7/site-packages/django/utils/functional.py", line 35, in __get__
    res = instance.__dict__[self.name] = self.func(instance)
  File "/Users/nrp/DoJo/GitHub/Python_Stack/my_environments/django/lib/python3.7/site-packages/django/urls/resolvers.py", line 310, in url_patterns
    patterns = getattr(self.urlconf_module, "urlpatterns", self.urlconf_module)
  File "/Users/nrp/DoJo/GitHub/Python_Stack/my_environments/django/lib/python3.7/site-packages/django/utils/functional.py", line 35, in __get__
    res = instance.__dict__[self.name] = self.func(instance)
  File "/Users/nrp/DoJo/GitHub/Python_Stack/my_environments/django/lib/python3.7/site-packages/django/urls/resolvers.py", line 303, in urlconf_module
    return import_module(self.urlconf_name)
  File "/Library/Frameworks/Python.framework/Versions/3.7/lib/python3.7/importlib/__init__.py", line 127, in import_module
    return _bootstrap._gcd_import(name[level:], package, level)
  File "<frozen importlib._bootstrap>", line 1006, in _gcd_import
  File "<frozen importlib._bootstrap>", line 983, in _find_and_load
  File "<frozen importlib._bootstrap>", line 967, in _find_and_load_unlocked
  File "<frozen importlib._bootstrap>", line 677, in _load_unlocked
  File "<frozen importlib._bootstrap_external>", line 728, in exec_module
  File "<frozen importlib._bootstrap>", line 219, in _call_with_frames_removed
  File "/Users/nrp/DoJo/GitHub/Python_Stack/django/django_orm/orm_intro_project/orm_intro_project/urls.py", line 20, in <module>
    url(r'^', include('apps.orm_intro.urls')),
  File "/Users/nrp/DoJo/GitHub/Python_Stack/my_environments/django/lib/python3.7/site-packages/django/conf/urls/__init__.py", line 50, in include
    urlconf_module = import_module(urlconf_module)
  File "/Library/Frameworks/Python.framework/Versions/3.7/lib/python3.7/importlib/__init__.py", line 127, in import_module
    return _bootstrap._gcd_import(name[level:], package, level)
  File "<frozen importlib._bootstrap>", line 1006, in _gcd_import
  File "<frozen importlib._bootstrap>", line 983, in _find_and_load
  File "<frozen importlib._bootstrap>", line 967, in _find_and_load_unlocked
  File "<frozen importlib._bootstrap>", line 677, in _load_unlocked
  File "<frozen importlib._bootstrap_external>", line 728, in exec_module
  File "<frozen importlib._bootstrap>", line 219, in _call_with_frames_removed
  File "/Users/nrp/DoJo/GitHub/Python_Stack/django/django_orm/orm_intro_project/apps/orm_intro/urls.py", line 6, in <module>
    url(r'^new$', views.new),
AttributeError: module 'apps.orm_intro.views' has no attribute 'new'
(django) Nathans-MacBook-Pro:orm_intro_project nrp$ python3 manage.py makemigrations
Traceback (most recent call last):
  File "manage.py", line 22, in <module>
    execute_from_command_line(sys.argv)
  File "/Users/nrp/DoJo/GitHub/Python_Stack/my_environments/django/lib/python3.7/site-packages/django/core/management/__init__.py", line 367, in execute_from_command_line
    utility.execute()
  File "/Users/nrp/DoJo/GitHub/Python_Stack/my_environments/django/lib/python3.7/site-packages/django/core/management/__init__.py", line 359, in execute
    self.fetch_command(subcommand).run_from_argv(self.argv)
  File "/Users/nrp/DoJo/GitHub/Python_Stack/my_environments/django/lib/python3.7/site-packages/django/core/management/base.py", line 305, in run_from_argv
    self.execute(*args, **cmd_options)
  File "/Users/nrp/DoJo/GitHub/Python_Stack/my_environments/django/lib/python3.7/site-packages/django/core/management/base.py", line 353, in execute
    self.check()
  File "/Users/nrp/DoJo/GitHub/Python_Stack/my_environments/django/lib/python3.7/site-packages/django/core/management/base.py", line 385, in check
    include_deployment_checks=include_deployment_checks,
  File "/Users/nrp/DoJo/GitHub/Python_Stack/my_environments/django/lib/python3.7/site-packages/django/core/management/base.py", line 372, in _run_checks
    return checks.run_checks(**kwargs)
  File "/Users/nrp/DoJo/GitHub/Python_Stack/my_environments/django/lib/python3.7/site-packages/django/core/checks/registry.py", line 81, in run_checks
    new_errors = check(app_configs=app_configs)
  File "/Users/nrp/DoJo/GitHub/Python_Stack/my_environments/django/lib/python3.7/site-packages/django/core/checks/urls.py", line 14, in check_url_config
    return check_resolver(resolver)
  File "/Users/nrp/DoJo/GitHub/Python_Stack/my_environments/django/lib/python3.7/site-packages/django/core/checks/urls.py", line 24, in check_resolver
    for pattern in resolver.url_patterns:
  File "/Users/nrp/DoJo/GitHub/Python_Stack/my_environments/django/lib/python3.7/site-packages/django/utils/functional.py", line 35, in __get__
    res = instance.__dict__[self.name] = self.func(instance)
  File "/Users/nrp/DoJo/GitHub/Python_Stack/my_environments/django/lib/python3.7/site-packages/django/urls/resolvers.py", line 310, in url_patterns
    patterns = getattr(self.urlconf_module, "urlpatterns", self.urlconf_module)
  File "/Users/nrp/DoJo/GitHub/Python_Stack/my_environments/django/lib/python3.7/site-packages/django/utils/functional.py", line 35, in __get__
    res = instance.__dict__[self.name] = self.func(instance)
  File "/Users/nrp/DoJo/GitHub/Python_Stack/my_environments/django/lib/python3.7/site-packages/django/urls/resolvers.py", line 303, in urlconf_module
    return import_module(self.urlconf_name)
  File "/Library/Frameworks/Python.framework/Versions/3.7/lib/python3.7/importlib/__init__.py", line 127, in import_module
    return _bootstrap._gcd_import(name[level:], package, level)
  File "<frozen importlib._bootstrap>", line 1006, in _gcd_import
  File "<frozen importlib._bootstrap>", line 983, in _find_and_load
  File "<frozen importlib._bootstrap>", line 967, in _find_and_load_unlocked
  File "<frozen importlib._bootstrap>", line 677, in _load_unlocked
  File "<frozen importlib._bootstrap_external>", line 728, in exec_module
  File "<frozen importlib._bootstrap>", line 219, in _call_with_frames_removed
  File "/Users/nrp/DoJo/GitHub/Python_Stack/django/django_orm/orm_intro_project/orm_intro_project/urls.py", line 20, in <module>
    url(r'^', include('apps.orm_intro.urls')),
  File "/Users/nrp/DoJo/GitHub/Python_Stack/my_environments/django/lib/python3.7/site-packages/django/conf/urls/__init__.py", line 50, in include
    urlconf_module = import_module(urlconf_module)
  File "/Library/Frameworks/Python.framework/Versions/3.7/lib/python3.7/importlib/__init__.py", line 127, in import_module
    return _bootstrap._gcd_import(name[level:], package, level)
  File "<frozen importlib._bootstrap>", line 1006, in _gcd_import
  File "<frozen importlib._bootstrap>", line 983, in _find_and_load
  File "<frozen importlib._bootstrap>", line 965, in _find_and_load_unlocked
ModuleNotFoundError: No module named 'apps.orm_intro.urls'
(django) Nathans-MacBook-Pro:orm_intro_project nrp$ python3 manage.py makemigrations
No changes detected
(django) Nathans-MacBook-Pro:orm_intro_project nrp$ python3 manage.py migrate
Operations to perform:
  Apply all migrations: admin, auth, contenttypes, sessions
Running migrations:
  Rendering model states... DONE
  Applying contenttypes.0001_initial... OK
  Applying auth.0001_initial... OK
  Applying admin.0001_initial... OK
  Applying admin.0002_logentry_remove_auto_add... OK
  Applying contenttypes.0002_remove_content_type_name... OK
  Applying auth.0002_alter_permission_name_max_length... OK
  Applying auth.0003_alter_user_email_max_length... OK
  Applying auth.0004_alter_user_username_opts... OK
  Applying auth.0005_alter_user_last_login_null... OK
  Applying auth.0006_require_contenttypes_0002... OK
  Applying auth.0007_alter_validators_add_error_messages... OK
  Applying auth.0008_alter_user_username_max_length... OK
  Applying sessions.0001_initial... OK
(django) Nathans-MacBook-Pro:orm_intro_project nrp$ python3 manage.py shell
Python 3.7.4 (v3.7.4:e09359112e, Jul  8 2019, 14:54:52) 
[Clang 6.0 (clang-600.0.57)] on darwin
Type "help", "copyright", "credits" or "license" for more information.
(InteractiveConsole)
>>> from apps.orm_intro.models import*
>>> from apps.orm_intro.models import*
KeyboardInterrupt
>>> 
KeyboardInterrupt
>>> ^D
now exiting InteractiveConsole...
(django) Nathans-MacBook-Pro:orm_intro_project nrp$ python3 manage.py makemigrations
No changes detected
(django) Nathans-MacBook-Pro:orm_intro_project nrp$ python3 manage.py makemigrations
No changes detected
(django) Nathans-MacBook-Pro:orm_intro_project nrp$ python3 manage.py makemigrations
Traceback (most recent call last):
  File "manage.py", line 22, in <module>
    execute_from_command_line(sys.argv)
  File "/Users/nrp/DoJo/GitHub/Python_Stack/my_environments/django/lib/python3.7/site-packages/django/core/management/__init__.py", line 367, in execute_from_command_line
    utility.execute()
  File "/Users/nrp/DoJo/GitHub/Python_Stack/my_environments/django/lib/python3.7/site-packages/django/core/management/__init__.py", line 341, in execute
    django.setup()
  File "/Users/nrp/DoJo/GitHub/Python_Stack/my_environments/django/lib/python3.7/site-packages/django/__init__.py", line 27, in setup
    apps.populate(settings.INSTALLED_APPS)
  File "/Users/nrp/DoJo/GitHub/Python_Stack/my_environments/django/lib/python3.7/site-packages/django/apps/registry.py", line 108, in populate
    app_config.import_models(all_models)
  File "/Users/nrp/DoJo/GitHub/Python_Stack/my_environments/django/lib/python3.7/site-packages/django/apps/config.py", line 199, in import_models
    self.models_module = import_module(models_module_name)
  File "/Library/Frameworks/Python.framework/Versions/3.7/lib/python3.7/importlib/__init__.py", line 127, in import_module
    return _bootstrap._gcd_import(name[level:], package, level)
  File "<frozen importlib._bootstrap>", line 1006, in _gcd_import
  File "<frozen importlib._bootstrap>", line 983, in _find_and_load
  File "<frozen importlib._bootstrap>", line 967, in _find_and_load_unlocked
  File "<frozen importlib._bootstrap>", line 677, in _load_unlocked
  File "<frozen importlib._bootstrap_external>", line 724, in exec_module
  File "<frozen importlib._bootstrap_external>", line 860, in get_code
  File "<frozen importlib._bootstrap_external>", line 791, in source_to_code
  File "<frozen importlib._bootstrap>", line 219, in _call_with_frames_removed
  File "/Users/nrp/DoJo/GitHub/Python_Stack/django/django_orm/orm_intro_project/apps/orm_intro/models.py", line 4
    Â Â Â Â name = models.CharField(max_length=45)
           ^
SyntaxError: invalid character in identifier
(django) Nathans-MacBook-Pro:orm_intro_project nrp$ python3 manage.py makemigrations
Migrations for 'orm_intro':
  apps/orm_intro/migrations/0001_initial.py:
    - Create model Hogwarts
(django) Nathans-MacBook-Pro:orm_intro_project nrp$ python3 manage.py migrate
Operations to perform:
  Apply all migrations: admin, auth, contenttypes, orm_intro, sessions
Running migrations:
  Rendering model states... DONE
  Applying orm_intro.0001_initial... OK
(django) Nathans-MacBook-Pro:orm_intro_project nrp$ python3 manage.py shell
Python 3.7.4 (v3.7.4:e09359112e, Jul  8 2019, 14:54:52) 
[Clang 6.0 (clang-600.0.57)] on darwin
Type "help", "copyright", "credits" or "license" for more information.
(InteractiveConsole)
>>> Hogwarts.objects.create
>>> Hogwarts.objects.create(name='Harry Potter', house='GRyffindor', pet='Hedwig', year='5');
Traceback (most recent call last):
  File "<console>", line 1, in <module>
NameError: name 'Hogwarts' is not defined
>>> hogwarts.objects.create(name='Harry Potter', house='GRyffindor', pet='Hedwig', year='5');
Traceback (most recent call last):
  File "<console>", line 1, in <module>
NameError: name 'hogwarts' is not defined
>>> hogwarts.objects.create(name='Harry Potter', house='GRyffindor', pet='Hedwig', year=5);
Traceback (most recent call last):
  File "<console>", line 1, in <module>
NameError: name 'hogwarts' is not defined
>>> ^D
now exiting InteractiveConsole...
(django) Nathans-MacBook-Pro:orm_intro_project nrp$ python3 manage.py makemigrations
No changes detected
(django) Nathans-MacBook-Pro:orm_intro_project nrp$ python3 manage.py migrate
Operations to perform:
  Apply all migrations: admin, auth, contenttypes, orm_intro, sessions
Running migrations:
  No migrations to apply.
(django) Nathans-MacBook-Pro:orm_intro_project nrp$ python3 manage.py shell
Python 3.7.4 (v3.7.4:e09359112e, Jul  8 2019, 14:54:52) 
[Clang 6.0 (clang-600.0.57)] on darwin
Type "help", "copyright", "credits" or "license" for more information.
(InteractiveConsole)
>>> from apps.orm_intro.models import *
>>> hogwarts.objects.cerate(name="Harry Potter", house="Gryffindor", pet="Hedwig", year=5)
Traceback (most recent call last):
  File "<console>", line 1, in <module>
AttributeError: 'Manager' object has no attribute 'cerate'
>>> hogwarts.objects.create(name="Harry Potter", house="Gryffindor", pet="Hedwig", year=5)
<hogwarts: hogwarts object>
>>> hogwarts.objects.create(name="Hermione Granger", house="Gryffindor", pet="Crookshanks", year=5)
<hogwarts: hogwarts object>
>>> hogwarts.objects.create(name="Draco Malfoy", house="Slytherin", pet="Unknown", year="5"
... hogwarts.objects.create(name="Draco Malfoy", house="Slytherin", pet="Unknown", year="5")
  File "<console>", line 2
    hogwarts.objects.create(name="Draco Malfoy", house="Slytherin", pet="Unknown", year="5")
           ^
SyntaxError: invalid syntax
>>> hogwarts.objects.create(name="Draco Malfoy", house="Slytherin", pet="Unknown", year="5")
<hogwarts: hogwarts object>
>>> hogwarts.objects.create(name="Luna Lovegood", house="Ravenclaw", pet="None", year="4")
<hogwarts: hogwarts object>
>>> hogwarts.objects.create(name="Padma Patil", house="Ravenclaw", pet="None", year="5")
<hogwarts: hogwarts object>
>>> ravenclaws = Hogwarts.objects.filter(house="Ravenclaw")
Traceback (most recent call last):
  File "<console>", line 1, in <module>
NameError: name 'Hogwarts' is not defined
>>> ravenclaws = hogwarts.objects.filter(house="Ravenclaw")
>>> luna = hogwarts.objects.get(name="Luna Lovegood")
>>> luna.year = 5
>>> luna.save()
>>> ^D
now exiting InteractiveConsole...
(django) Nathans-MacBook-Pro:orm_intro_project nrp$ cd ..
(django) Nathans-MacBook-Pro:django_orm nrp$ django-admin startproject single_model_orm
(django) Nathans-MacBook-Pro:django_orm nrp$ ls
orm_intro_project	single_model_orm
(django) Nathans-MacBook-Pro:django_orm nrp$ cd single_model_orm/
(django) Nathans-MacBook-Pro:single_model_orm nrp$ mkdir apps
(django) Nathans-MacBook-Pro:single_model_orm nrp$ cd apps
(django) Nathans-MacBook-Pro:apps nrp$ python3 ../manage.py startapp single_model
(django) Nathans-MacBook-Pro:apps nrp$ python3 manage.py makemigrations
/Library/Frameworks/Python.framework/Versions/3.7/Resources/Python.app/Contents/MacOS/Python: can't open file 'manage.py': [Errno 2] No such file or directory
(django) Nathans-MacBook-Pro:apps nrp$ cd ..
(django) Nathans-MacBook-Pro:single_model_orm nrp$ cd ..
(django) Nathans-MacBook-Pro:django_orm nrp$ ls
orm_intro_project	single_model_orm
(django) Nathans-MacBook-Pro:django_orm nrp$ cd single_model_orm/
(django) Nathans-MacBook-Pro:single_model_orm nrp$ python3 manage.py makemigrations
No changes detected
(django) Nathans-MacBook-Pro:single_model_orm nrp$ python3 manage.py migrate
Operations to perform:
  Apply all migrations: admin, auth, contenttypes, sessions
Running migrations:
  Rendering model states... DONE
  Applying contenttypes.0001_initial... OK
  Applying auth.0001_initial... OK
  Applying admin.0001_initial... OK
  Applying admin.0002_logentry_remove_auto_add... OK
  Applying contenttypes.0002_remove_content_type_name... OK
  Applying auth.0002_alter_permission_name_max_length... OK
  Applying auth.0003_alter_user_email_max_length... OK
  Applying auth.0004_alter_user_username_opts... OK
  Applying auth.0005_alter_user_last_login_null... OK
  Applying auth.0006_require_contenttypes_0002... OK
  Applying auth.0007_alter_validators_add_error_messages... OK
  Applying auth.0008_alter_user_username_max_length... OK
  Applying sessions.0001_initial... OK
(django) Nathans-MacBook-Pro:single_model_orm nrp$ python3 ../manage.py startapp single_model
/Library/Frameworks/Python.framework/Versions/3.7/Resources/Python.app/Contents/MacOS/Python: can't open file '../manage.py': [Errno 2] No such file or directory
(django) Nathans-MacBook-Pro:single_model_orm nrp$ python3 manage.py shell
Python 3.7.4 (v3.7.4:e09359112e, Jul  8 2019, 14:54:52) 
[Clang 6.0 (clang-600.0.57)] on darwin
Type "help", "copyright", "credits" or "license" for more information.
(InteractiveConsole)
>>> from apps.your_app_name_here.models import *
Traceback (most recent call last):
  File "<console>", line 1, in <module>
ModuleNotFoundError: No module named 'apps.your_app_name_here'
>>> from apps.single.nodel.models import *
Traceback (most recent call last):
  File "<console>", line 1, in <module>
ModuleNotFoundError: No module named 'apps.single'
>>> from apps.single.model.models import *
Traceback (most recent call last):
  File "<console>", line 1, in <module>
ModuleNotFoundError: No module named 'apps.single'
>>> from apps.single_model.models import *
>>> ^D
now exiting InteractiveConsole...
(django) Nathans-MacBook-Pro:single_model_orm nrp$ code .
(django) Nathans-MacBook-Pro:single_model_orm nrp$ python3 manage.py makemigrations
No changes detected
(django) Nathans-MacBook-Pro:single_model_orm nrp$ python3 manage.py migrate
Operations to perform:
  Apply all migrations: admin, auth, contenttypes, sessions
Running migrations:
  No migrations to apply.
(django) Nathans-MacBook-Pro:single_model_orm nrp$ python3 manage.py shell
Python 3.7.4 (v3.7.4:e09359112e, Jul  8 2019, 14:54:52) 
[Clang 6.0 (clang-600.0.57)] on darwin
Type "help", "copyright", "credits" or "license" for more information.
(InteractiveConsole)
>>> from apps.your_app_name_here.models import *
Traceback (most recent call last):
  File "<console>", line 1, in <module>
ModuleNotFoundError: No module named 'apps.your_app_name_here'
>>> from apps.single_model.models import *
Traceback (most recent call last):
  File "<console>", line 1, in <module>
  File "/Users/nrp/DoJo/GitHub/Python_Stack/django/django_orm/single_model_orm/apps/single_model/models.py", line 3, in <module>
    class User(models.Model):
  File "/Users/nrp/DoJo/GitHub/Python_Stack/django/django_orm/single_model_orm/apps/single_model/models.py", line 8, in User
    created_at = models.datetimefield(auto_now_add=true)
AttributeError: module 'django.db.models' has no attribute 'datetimefield'
>>> from apps.single_model.models import *
Traceback (most recent call last):
  File "<console>", line 1, in <module>
  File "/Users/nrp/DoJo/GitHub/Python_Stack/django/django_orm/single_model_orm/apps/single_model/models.py", line 3, in <module>
    class User(models.Model):
  File "/Users/nrp/DoJo/GitHub/Python_Stack/django/django_orm/single_model_orm/apps/single_model/models.py", line 8, in User
    created_at = models.DateTimeField(auto_now_add=true)
NameError: name 'true' is not defined
>>> from apps.single_model.models import *
Traceback (most recent call last):
  File "<console>", line 1, in <module>
  File "/Users/nrp/DoJo/GitHub/Python_Stack/django/django_orm/single_model_orm/apps/single_model/models.py", line 3, in <module>
    class User(models.Model):
  File "/Users/nrp/DoJo/GitHub/Python_Stack/my_environments/django/lib/python3.7/site-packages/django/db/models/base.py", line 113, in __new__
    "INSTALLED_APPS." % (module, name)
RuntimeError: Model class apps.single_model.models.User doesn't declare an explicit app_label and isn't in an application in INSTALLED_APPS.
>>> from apps.single_model.models import *
Traceback (most recent call last):
  File "<console>", line 1, in <module>
  File "/Users/nrp/DoJo/GitHub/Python_Stack/django/django_orm/single_model_orm/apps/single_model/models.py", line 3, in <module>
    class User(models.Model):
  File "/Users/nrp/DoJo/GitHub/Python_Stack/my_environments/django/lib/python3.7/site-packages/django/db/models/base.py", line 113, in __new__
    "INSTALLED_APPS." % (module, name)
RuntimeError: Model class apps.single_model.models.User doesn't declare an explicit app_label and isn't in an application in INSTALLED_APPS.
>>> ^D
now exiting InteractiveConsole...
(django) Nathans-MacBook-Pro:single_model_orm nrp$ python3 manage.py makemigrations
Migrations for 'single_model':
  apps/single_model/migrations/0001_initial.py:
    - Create model User
(django) Nathans-MacBook-Pro:single_model_orm nrp$ python3 manage.py migrate
Operations to perform:
  Apply all migrations: admin, auth, contenttypes, sessions, single_model
Running migrations:
  Rendering model states... DONE
  Applying single_model.0001_initial... OK
(django) Nathans-MacBook-Pro:single_model_orm nrp$ python3 manage.py shell
Python 3.7.4 (v3.7.4:e09359112e, Jul  8 2019, 14:54:52) 
[Clang 6.0 (clang-600.0.57)] on darwin
Type "help", "copyright", "credits" or "license" for more information.
(InteractiveConsole)
>>> from apps.single_model.models import *
>>> Users.objects.create(first_name="Jim", last_name=)
  File "<console>", line 1
    Users.objects.create(first_name="Jim", last_name=)
                                                     ^
SyntaxError: invalid syntax
>>> Users.objects.create(first_name="Jim", last_name="Halpert", email_address="Jhalpert@dundermifflin.com", age=41)
Traceback (most recent call last):
  File "<console>", line 1, in <module>
NameError: name 'Users' is not defined
>>> User.objects.create(first_name="Jim", last_name="Halpert", email_address="Jhalpert@dundermifflin.com", age=41)
Traceback (most recent call last):
  File "<console>", line 1, in <module>
  File "/Users/nrp/DoJo/GitHub/Python_Stack/my_environments/django/lib/python3.7/site-packages/django/db/models/manager.py", line 85, in manager_method
    return getattr(self.get_queryset(), name)(*args, **kwargs)
  File "/Users/nrp/DoJo/GitHub/Python_Stack/my_environments/django/lib/python3.7/site-packages/django/db/models/query.py", line 397, in create
    obj = self.model(**kwargs)
  File "/Users/nrp/DoJo/GitHub/Python_Stack/my_environments/django/lib/python3.7/site-packages/django/db/models/base.py", line 555, in __init__
    raise TypeError("'%s' is an invalid keyword argument for this function" % list(kwargs)[0])
TypeError: 'email_address' is an invalid keyword argument for this function
>>> User.objects.create(first_name="Jim", last_name="Halpert", email_address="Jhalpert@dundermifflin.com", age=41)
Traceback (most recent call last):
  File "<console>", line 1, in <module>
  File "/Users/nrp/DoJo/GitHub/Python_Stack/my_environments/django/lib/python3.7/site-packages/django/db/models/manager.py", line 85, in manager_method
    return getattr(self.get_queryset(), name)(*args, **kwargs)
  File "/Users/nrp/DoJo/GitHub/Python_Stack/my_environments/django/lib/python3.7/site-packages/django/db/models/query.py", line 397, in create
    obj = self.model(**kwargs)
  File "/Users/nrp/DoJo/GitHub/Python_Stack/my_environments/django/lib/python3.7/site-packages/django/db/models/base.py", line 555, in __init__
    raise TypeError("'%s' is an invalid keyword argument for this function" % list(kwargs)[0])
TypeError: 'email_address' is an invalid keyword argument for this function
>>> ^D                                                                                        now exiting InteractiveConsole...
(django) Nathans-MacBook-Pro:single_model_orm nrp$ python3 manage.py shell
Python 3.7.4 (v3.7.4:e09359112e, Jul  8 2019, 14:54:52) 
[Clang 6.0 (clang-600.0.57)] on darwin
Type "help", "copyright", "credits" or "license" for more information.
(InteractiveConsole)
>>> from apps.single_model.models import *
>>> ^D
now exiting InteractiveConsole...
(django) Nathans-MacBook-Pro:single_model_orm nrp$ python3 manage.py makemigrations
Did you rename user.eamil_address to user.email_address (a CharField)? [y/N] y
Migrations for 'single_model':
  apps/single_model/migrations/0002_auto_20191010_1757.py:
    - Rename field eamil_address on user to email_address
(django) Nathans-MacBook-Pro:single_model_orm nrp$ python3 manage.py migrate
Operations to perform:
  Apply all migrations: admin, auth, contenttypes, sessions, single_model
Running migrations:
  Rendering model states... DONE
  Applying single_model.0002_auto_20191010_1757... OK
(django) Nathans-MacBook-Pro:single_model_orm nrp$ python3 manage.py shell
Python 3.7.4 (v3.7.4:e09359112e, Jul  8 2019, 14:54:52) 
[Clang 6.0 (clang-600.0.57)] on darwin
Type "help", "copyright", "credits" or "license" for more information.
(InteractiveConsole)
>>> from apps.single_model.models import *
>>> User.objects.create(first_name="Jim", last_name="Halpert", email_address="Jhalpert@dundermifflin.com", age=41)
<User: User object>
>>> User.objects.create(first_name="David", last_name="Rose", email_address="drose@roseapothecary.com", age=35)
<User: User object>
>>> User.objects.create(first_name="Alexis", last_name="Rose", email_address="arose@alexisrose.com", age=30)
<User: User object>
>>> user.objects.all()
Traceback (most recent call last):
  File "<console>", line 1, in <module>
NameError: name 'user' is not defined
>>> User.objects.all()
<QuerySet [<User: User object>, <User: User object>, <User: User object>]>
>>> ^D
now exiting InteractiveConsole...
(django) Nathans-MacBook-Pro:single_model_orm nrp$ python3 manage.py makemigrations
No changes detected
(django) Nathans-MacBook-Pro:single_model_orm nrp$ python3 manage.py makemigrations
No changes detected
(django) Nathans-MacBook-Pro:single_model_orm nrp$ python3 manage.py migrate
Operations to perform:
  Apply all migrations: admin, auth, contenttypes, sessions, single_model
Running migrations:
  No migrations to apply.
(django) Nathans-MacBook-Pro:single_model_orm nrp$ python3 manage.py shell
Python 3.7.4 (v3.7.4:e09359112e, Jul  8 2019, 14:54:52) 
[Clang 6.0 (clang-600.0.57)] on darwin
Type "help", "copyright", "credits" or "license" for more information.
(InteractiveConsole)
>>> from apps.single_model.models import *
>>> User.objects.all()
Traceback (most recent call last):
  File "<console>", line 1, in <module>
  File "/Users/nrp/DoJo/GitHub/Python_Stack/my_environments/django/lib/python3.7/site-packages/django/db/models/query.py", line 235, in __repr__
    return '<QuerySet %r>' % data
  File "/Users/nrp/DoJo/GitHub/Python_Stack/django/django_orm/single_model_orm/apps/single_model/models.py", line 12, in __repr__
    return f"User: {first_name} {last_name} {age}"
NameError: name 'first_name' is not defined
>>> from apps.single_model.models import *
>>> User.objects.all()
Traceback (most recent call last):
  File "<console>", line 1, in <module>
  File "/Users/nrp/DoJo/GitHub/Python_Stack/my_environments/django/lib/python3.7/site-packages/django/db/models/query.py", line 235, in __repr__
    return '<QuerySet %r>' % data
  File "/Users/nrp/DoJo/GitHub/Python_Stack/django/django_orm/single_model_orm/apps/single_model/models.py", line 12, in __repr__
    return f"User: {self.first_name} {self.last_name}, age: {self.age}"
NameError: name 'first_name' is not defined
>>> ^D
now exiting InteractiveConsole...
(django) Nathans-MacBook-Pro:single_model_orm nrp$ python3 manage.py makemigrations
No changes detected
(django) Nathans-MacBook-Pro:single_model_orm nrp$ python3 manage.py migrate
Operations to perform:
  Apply all migrations: admin, auth, contenttypes, sessions, single_model
Running migrations:
  No migrations to apply.
(django) Nathans-MacBook-Pro:single_model_orm nrp$ python3 manage.py shell
Python 3.7.4 (v3.7.4:e09359112e, Jul  8 2019, 14:54:52) 
[Clang 6.0 (clang-600.0.57)] on darwin
Type "help", "copyright", "credits" or "license" for more information.
(InteractiveConsole)
>>> from apps.single_model.models import *
>>> User.objects.all()
<QuerySet [User: Jim Halpert, age: 41, User: David Rose, age: 35, User: Alexis Rose, age: 30]>
>>> User.objects.filter(user=3)
Traceback (most recent call last):
  File "<console>", line 1, in <module>
  File "/Users/nrp/DoJo/GitHub/Python_Stack/my_environments/django/lib/python3.7/site-packages/django/db/models/manager.py", line 85, in manager_method
    return getattr(self.get_queryset(), name)(*args, **kwargs)
  File "/Users/nrp/DoJo/GitHub/Python_Stack/my_environments/django/lib/python3.7/site-packages/django/db/models/query.py", line 794, in filter
    return self._filter_or_exclude(False, *args, **kwargs)
  File "/Users/nrp/DoJo/GitHub/Python_Stack/my_environments/django/lib/python3.7/site-packages/django/db/models/query.py", line 812, in _filter_or_exclude
    clone.query.add_q(Q(*args, **kwargs))
  File "/Users/nrp/DoJo/GitHub/Python_Stack/my_environments/django/lib/python3.7/site-packages/django/db/models/sql/query.py", line 1227, in add_q
    clause, _ = self._add_q(q_object, self.used_aliases)
  File "/Users/nrp/DoJo/GitHub/Python_Stack/my_environments/django/lib/python3.7/site-packages/django/db/models/sql/query.py", line 1253, in _add_q
    allow_joins=allow_joins, split_subq=split_subq,
  File "/Users/nrp/DoJo/GitHub/Python_Stack/my_environments/django/lib/python3.7/site-packages/django/db/models/sql/query.py", line 1133, in build_filter
    lookups, parts, reffed_expression = self.solve_lookup_type(arg)
  File "/Users/nrp/DoJo/GitHub/Python_Stack/my_environments/django/lib/python3.7/site-packages/django/db/models/sql/query.py", line 1019, in solve_lookup_type
    _, field, _, lookup_parts = self.names_to_path(lookup_splitted, self.get_meta())
  File "/Users/nrp/DoJo/GitHub/Python_Stack/my_environments/django/lib/python3.7/site-packages/django/db/models/sql/query.py", line 1327, in names_to_path
    "Choices are: %s" % (name, ", ".join(available)))
django.core.exceptions.FieldError: Cannot resolve keyword 'user' into field. Choices are: age, created_at, email_address, first_name, id, last_name, updated_at
>>> User.objects.filter(3)
Traceback (most recent call last):
  File "<console>", line 1, in <module>
  File "/Users/nrp/DoJo/GitHub/Python_Stack/my_environments/django/lib/python3.7/site-packages/django/db/models/manager.py", line 85, in manager_method
    return getattr(self.get_queryset(), name)(*args, **kwargs)
  File "/Users/nrp/DoJo/GitHub/Python_Stack/my_environments/django/lib/python3.7/site-packages/django/db/models/query.py", line 794, in filter
    return self._filter_or_exclude(False, *args, **kwargs)
  File "/Users/nrp/DoJo/GitHub/Python_Stack/my_environments/django/lib/python3.7/site-packages/django/db/models/query.py", line 812, in _filter_or_exclude
    clone.query.add_q(Q(*args, **kwargs))
  File "/Users/nrp/DoJo/GitHub/Python_Stack/my_environments/django/lib/python3.7/site-packages/django/db/models/sql/query.py", line 1227, in add_q
    clause, _ = self._add_q(q_object, self.used_aliases)
  File "/Users/nrp/DoJo/GitHub/Python_Stack/my_environments/django/lib/python3.7/site-packages/django/db/models/sql/query.py", line 1253, in _add_q
    allow_joins=allow_joins, split_subq=split_subq,
  File "/Users/nrp/DoJo/GitHub/Python_Stack/my_environments/django/lib/python3.7/site-packages/django/db/models/sql/query.py", line 1130, in build_filter
    arg, value = filter_expr
TypeError: cannot unpack non-iterable int object
>>> User.objects.filter("3")
Traceback (most recent call last):
  File "<console>", line 1, in <module>
  File "/Users/nrp/DoJo/GitHub/Python_Stack/my_environments/django/lib/python3.7/site-packages/django/db/models/manager.py", line 85, in manager_method
    return getattr(self.get_queryset(), name)(*args, **kwargs)
  File "/Users/nrp/DoJo/GitHub/Python_Stack/my_environments/django/lib/python3.7/site-packages/django/db/models/query.py", line 794, in filter
    return self._filter_or_exclude(False, *args, **kwargs)
  File "/Users/nrp/DoJo/GitHub/Python_Stack/my_environments/django/lib/python3.7/site-packages/django/db/models/query.py", line 812, in _filter_or_exclude
    clone.query.add_q(Q(*args, **kwargs))
  File "/Users/nrp/DoJo/GitHub/Python_Stack/my_environments/django/lib/python3.7/site-packages/django/db/models/sql/query.py", line 1227, in add_q
    clause, _ = self._add_q(q_object, self.used_aliases)
  File "/Users/nrp/DoJo/GitHub/Python_Stack/my_environments/django/lib/python3.7/site-packages/django/db/models/sql/query.py", line 1253, in _add_q
    allow_joins=allow_joins, split_subq=split_subq,
  File "/Users/nrp/DoJo/GitHub/Python_Stack/my_environments/django/lib/python3.7/site-packages/django/db/models/sql/query.py", line 1130, in build_filter
    arg, value = filter_expr
ValueError: not enough values to unpack (expected 2, got 1)
>>> User.objects.get(id=3)
User: Alexis Rose, age: 30
>>> User.objects.get(id=1)
User: Jim Halpert, age: 41
>>> User.objects.all().order_by("first_name") - orders by field provide ascending
  File "<console>", line 1
    User.objects.all().order_by("first_name") - orders by field provide ascending
                                                        ^
SyntaxError: invalid syntax
>>> User.objects.all().order_by("first_name") 
<QuerySet [User: Alexis Rose, age: 30, User: David Rose, age: 35, User: Jim Halpert, age: 41]>
>>> User.objects.all().order_by("-first_name")
<QuerySet [User: Jim Halpert, age: 41, User: David Rose, age: 35, User: Alexis Rose, age: 30]>
>>> user_to_update = User.objects.get(id=3)
>>> user_to_update.description = "Pancakes"
>>> user_to_update.save()
>>> User.objects.get(id=3)
User: Alexis Rose, age: 30
>>> User.objects.all()
<QuerySet [User: Jim Halpert, age: 41, User: David Rose, age: 35, User: Alexis Rose, age: 30]>
>>> user_to_update = User.objects.get(id=3)
>>> user_to_update.last_name = "Pancakes"
>>> user_to_update.save()
>>> User.objects.get(id=3)
User: Alexis Pancakes, age: 30
>>> user_to_delete = User.objects.get(id=2)
>>> user_to_delete.delete()
(1, {'single_model.User': 1})
>>> User.objects.all()
<QuerySet [User: Jim Halpert, age: 41, User: Alexis Pancakes, age: 30]>
>>> ^D
now exiting InteractiveConsole...
(django) Nathans-MacBook-Pro:single_model_orm nrp$ cd ..
(django) Nathans-MacBook-Pro:django_orm nrp$ django-admn startproject dojo_and_ninjas
-bash: django-admn: command not found
(django) Nathans-MacBook-Pro:django_orm nrp$ django-admin startproject dojo_and_ninjas
(django) Nathans-MacBook-Pro:django_orm nrp$ cd dojo_and_ninjas/
(django) Nathans-MacBook-Pro:dojo_and_ninjas nrp$ mkdir apps
(django) Nathans-MacBook-Pro:dojo_and_ninjas nrp$ cd apps
(django) Nathans-MacBook-Pro:apps nrp$ cd ..
(django) Nathans-MacBook-Pro:dojo_and_ninjas nrp$ cd ..
(django) Nathans-MacBook-Pro:django_orm nrp$ django-admin startproject dojo_ninjas_proj
(django) Nathans-MacBook-Pro:django_orm nrp$ cd dojo_ninjas_proj/
(django) Nathans-MacBook-Pro:dojo_ninjas_proj nrp$ mkdir apps
(django) Nathans-MacBook-Pro:dojo_ninjas_proj nrp$ cd apps
(django) Nathans-MacBook-Pro:apps nrp$ python3 ../manage.py startapp dojo_ninjas_app
(django) Nathans-MacBook-Pro:apps nrp$ cd ..
(django) Nathans-MacBook-Pro:dojo_ninjas_proj nrp$ code .
(django) Nathans-MacBook-Pro:dojo_ninjas_proj nrp$ python3 manage.py migrate
Traceback (most recent call last):
  File "manage.py", line 22, in <module>
    execute_from_command_line(sys.argv)
  File "/Users/nrp/DoJo/GitHub/Python_Stack/my_environments/django/lib/python3.7/site-packages/django/core/management/__init__.py", line 367, in execute_from_command_line
    utility.execute()
  File "/Users/nrp/DoJo/GitHub/Python_Stack/my_environments/django/lib/python3.7/site-packages/django/core/management/__init__.py", line 341, in execute
    django.setup()
  File "/Users/nrp/DoJo/GitHub/Python_Stack/my_environments/django/lib/python3.7/site-packages/django/__init__.py", line 27, in setup
    apps.populate(settings.INSTALLED_APPS)
  File "/Users/nrp/DoJo/GitHub/Python_Stack/my_environments/django/lib/python3.7/site-packages/django/apps/registry.py", line 108, in populate
    app_config.import_models(all_models)
  File "/Users/nrp/DoJo/GitHub/Python_Stack/my_environments/django/lib/python3.7/site-packages/django/apps/config.py", line 199, in import_models
    self.models_module = import_module(models_module_name)
  File "/Library/Frameworks/Python.framework/Versions/3.7/lib/python3.7/importlib/__init__.py", line 127, in import_module
    return _bootstrap._gcd_import(name[level:], package, level)
  File "<frozen importlib._bootstrap>", line 1006, in _gcd_import
  File "<frozen importlib._bootstrap>", line 983, in _find_and_load
  File "<frozen importlib._bootstrap>", line 967, in _find_and_load_unlocked
  File "<frozen importlib._bootstrap>", line 677, in _load_unlocked
  File "<frozen importlib._bootstrap_external>", line 728, in exec_module
  File "<frozen importlib._bootstrap>", line 219, in _call_with_frames_removed
  File "/Users/nrp/DoJo/GitHub/Python_Stack/django/django_orm/dojo_ninjas_proj/apps/dojo_ninjas_app/models.py", line 3, in <module>
    class dojo(models.model):
AttributeError: module 'django.db.models' has no attribute 'model'
(django) Nathans-MacBook-Pro:dojo_ninjas_proj nrp$ python3 manage.py makemigrations
Traceback (most recent call last):
  File "manage.py", line 22, in <module>
    execute_from_command_line(sys.argv)
  File "/Users/nrp/DoJo/GitHub/Python_Stack/my_environments/django/lib/python3.7/site-packages/django/core/management/__init__.py", line 367, in execute_from_command_line
    utility.execute()
  File "/Users/nrp/DoJo/GitHub/Python_Stack/my_environments/django/lib/python3.7/site-packages/django/core/management/__init__.py", line 341, in execute
    django.setup()
  File "/Users/nrp/DoJo/GitHub/Python_Stack/my_environments/django/lib/python3.7/site-packages/django/__init__.py", line 27, in setup
    apps.populate(settings.INSTALLED_APPS)
  File "/Users/nrp/DoJo/GitHub/Python_Stack/my_environments/django/lib/python3.7/site-packages/django/apps/registry.py", line 108, in populate
    app_config.import_models(all_models)
  File "/Users/nrp/DoJo/GitHub/Python_Stack/my_environments/django/lib/python3.7/site-packages/django/apps/config.py", line 199, in import_models
    self.models_module = import_module(models_module_name)
  File "/Library/Frameworks/Python.framework/Versions/3.7/lib/python3.7/importlib/__init__.py", line 127, in import_module
    return _bootstrap._gcd_import(name[level:], package, level)
  File "<frozen importlib._bootstrap>", line 1006, in _gcd_import
  File "<frozen importlib._bootstrap>", line 983, in _find_and_load
  File "<frozen importlib._bootstrap>", line 967, in _find_and_load_unlocked
  File "<frozen importlib._bootstrap>", line 677, in _load_unlocked
  File "<frozen importlib._bootstrap_external>", line 728, in exec_module
  File "<frozen importlib._bootstrap>", line 219, in _call_with_frames_removed
  File "/Users/nrp/DoJo/GitHub/Python_Stack/django/django_orm/dojo_ninjas_proj/apps/dojo_ninjas_app/models.py", line 3, in <module>
    class dojo(models.model):
AttributeError: module 'django.db.models' has no attribute 'model'
(django) Nathans-MacBook-Pro:dojo_ninjas_proj nrp$ python3 manage.py migrate
Traceback (most recent call last):
  File "manage.py", line 22, in <module>
    execute_from_command_line(sys.argv)
  File "/Users/nrp/DoJo/GitHub/Python_Stack/my_environments/django/lib/python3.7/site-packages/django/core/management/__init__.py", line 367, in execute_from_command_line
    utility.execute()
  File "/Users/nrp/DoJo/GitHub/Python_Stack/my_environments/django/lib/python3.7/site-packages/django/core/management/__init__.py", line 341, in execute
    django.setup()
  File "/Users/nrp/DoJo/GitHub/Python_Stack/my_environments/django/lib/python3.7/site-packages/django/__init__.py", line 27, in setup
    apps.populate(settings.INSTALLED_APPS)
  File "/Users/nrp/DoJo/GitHub/Python_Stack/my_environments/django/lib/python3.7/site-packages/django/apps/registry.py", line 108, in populate
    app_config.import_models(all_models)
  File "/Users/nrp/DoJo/GitHub/Python_Stack/my_environments/django/lib/python3.7/site-packages/django/apps/config.py", line 199, in import_models
    self.models_module = import_module(models_module_name)
  File "/Library/Frameworks/Python.framework/Versions/3.7/lib/python3.7/importlib/__init__.py", line 127, in import_module
    return _bootstrap._gcd_import(name[level:], package, level)
  File "<frozen importlib._bootstrap>", line 1006, in _gcd_import
  File "<frozen importlib._bootstrap>", line 983, in _find_and_load
  File "<frozen importlib._bootstrap>", line 967, in _find_and_load_unlocked
  File "<frozen importlib._bootstrap>", line 677, in _load_unlocked
  File "<frozen importlib._bootstrap_external>", line 728, in exec_module
  File "<frozen importlib._bootstrap>", line 219, in _call_with_frames_removed
  File "/Users/nrp/DoJo/GitHub/Python_Stack/django/django_orm/dojo_ninjas_proj/apps/dojo_ninjas_app/models.py", line 3, in <module>
    class dojo(models.model):
AttributeError: module 'django.db.models' has no attribute 'model'
(django) Nathans-MacBook-Pro:dojo_ninjas_proj nrp$ python3 manage.py migrate
Traceback (most recent call last):
  File "manage.py", line 22, in <module>
    execute_from_command_line(sys.argv)
  File "/Users/nrp/DoJo/GitHub/Python_Stack/my_environments/django/lib/python3.7/site-packages/django/core/management/__init__.py", line 367, in execute_from_command_line
    utility.execute()
  File "/Users/nrp/DoJo/GitHub/Python_Stack/my_environments/django/lib/python3.7/site-packages/django/core/management/__init__.py", line 341, in execute
    django.setup()
  File "/Users/nrp/DoJo/GitHub/Python_Stack/my_environments/django/lib/python3.7/site-packages/django/__init__.py", line 27, in setup
    apps.populate(settings.INSTALLED_APPS)
  File "/Users/nrp/DoJo/GitHub/Python_Stack/my_environments/django/lib/python3.7/site-packages/django/apps/registry.py", line 108, in populate
    app_config.import_models(all_models)
  File "/Users/nrp/DoJo/GitHub/Python_Stack/my_environments/django/lib/python3.7/site-packages/django/apps/config.py", line 199, in import_models
    self.models_module = import_module(models_module_name)
  File "/Library/Frameworks/Python.framework/Versions/3.7/lib/python3.7/importlib/__init__.py", line 127, in import_module
    return _bootstrap._gcd_import(name[level:], package, level)
  File "<frozen importlib._bootstrap>", line 1006, in _gcd_import
  File "<frozen importlib._bootstrap>", line 983, in _find_and_load
  File "<frozen importlib._bootstrap>", line 967, in _find_and_load_unlocked
  File "<frozen importlib._bootstrap>", line 677, in _load_unlocked
  File "<frozen importlib._bootstrap_external>", line 728, in exec_module
  File "<frozen importlib._bootstrap>", line 219, in _call_with_frames_removed
  File "/Users/nrp/DoJo/GitHub/Python_Stack/django/django_orm/dojo_ninjas_proj/apps/dojo_ninjas_app/models.py", line 14, in <module>
    class ninjas(models.model):
AttributeError: module 'django.db.models' has no attribute 'model'
(django) Nathans-MacBook-Pro:dojo_ninjas_proj nrp$ python3 manage.py migrate
Operations to perform:
  Apply all migrations: admin, auth, contenttypes, sessions
Running migrations:
  Rendering model states... DONE
  Applying contenttypes.0001_initial... OK
  Applying auth.0001_initial... OK
  Applying admin.0001_initial... OK
  Applying admin.0002_logentry_remove_auto_add... OK
  Applying contenttypes.0002_remove_content_type_name... OK
  Applying auth.0002_alter_permission_name_max_length... OK
  Applying auth.0003_alter_user_email_max_length... OK
  Applying auth.0004_alter_user_username_opts... OK
  Applying auth.0005_alter_user_last_login_null... OK
  Applying auth.0006_require_contenttypes_0002... OK
  Applying auth.0007_alter_validators_add_error_messages... OK
  Applying auth.0008_alter_user_username_max_length... OK
  Applying sessions.0001_initial... OK
(django) Nathans-MacBook-Pro:dojo_ninjas_proj nrp$ python3 manage.py makemigrations
Migrations for 'dojo_ninjas_app':
  apps/dojo_ninjas_app/migrations/0001_initial.py:
    - Create model dojo
    - Create model ninjas
(django) Nathans-MacBook-Pro:dojo_ninjas_proj nrp$ python3 manage.py shell
Python 3.7.4 (v3.7.4:e09359112e, Jul  8 2019, 14:54:52) 
[Clang 6.0 (clang-600.0.57)] on darwin
Type "help", "copyright", "credits" or "license" for more information.
(InteractiveConsole)
>>> dojo.objects.create(name="Dojo House", city="Oakland", state="CA")
Traceback (most recent call last):
  File "<console>", line 1, in <module>
NameError: name 'dojo' is not defined
>>> Dojo.objects.create(name="Dojo House", city="Oakland", state="CA")
Traceback (most recent call last):
  File "<console>", line 1, in <module>
NameError: name 'Dojo' is not defined
>>> ^D
now exiting InteractiveConsole...
(django) Nathans-MacBook-Pro:dojo_ninjas_proj nrp$ python3 manage.py migrate
Operations to perform:
  Apply all migrations: admin, auth, contenttypes, dojo_ninjas_app, sessions
Running migrations:
  Rendering model states... DONE
  Applying dojo_ninjas_app.0001_initial... OK
(django) Nathans-MacBook-Pro:dojo_ninjas_proj nrp$ python3 manage.py makemigrations
No changes detected
(django) Nathans-MacBook-Pro:dojo_ninjas_proj nrp$ python3 manage.py shell
Python 3.7.4 (v3.7.4:e09359112e, Jul  8 2019, 14:54:52) 
[Clang 6.0 (clang-600.0.57)] on darwin
Type "help", "copyright", "credits" or "license" for more information.
(InteractiveConsole)
>>> Dojo.objects.create(name="Dojo House", city="Oakland", state="CA")
Traceback (most recent call last):
  File "<console>", line 1, in <module>
NameError: name 'Dojo' is not defined
>>> Dojo.objects.create(name="Dojo_House", city="Oakland", state="CA")
Traceback (most recent call last):
  File "<console>", line 1, in <module>
NameError: name 'Dojo' is not defined
>>> Dojo.objects.create(name="Dojo House", city="Oakland", state="CA")
Traceback (most recent call last):
  File "<console>", line 1, in <module>
NameError: name 'Dojo' is not defined
>>> from apps.single_model.models import *
Traceback (most recent call last):
  File "<console>", line 1, in <module>
ModuleNotFoundError: No module named 'apps.single_model'
>>> from apps.dojo_ninjas_app import *
>>> Dojo.objects.create(name="Dojo House", city="Oakland", state="CA")
Traceback (most recent call last):
  File "<console>", line 1, in <module>
NameError: name 'Dojo' is not defined
>>> from apps.dojo_ninjas_app.models import *
>>> Dojo.objects.create(name="Dojo House", city="Oakland", state="CA")
Dojo: Dojo House - Oakland, CA.
>>> Dojo.objects.create(name="Dojo Cafe", city="Seattle", state="WA")
Dojo: Dojo Cafe - Seattle, WA.
>>> Dojo.objects.create(name="Dojo Tower", city="Chicago", state="IL")
Dojo: Dojo Tower - Chicago, IL.
>>> Dojo.objects.all()
<QuerySet [Dojo: Dojo House - Oakland, CA., Dojo: Dojo Cafe - Seattle, WA., Dojo: Dojo Tower - Chicago, IL.]>
>>> Ninjas.objects.create(first_name="Jim", last_name="Halpert")
Dojo: Jim, Halpert
>>> Ninjas.objects.create(first_name="Jim", last_name="Halpert")
Dojo: Jim, Halpert
>>> ^D
now exiting InteractiveConsole...
(django) Nathans-MacBook-Pro:dojo_ninjas_proj nrp$ python3 manage.py migrate
Operations to perform:
  Apply all migrations: admin, auth, contenttypes, dojo_ninjas_app, sessions
Running migrations:
  No migrations to apply.
(django) Nathans-MacBook-Pro:dojo_ninjas_proj nrp$ python3 manage.py makemigrations
No changes detected
(django) Nathans-MacBook-Pro:dojo_ninjas_proj nrp$ python3 manage.py shell
Python 3.7.4 (v3.7.4:e09359112e, Jul  8 2019, 14:54:52) 
[Clang 6.0 (clang-600.0.57)] on darwin
Type "help", "copyright", "credits" or "license" for more information.
(InteractiveConsole)
>>> from apps.dojo_ninjas_app import *
>>> ^D
now exiting InteractiveConsole...
(django) Nathans-MacBook-Pro:dojo_ninjas_proj nrp$ python3 manage.py migrate
Operations to perform:
  Apply all migrations: admin, auth, contenttypes, dojo_ninjas_app, sessions
Running migrations:
  No migrations to apply.
(django) Nathans-MacBook-Pro:dojo_ninjas_proj nrp$ python3 manage.py makemigrations
No changes detected
(django) Nathans-MacBook-Pro:dojo_ninjas_proj nrp$ python3 manage.py shell
Python 3.7.4 (v3.7.4:e09359112e, Jul  8 2019, 14:54:52) 
[Clang 6.0 (clang-600.0.57)] on darwin
Type "help", "copyright", "credits" or "license" for more information.
(InteractiveConsole)
>>> from apps.dojo_ninjas_app.models import *
>>> Dojo.objects.create(name="Dojo House", city="Oakland", state="CA")
Dojo: Dojo House - Oakland, CA.
>>> Dojo.objects.create(name="Dojo Cafe", city="Seattle", state="WA")
Dojo: Dojo Cafe - Seattle, WA.
>>> Dojo.objects.create(name="Dojo Tower", city="Chicago", state="IL")
Dojo: Dojo Tower - Chicago, IL.
>>> Ninjas.objects.create(first_name="Jim", last_name="Halpert")
Ninja: Jim, Halpert
>>> Ninjas.objects.create(first_name="Michael", last_name="Scott")
Ninja: Michael, Scott
>>> Ninjas.objects.create(first_name="Dwight", last_name="Schrute")
Ninja: Dwight, Schrute
>>> Dojo.objects.all()
<QuerySet [Dojo: Dojo House - Oakland, CA., Dojo: Dojo Cafe - Seattle, WA., Dojo: Dojo Tower - Chicago, IL., Dojo: Dojo House - Oakland, CA., Dojo: Dojo Cafe - Seattle, WA., Dojo: Dojo Tower - Chicago, IL.]>
>>> Ninjas.objects.all()
<QuerySet [Ninja: Jim, Halpert, Ninja: Jim, Halpert, Ninja: Jim, Halpert, Ninja: Michael, Scott, Ninja: Dwight, Schrute]>
>>> dojo_to_delete = Dojo.object.get(id=1, 2, 3)
  File "<console>", line 1
SyntaxError: positional argument follows keyword argument
>>> dojo_to_delete = Dojo.object.get(id=1)
Traceback (most recent call last):
  File "<console>", line 1, in <module>
AttributeError: type object 'Dojo' has no attribute 'object'
>>> dojo_to_delete = Dojo.objects.get(id=1)
>>> dojo_to_delete.delete()
(1, {'dojo_ninjas_app.Dojo': 1})
>>> Ninjas.objects.all()
<QuerySet [Ninja: Jim, Halpert, Ninja: Jim, Halpert, Ninja: Jim, Halpert, Ninja: Michael, Scott, Ninja: Dwight, Schrute]>
>>> Dojo.objects.all()
<QuerySet [Dojo: Dojo Cafe - Seattle, WA., Dojo: Dojo Tower - Chicago, IL., Dojo: Dojo House - Oakland, CA., Dojo: Dojo Cafe - Seattle, WA., Dojo: Dojo Tower - Chicago, IL.]>
>>> dojo_to_delete = Dojo.objects.get(id=2)
>>> dojo_to_delete.delete()
(1, {'dojo_ninjas_app.Dojo': 1})
>>> Dojo.objects.all()
<QuerySet [Dojo: Dojo Tower - Chicago, IL., Dojo: Dojo House - Oakland, CA., Dojo: Dojo Cafe - Seattle, WA., Dojo: Dojo Tower - Chicago, IL.]>
>>> dojo_to_delete = Dojo.objects.get(id=3)
>>> dojo_to_delete.delete()
(1, {'dojo_ninjas_app.Dojo': 1})
>>> dojo_to_delete = Dojo.objects.get(id=4)
>>> dojo_to_delete.delete()
(1, {'dojo_ninjas_app.Dojo': 1})
>>> dojo_to_delete = Dojo.objects.get(id=5)
>>> dojo_to_delete.delete()
(1, {'dojo_ninjas_app.Dojo': 1})
>>> Dojo.objects.all()
<QuerySet [Dojo: Dojo Tower - Chicago, IL.]>
>>> dojo_to_delete = Dojo.objects.get(id=6)
>>> dojo_to_delete.delete()
(1, {'dojo_ninjas_app.Dojo': 1})
>>> Dojo.objects.all()
<QuerySet []>
>>> ninjas.objects.all()
Traceback (most recent call last):
  File "<console>", line 1, in <module>
NameError: name 'ninjas' is not defined
>>> Ninjas.objects.all()
<QuerySet [Ninja: Jim, Halpert, Ninja: Jim, Halpert, Ninja: Jim, Halpert, Ninja: Michael, Scott, Ninja: Dwight, Schrute]>
>>> ninja_to_delete = Ninjas.objects.get(id=6)
Traceback (most recent call last):
  File "<console>", line 1, in <module>
  File "/Users/nrp/DoJo/GitHub/Python_Stack/my_environments/django/lib/python3.7/site-packages/django/db/models/manager.py", line 85, in manager_method
    return getattr(self.get_queryset(), name)(*args, **kwargs)
  File "/Users/nrp/DoJo/GitHub/Python_Stack/my_environments/django/lib/python3.7/site-packages/django/db/models/query.py", line 385, in get
    self.model._meta.object_name
apps.dojo_ninjas_app.models.DoesNotExist: Ninjas matching query does not exist.
>>> ninja_to_delete = Ninjas.objects.get(id=5)
>>> ninja_to_delete.delete()
(1, {'dojo_ninjas_app.Ninjas': 1})
>>> ninja_to_delete = Ninjas.objects.get(id=4)
>>> ninja_to_delete.delete()
(1, {'dojo_ninjas_app.Ninjas': 1})
>>> Ninjas.objects.all()
<QuerySet [Ninja: Jim, Halpert, Ninja: Jim, Halpert, Ninja: Jim, Halpert]>
>>> ninja_to_delete = Ninjas.objects.get(id=3)
>>> ninja_to_delete = Ninjas.objects.get(id=4)
Traceback (most recent call last):
  File "<console>", line 1, in <module>
  File "/Users/nrp/DoJo/GitHub/Python_Stack/my_environments/django/lib/python3.7/site-packages/django/db/models/manager.py", line 85, in manager_method
    return getattr(self.get_queryset(), name)(*args, **kwargs)
  File "/Users/nrp/DoJo/GitHub/Python_Stack/my_environments/django/lib/python3.7/site-packages/django/db/models/query.py", line 385, in get
    self.model._meta.object_name
apps.dojo_ninjas_app.models.DoesNotExist: Ninjas matching query does not exist.
>>> ninja_to_delete.delete()
(1, {'dojo_ninjas_app.Ninjas': 1})
>>> ninja_to_delete = Ninjas.objects.get(id=2)
>>> ninja_to_delete = Ninjas.objects.get(id=1)
>>> ninja_to_delete.delete()
(1, {'dojo_ninjas_app.Ninjas': 1})
>>> Ninjas.objects.all()
<QuerySet [Ninja: Jim, Halpert]>
>>> ninja_to_delete = Ninjas.objects.get(id=2)
>>> ninja_to_delete.delete()
(1, {'dojo_ninjas_app.Ninjas': 1})
>>> Ninjas.objects.all()
<QuerySet []>
>>> Dojo.objects.create(name="Dojo Canyon", city="Mesa", state="AZ")
Dojo: Dojo Canyon - Mesa, AZ.
>>> Dojo.objects.create(name="Dojo Ranch", city="Rosebud", state="TX")
Dojo: Dojo Ranch - Rosebud, TX.
>>> Dojo.objects.create(name="Dojo Crater", city="Kona", state="HI")
Dojo: Dojo Crater - Kona, HI.
>>> Ninjas.objects.create(first_name="Dwight", last_name="Schrute")
Ninja: Dwight, Schrute
>>> ninja_to_delete = Ninjas.objects.get(id=1)
Traceback (most recent call last):
  File "<console>", line 1, in <module>
  File "/Users/nrp/DoJo/GitHub/Python_Stack/my_environments/django/lib/python3.7/site-packages/django/db/models/manager.py", line 85, in manager_method
    return getattr(self.get_queryset(), name)(*args, **kwargs)
  File "/Users/nrp/DoJo/GitHub/Python_Stack/my_environments/django/lib/python3.7/site-packages/django/db/models/query.py", line 385, in get
    self.model._meta.object_name
apps.dojo_ninjas_app.models.DoesNotExist: Ninjas matching query does not exist.
>>> Ninjas.objects.all()
<QuerySet [Ninja: Dwight, Schrute]>
>>> ninja_to_delete = Ninjas.objects.get(id=7)
Traceback (most recent call last):
  File "<console>", line 1, in <module>
  File "/Users/nrp/DoJo/GitHub/Python_Stack/my_environments/django/lib/python3.7/site-packages/django/db/models/manager.py", line 85, in manager_method
    return getattr(self.get_queryset(), name)(*args, **kwargs)
  File "/Users/nrp/DoJo/GitHub/Python_Stack/my_environments/django/lib/python3.7/site-packages/django/db/models/query.py", line 385, in get
    self.model._meta.object_name
apps.dojo_ninjas_app.models.DoesNotExist: Ninjas matching query does not exist.
>>> ninja_to_delete = Ninjas.objects.get(id=2)
Traceback (most recent call last):
  File "<console>", line 1, in <module>
  File "/Users/nrp/DoJo/GitHub/Python_Stack/my_environments/django/lib/python3.7/site-packages/django/db/models/manager.py", line 85, in manager_method
    return getattr(self.get_queryset(), name)(*args, **kwargs)
  File "/Users/nrp/DoJo/GitHub/Python_Stack/my_environments/django/lib/python3.7/site-packages/django/db/models/query.py", line 385, in get
    self.model._meta.object_name
apps.dojo_ninjas_app.models.DoesNotExist: Ninjas matching query does not exist.
>>> ninja_to_delete = Ninjas.objects.get(id=3)
Traceback (most recent call last):
  File "<console>", line 1, in <module>
  File "/Users/nrp/DoJo/GitHub/Python_Stack/my_environments/django/lib/python3.7/site-packages/django/db/models/manager.py", line 85, in manager_method
    return getattr(self.get_queryset(), name)(*args, **kwargs)
  File "/Users/nrp/DoJo/GitHub/Python_Stack/my_environments/django/lib/python3.7/site-packages/django/db/models/query.py", line 385, in get
    self.model._meta.object_name
apps.dojo_ninjas_app.models.DoesNotExist: Ninjas matching query does not exist.
>>> first_dojo=Dojo.objects.first()
>>> first_dojo
Dojo: Dojo Canyon - Mesa, AZ.
>>> 
